<?xml version="1.0" encoding="UTF-8"?>
<!-- Generated by org.testng.reporters.JUnitXMLReporter -->
<testsuite ignored="0" hostname="LAPTOP-M8JD7HBK" failures="0" tests="22" name="Surefire test" time="29.347" errors="0" timestamp="2026-03-30T09:17:06 IST">
  <testcase classname="com.ananda.web.admin.tests.AccessManagementTest" name="verifyAccessManagementPageLoads" time="0.026"/>
  <testcase classname="com.ananda.web.admin.tests.AccessManagementTest" name="verifyUserRoleDropdownVisible" time="0.029"/>
  <testcase classname="com.ananda.web.admin.tests.AccessManagementTest" name="verifyRoleDropdownHasOptions" time="2.798"/>
  <testcase classname="com.ananda.web.admin.tests.AccessManagementTest" name="verifyRoleOptionsAvailable" time="0.861"/>
  <testcase classname="com.ananda.web.admin.tests.AccessManagementTest" name="verifyEmptyPromptBeforeSelectionOrLoadedState" time="0.045"/>
  <testcase classname="com.ananda.web.admin.tests.AccessManagementTest" name="verifySelectRoleLoadsPermissionMatrix" time="0.001"/>
  <testcase classname="com.ananda.web.admin.tests.AccessManagementTest" name="verifyCommonPermissionModulesVisible" time="0.101"/>
  <testcase classname="com.ananda.web.admin.tests.AccessManagementTest" name="verifyPermissionValuesAllowedSet" time="0.156"/>
  <testcase classname="com.ananda.web.admin.tests.AccessManagementTest" name="verifyPermissionDropdownsInteractable" time="0.131"/>
  <testcase classname="com.ananda.web.admin.tests.AccessManagementTest" name="verifyCanOpenAnyPermissionDropdown" time="0.189"/>
  <testcase classname="com.ananda.web.admin.tests.AccessManagementTest" name="verifyRoleSwitchChangesContext" time="0.003"/>
  <testcase classname="com.ananda.web.admin.tests.AccessManagementTest" name="verifyRoleSelectionPersistsAcrossRefresh" time="0.005"/>
  <testcase classname="com.ananda.web.admin.tests.AccessManagementTest" name="verifyPermissionUpdateOptional" time="0.002"/>
  <testcase classname="com.ananda.web.admin.tests.AccessManagementTest" name="verifyScrollAndUiStability" time="0.247"/>
  <testcase classname="com.ananda.web.admin.tests.AccessManagementTest" name="verifyLastPermissionControlUsableAfterScroll" time="0.147"/>
  <testcase classname="com.ananda.web.admin.tests.AccessManagementTest" name="verifyNoDuplicatePermissionRows" time="0.287"/>
  <testcase classname="com.ananda.web.admin.tests.AccessManagementTest" name="verifyInvalidRoleSelectionHandled" time="0.756"/>
  <testcase classname="com.ananda.web.admin.tests.AccessManagementTest" name="verifyRapidRoleSwitchStability" time="0.588"/>
  <testcase classname="com.ananda.web.admin.tests.AccessManagementTest" name="verifyNoBlankPermissionValuesAfterRoleSelection" time="0.001"/>
  <testcase classname="com.ananda.web.admin.tests.AccessManagementTest" name="verifySpecialCharacterRoleSearchStability" time="0.599"/>
  <testcase classname="com.ananda.web.admin.tests.AccessManagementTest" name="verifyVeryLongRoleSearchStability" time="0.938"/>
  <testcase classname="com.ananda.web.admin.tests.AccessManagementTest" name="verifyRefreshAfterInvalidSelectionStability" time="1.634"/>
</testsuite> <!-- Surefire test -->
