<?xml version="1.0" encoding="UTF-8"?>
<!-- Generated by org.testng.reporters.JUnitXMLReporter -->
<testsuite ignored="0" hostname="LAPTOP-M8JD7HBK" failures="0" tests="3" name="Recipe Collection Tests" time="2.306" errors="0" timestamp="2026-02-24T14:51:43 IST">
  <testcase classname="com.ananda.web.admin.tests.RecipeCollectionTest" name="verifyRecipeCollectionTabLoads" time="0.0">
    <skipped/>
  </testcase> <!-- verifyRecipeCollectionTabLoads -->
  <testcase classname="com.ananda.web.admin.tests.RecipeCollectionTest" name="verifySearchRecipeCollection" time="0.0">
    <skipped/>
  </testcase> <!-- verifySearchRecipeCollection -->
  <testcase classname="com.ananda.web.admin.tests.RecipeCollectionTest" name="verifyViewRecipeCollection" time="0.0">
    <skipped/>
  </testcase> <!-- verifyViewRecipeCollection -->
</testsuite> <!-- Recipe Collection Tests -->
