<?xml version="1.0" encoding="UTF-8"?>
<testng-results ignored="0" total="403" passed="393" failed="10" skipped="0">
  <reporter-output>
  </reporter-output>
  <suite started-at="2026-03-20T23:53:41 IST" name="Ananda Suite" finished-at="2026-03-21T00:20:14 IST" duration-ms="1592896">
    <groups>
      <group name="Programs">
        <method signature="ProgramsTest.verifyProgramsButton()[pri:1, instance:com.ananda.web.admin.tests.ProgramsTest@3daa422a]" name="verifyProgramsButton" class="com.ananda.web.admin.tests.ProgramsTest"/>
        <method signature="ProgramsTest.verifyFilterByLevel()[pri:2, instance:com.ananda.web.admin.tests.ProgramsTest@3daa422a]" name="verifyFilterByLevel" class="com.ananda.web.admin.tests.ProgramsTest"/>
        <method signature="ProgramsTest.verifyDurationRange()[pri:3, instance:com.ananda.web.admin.tests.ProgramsTest@3daa422a]" name="verifyDurationRange" class="com.ananda.web.admin.tests.ProgramsTest"/>
        <method signature="ProgramsTest.verifySearchFeature()[pri:4, instance:com.ananda.web.admin.tests.ProgramsTest@3daa422a]" name="verifySearchFeature" class="com.ananda.web.admin.tests.ProgramsTest"/>
        <method signature="ProgramsTest.verifyStatusSelection()[pri:5, instance:com.ananda.web.admin.tests.ProgramsTest@3daa422a]" name="verifyStatusSelection" class="com.ananda.web.admin.tests.ProgramsTest"/>
        <method signature="ProgramsTest.verifySearchProgram1()[pri:6, instance:com.ananda.web.admin.tests.ProgramsTest@3daa422a]" name="verifySearchProgram1" class="com.ananda.web.admin.tests.ProgramsTest"/>
        <method signature="ProgramsTest.verifyViewProgram()[pri:7, instance:com.ananda.web.admin.tests.ProgramsTest@3daa422a]" name="verifyViewProgram" class="com.ananda.web.admin.tests.ProgramsTest"/>
        <method signature="ProgramsTest.verifyDetailStatusChange()[pri:8, instance:com.ananda.web.admin.tests.ProgramsTest@3daa422a]" name="verifyDetailStatusChange" class="com.ananda.web.admin.tests.ProgramsTest"/>
        <method signature="ProgramsTest.verifyEditRequest()[pri:9, instance:com.ananda.web.admin.tests.ProgramsTest@3daa422a]" name="verifyEditRequest" class="com.ananda.web.admin.tests.ProgramsTest"/>
        <method signature="ProgramsTest.verifyCancelEdit()[pri:10, instance:com.ananda.web.admin.tests.ProgramsTest@3daa422a]" name="verifyCancelEdit" class="com.ananda.web.admin.tests.ProgramsTest"/>
        <method signature="ProgramsTest.verifyBreadcrumb()[pri:11, instance:com.ananda.web.admin.tests.ProgramsTest@3daa422a]" name="verifyBreadcrumb" class="com.ananda.web.admin.tests.ProgramsTest"/>
        <method signature="ProgramsTest.verifyProgramTableHeaders()[pri:12, instance:com.ananda.web.admin.tests.ProgramsTest@3daa422a]" name="verifyProgramTableHeaders" class="com.ananda.web.admin.tests.ProgramsTest"/>
        <method signature="ProgramsTest.verifyViewProgramFieldVisibility()[pri:13, instance:com.ananda.web.admin.tests.ProgramsTest@3daa422a]" name="verifyViewProgramFieldVisibility" class="com.ananda.web.admin.tests.ProgramsTest"/>
        <method signature="ProgramsTest.verifyRequestForEditModalFields()[pri:14, instance:com.ananda.web.admin.tests.ProgramsTest@3daa422a]" name="verifyRequestForEditModalFields" class="com.ananda.web.admin.tests.ProgramsTest"/>
        <method signature="ProgramsTest.verifySearchWithInvalidKeyword()[pri:15, instance:com.ananda.web.admin.tests.ProgramsTest@3daa422a]" name="verifySearchWithInvalidKeyword" class="com.ananda.web.admin.tests.ProgramsTest"/>
        <method signature="ProgramsTest.verifyInvalidDurationRange()[pri:16, instance:com.ananda.web.admin.tests.ProgramsTest@3daa422a]" name="verifyInvalidDurationRange" class="com.ananda.web.admin.tests.ProgramsTest"/>
        <method signature="ProgramsTest.verifyNoViewActionWhenNoResults()[pri:17, instance:com.ananda.web.admin.tests.ProgramsTest@3daa422a]" name="verifyNoViewActionWhenNoResults" class="com.ananda.web.admin.tests.ProgramsTest"/>
        <method signature="ProgramsTest.verifySearchWithSpecialCharacterKeyword()[pri:18, instance:com.ananda.web.admin.tests.ProgramsTest@3daa422a]" name="verifySearchWithSpecialCharacterKeyword" class="com.ananda.web.admin.tests.ProgramsTest"/>
        <method signature="ProgramsTest.verifySearchWithVeryLongInvalidKeyword()[pri:19, instance:com.ananda.web.admin.tests.ProgramsTest@3daa422a]" name="verifySearchWithVeryLongInvalidKeyword" class="com.ananda.web.admin.tests.ProgramsTest"/>
        <method signature="ProgramsTest.verifyMinGreaterThanMaxDuration()[pri:20, instance:com.ananda.web.admin.tests.ProgramsTest@3daa422a]" name="verifyMinGreaterThanMaxDuration" class="com.ananda.web.admin.tests.ProgramsTest"/>
      </group> <!-- Programs -->
      <group name="GuestUser">
        <method signature="GuestUserTest.verifyGuestUserPageLoads()[pri:1, instance:com.ananda.web.admin.tests.GuestUserTest@5e0826e7]" name="verifyGuestUserPageLoads" class="com.ananda.web.admin.tests.GuestUserTest"/>
        <method signature="GuestUserTest.verifySearchGuestUser()[pri:2, instance:com.ananda.web.admin.tests.GuestUserTest@5e0826e7]" name="verifySearchGuestUser" class="com.ananda.web.admin.tests.GuestUserTest"/>
        <method signature="GuestUserTest.verifyGuestUserTableHeaders()[pri:3, instance:com.ananda.web.admin.tests.GuestUserTest@5e0826e7]" name="verifyGuestUserTableHeaders" class="com.ananda.web.admin.tests.GuestUserTest"/>
        <method signature="GuestUserTest.verifyGuestUserFilterControlsVisible()[pri:4, instance:com.ananda.web.admin.tests.GuestUserTest@5e0826e7]" name="verifyGuestUserFilterControlsVisible" class="com.ananda.web.admin.tests.GuestUserTest"/>
        <method signature="GuestUserTest.verifyEmailColumnFormat()[pri:5, instance:com.ananda.web.admin.tests.GuestUserTest@5e0826e7]" name="verifyEmailColumnFormat" class="com.ananda.web.admin.tests.GuestUserTest"/>
        <method signature="GuestUserTest.verifyStartEndDateFormat()[pri:6, instance:com.ananda.web.admin.tests.GuestUserTest@5e0826e7]" name="verifyStartEndDateFormat" class="com.ananda.web.admin.tests.GuestUserTest"/>
        <method signature="GuestUserTest.verifyStatusColumnValues()[pri:7, instance:com.ananda.web.admin.tests.GuestUserTest@5e0826e7]" name="verifyStatusColumnValues" class="com.ananda.web.admin.tests.GuestUserTest"/>
        <method signature="GuestUserTest.verifyOtpColumnToggleVisibility()[pri:8, instance:com.ananda.web.admin.tests.GuestUserTest@5e0826e7]" name="verifyOtpColumnToggleVisibility" class="com.ananda.web.admin.tests.GuestUserTest"/>
        <method signature="GuestUserTest.verifyViewGuestUser()[pri:9, instance:com.ananda.web.admin.tests.GuestUserTest@5e0826e7]" name="verifyViewGuestUser" class="com.ananda.web.admin.tests.GuestUserTest"/>
        <method signature="GuestUserTest.verifyGuestUserBreadcrumbNavigation()[pri:10, instance:com.ananda.web.admin.tests.GuestUserTest@5e0826e7]" name="verifyGuestUserBreadcrumbNavigation" class="com.ananda.web.admin.tests.GuestUserTest"/>
        <method signature="GuestUserTest.verifyEditGuestUserFields()[pri:11, instance:com.ananda.web.admin.tests.GuestUserTest@5e0826e7]" name="verifyEditGuestUserFields" class="com.ananda.web.admin.tests.GuestUserTest"/>
        <method signature="GuestUserTest.verifyDeleteConfirmationPopup()[pri:12, instance:com.ananda.web.admin.tests.GuestUserTest@5e0826e7]" name="verifyDeleteConfirmationPopup" class="com.ananda.web.admin.tests.GuestUserTest"/>
        <method signature="GuestUserTest.verifyInvalidSearchShowsNoResult()[pri:13, instance:com.ananda.web.admin.tests.GuestUserTest@5e0826e7]" name="verifyInvalidSearchShowsNoResult" class="com.ananda.web.admin.tests.GuestUserTest"/>
        <method signature="GuestUserTest.verifyNoViewActionWhenNoSearchResult()[pri:14, instance:com.ananda.web.admin.tests.GuestUserTest@5e0826e7]" name="verifyNoViewActionWhenNoSearchResult" class="com.ananda.web.admin.tests.GuestUserTest"/>
      </group> <!-- GuestUser -->
      <group name="Testimonials">
        <method signature="TestimonialsTest.verifyTestimonialsTabLoads()[pri:1, instance:com.ananda.web.admin.tests.TestimonialsTest@7b98f307]" name="verifyTestimonialsTabLoads" class="com.ananda.web.admin.tests.TestimonialsTest"/>
        <method signature="TestimonialsTest.verifySearchControlVisible()[pri:2, instance:com.ananda.web.admin.tests.TestimonialsTest@7b98f307]" name="verifySearchControlVisible" class="com.ananda.web.admin.tests.TestimonialsTest"/>
        <method signature="TestimonialsTest.verifyDateFilterControlsVisible()[pri:3, instance:com.ananda.web.admin.tests.TestimonialsTest@7b98f307]" name="verifyDateFilterControlsVisible" class="com.ananda.web.admin.tests.TestimonialsTest"/>
        <method signature="TestimonialsTest.verifyTestimonialsTableHeaders()[pri:4, instance:com.ananda.web.admin.tests.TestimonialsTest@7b98f307]" name="verifyTestimonialsTableHeaders" class="com.ananda.web.admin.tests.TestimonialsTest"/>
        <method signature="TestimonialsTest.verifyCheckInCheckOutDateRangeFormat()[pri:5, instance:com.ananda.web.admin.tests.TestimonialsTest@7b98f307]" name="verifyCheckInCheckOutDateRangeFormat" class="com.ananda.web.admin.tests.TestimonialsTest"/>
        <method signature="TestimonialsTest.verifySubmittedOnDateFormat()[pri:6, instance:com.ananda.web.admin.tests.TestimonialsTest@7b98f307]" name="verifySubmittedOnDateFormat" class="com.ananda.web.admin.tests.TestimonialsTest"/>
        <method signature="TestimonialsTest.verifyStatusVisibleInRows()[pri:7, instance:com.ananda.web.admin.tests.TestimonialsTest@7b98f307]" name="verifyStatusVisibleInRows" class="com.ananda.web.admin.tests.TestimonialsTest"/>
        <method signature="TestimonialsTest.verifyMarkControlVisibleInRows()[pri:8, instance:com.ananda.web.admin.tests.TestimonialsTest@7b98f307]" name="verifyMarkControlVisibleInRows" class="com.ananda.web.admin.tests.TestimonialsTest"/>
        <method signature="TestimonialsTest.verifySearchByProgramTitle()[pri:9, instance:com.ananda.web.admin.tests.TestimonialsTest@7b98f307]" name="verifySearchByProgramTitle" class="com.ananda.web.admin.tests.TestimonialsTest"/>
        <method signature="TestimonialsTest.verifySearchByGuestName()[pri:10, instance:com.ananda.web.admin.tests.TestimonialsTest@7b98f307]" name="verifySearchByGuestName" class="com.ananda.web.admin.tests.TestimonialsTest"/>
        <method signature="TestimonialsTest.verifySearchByPartialKeyword()[pri:11, instance:com.ananda.web.admin.tests.TestimonialsTest@7b98f307]" name="verifySearchByPartialKeyword" class="com.ananda.web.admin.tests.TestimonialsTest"/>
        <method signature="TestimonialsTest.verifySearchCaseInsensitive()[pri:12, instance:com.ananda.web.admin.tests.TestimonialsTest@7b98f307]" name="verifySearchCaseInsensitive" class="com.ananda.web.admin.tests.TestimonialsTest"/>
        <method signature="TestimonialsTest.verifyClearSearchRestoresList()[pri:13, instance:com.ananda.web.admin.tests.TestimonialsTest@7b98f307]" name="verifyClearSearchRestoresList" class="com.ananda.web.admin.tests.TestimonialsTest"/>
        <method signature="TestimonialsTest.verifyDetailsTextVisible()[pri:14, instance:com.ananda.web.admin.tests.TestimonialsTest@7b98f307]" name="verifyDetailsTextVisible" class="com.ananda.web.admin.tests.TestimonialsTest"/>
        <method signature="TestimonialsTest.verifyMarkToggleInteractionHandled()[pri:15, instance:com.ananda.web.admin.tests.TestimonialsTest@7b98f307]" name="verifyMarkToggleInteractionHandled" class="com.ananda.web.admin.tests.TestimonialsTest"/>
        <method signature="TestimonialsTest.verifyInvalidSearchShowsNoResult()[pri:16, instance:com.ananda.web.admin.tests.TestimonialsTest@7b98f307]" name="verifyInvalidSearchShowsNoResult" class="com.ananda.web.admin.tests.TestimonialsTest"/>
        <method signature="TestimonialsTest.verifyNoMarkControlWhenNoSearchResult()[pri:17, instance:com.ananda.web.admin.tests.TestimonialsTest@7b98f307]" name="verifyNoMarkControlWhenNoSearchResult" class="com.ananda.web.admin.tests.TestimonialsTest"/>
        <method signature="TestimonialsTest.verifySpecialCharacterSearchHandled()[pri:18, instance:com.ananda.web.admin.tests.TestimonialsTest@7b98f307]" name="verifySpecialCharacterSearchHandled" class="com.ananda.web.admin.tests.TestimonialsTest"/>
        <method signature="TestimonialsTest.verifyVeryLongSearchHandled()[pri:19, instance:com.ananda.web.admin.tests.TestimonialsTest@7b98f307]" name="verifyVeryLongSearchHandled" class="com.ananda.web.admin.tests.TestimonialsTest"/>
        <method signature="TestimonialsTest.verifyInvalidDateRangeHandled()[pri:20, instance:com.ananda.web.admin.tests.TestimonialsTest@7b98f307]" name="verifyInvalidDateRangeHandled" class="com.ananda.web.admin.tests.TestimonialsTest"/>
      </group> <!-- Testimonials -->
      <group name="Announcement">
        <method signature="AnnouncementTest.verifyAnnouncementTabLoads()[pri:1, instance:com.ananda.web.admin.tests.AnnouncementTest@31304f14]" name="verifyAnnouncementTabLoads" class="com.ananda.web.admin.tests.AnnouncementTest"/>
        <method signature="AnnouncementTest.verifySearchControlVisible()[pri:2, instance:com.ananda.web.admin.tests.AnnouncementTest@31304f14]" name="verifySearchControlVisible" class="com.ananda.web.admin.tests.AnnouncementTest"/>
        <method signature="AnnouncementTest.verifyAddAnnouncementButtonVisible()[pri:3, instance:com.ananda.web.admin.tests.AnnouncementTest@31304f14]" name="verifyAddAnnouncementButtonVisible" class="com.ananda.web.admin.tests.AnnouncementTest"/>
        <method signature="AnnouncementTest.verifyAnnouncementTableHeadersVisible()[pri:4, instance:com.ananda.web.admin.tests.AnnouncementTest@31304f14]" name="verifyAnnouncementTableHeadersVisible" class="com.ananda.web.admin.tests.AnnouncementTest"/>
        <method signature="AnnouncementTest.verifyDateColumnFormat()[pri:5, instance:com.ananda.web.admin.tests.AnnouncementTest@31304f14]" name="verifyDateColumnFormat" class="com.ananda.web.admin.tests.AnnouncementTest"/>
        <method signature="AnnouncementTest.verifySearchByTitle()[pri:6, instance:com.ananda.web.admin.tests.AnnouncementTest@31304f14]" name="verifySearchByTitle" class="com.ananda.web.admin.tests.AnnouncementTest"/>
        <method signature="AnnouncementTest.verifySearchByPartialTitle()[pri:7, instance:com.ananda.web.admin.tests.AnnouncementTest@31304f14]" name="verifySearchByPartialTitle" class="com.ananda.web.admin.tests.AnnouncementTest"/>
        <method signature="AnnouncementTest.verifySearchCaseInsensitive()[pri:8, instance:com.ananda.web.admin.tests.AnnouncementTest@31304f14]" name="verifySearchCaseInsensitive" class="com.ananda.web.admin.tests.AnnouncementTest"/>
        <method signature="AnnouncementTest.verifyClearSearchRestoresList()[pri:9, instance:com.ananda.web.admin.tests.AnnouncementTest@31304f14]" name="verifyClearSearchRestoresList" class="com.ananda.web.admin.tests.AnnouncementTest"/>
        <method signature="AnnouncementTest.verifyViewAnnouncementFlow()[pri:10, instance:com.ananda.web.admin.tests.AnnouncementTest@31304f14]" name="verifyViewAnnouncementFlow" class="com.ananda.web.admin.tests.AnnouncementTest"/>
        <method signature="AnnouncementTest.verifyViewAnnouncementFieldsVisible()[pri:11, instance:com.ananda.web.admin.tests.AnnouncementTest@31304f14]" name="verifyViewAnnouncementFieldsVisible" class="com.ananda.web.admin.tests.AnnouncementTest"/>
        <method signature="AnnouncementTest.verifyEditAnnouncementFlow()[pri:12, instance:com.ananda.web.admin.tests.AnnouncementTest@31304f14]" name="verifyEditAnnouncementFlow" class="com.ananda.web.admin.tests.AnnouncementTest"/>
        <method signature="AnnouncementTest.verifyEditFormFieldsVisible()[pri:13, instance:com.ananda.web.admin.tests.AnnouncementTest@31304f14]" name="verifyEditFormFieldsVisible" class="com.ananda.web.admin.tests.AnnouncementTest"/>
        <method signature="AnnouncementTest.verifyAddAnnouncementFormOpens()[pri:14, instance:com.ananda.web.admin.tests.AnnouncementTest@31304f14]" name="verifyAddAnnouncementFormOpens" class="com.ananda.web.admin.tests.AnnouncementTest"/>
        <method signature="AnnouncementTest.verifyAddFormFieldsVisible()[pri:15, instance:com.ananda.web.admin.tests.AnnouncementTest@31304f14]" name="verifyAddFormFieldsVisible" class="com.ananda.web.admin.tests.AnnouncementTest"/>
        <method signature="AnnouncementTest.verifyDeletePopupOpenAndCancel()[pri:16, instance:com.ananda.web.admin.tests.AnnouncementTest@31304f14]" name="verifyDeletePopupOpenAndCancel" class="com.ananda.web.admin.tests.AnnouncementTest"/>
        <method signature="AnnouncementTest.verifyInvalidSearchShowsNoResult()[pri:17, instance:com.ananda.web.admin.tests.AnnouncementTest@31304f14]" name="verifyInvalidSearchShowsNoResult" class="com.ananda.web.admin.tests.AnnouncementTest"/>
        <method signature="AnnouncementTest.verifyNoViewActionWhenNoSearchResult()[pri:18, instance:com.ananda.web.admin.tests.AnnouncementTest@31304f14]" name="verifyNoViewActionWhenNoSearchResult" class="com.ananda.web.admin.tests.AnnouncementTest"/>
        <method signature="AnnouncementTest.verifyNoEditActionWhenNoSearchResult()[pri:19, instance:com.ananda.web.admin.tests.AnnouncementTest@31304f14]" name="verifyNoEditActionWhenNoSearchResult" class="com.ananda.web.admin.tests.AnnouncementTest"/>
        <method signature="AnnouncementTest.verifyNoDeleteActionWhenNoSearchResult()[pri:20, instance:com.ananda.web.admin.tests.AnnouncementTest@31304f14]" name="verifyNoDeleteActionWhenNoSearchResult" class="com.ananda.web.admin.tests.AnnouncementTest"/>
        <method signature="AnnouncementTest.verifySpecialCharacterSearchHandled()[pri:21, instance:com.ananda.web.admin.tests.AnnouncementTest@31304f14]" name="verifySpecialCharacterSearchHandled" class="com.ananda.web.admin.tests.AnnouncementTest"/>
        <method signature="AnnouncementTest.verifyVeryLongSearchHandled()[pri:22, instance:com.ananda.web.admin.tests.AnnouncementTest@31304f14]" name="verifyVeryLongSearchHandled" class="com.ananda.web.admin.tests.AnnouncementTest"/>
        <method signature="AnnouncementTest.verifySqlLikeSearchHandled()[pri:23, instance:com.ananda.web.admin.tests.AnnouncementTest@31304f14]" name="verifySqlLikeSearchHandled" class="com.ananda.web.admin.tests.AnnouncementTest"/>
      </group> <!-- Announcement -->
      <group name="TeamMembers">
        <method signature="TeamMembersTest.verifyTeamMembersPageLoads()[pri:1, instance:com.ananda.web.admin.tests.TeamMembersTest@59309333]" name="verifyTeamMembersPageLoads" class="com.ananda.web.admin.tests.TeamMembersTest"/>
        <method signature="TeamMembersTest.verifyTeamMembersSearchVisible()[pri:2, instance:com.ananda.web.admin.tests.TeamMembersTest@59309333]" name="verifyTeamMembersSearchVisible" class="com.ananda.web.admin.tests.TeamMembersTest"/>
        <method signature="TeamMembersTest.verifyRoleFilterVisible()[pri:3, instance:com.ananda.web.admin.tests.TeamMembersTest@59309333]" name="verifyRoleFilterVisible" class="com.ananda.web.admin.tests.TeamMembersTest"/>
        <method signature="TeamMembersTest.verifyNewMemberButtonVisible()[pri:4, instance:com.ananda.web.admin.tests.TeamMembersTest@59309333]" name="verifyNewMemberButtonVisible" class="com.ananda.web.admin.tests.TeamMembersTest"/>
        <method signature="TeamMembersTest.verifyTeamMembersTableHeadersVisible()[pri:5, instance:com.ananda.web.admin.tests.TeamMembersTest@59309333]" name="verifyTeamMembersTableHeadersVisible" class="com.ananda.web.admin.tests.TeamMembersTest"/>
        <method signature="TeamMembersTest.verifyEmailColumnFormat()[pri:6, instance:com.ananda.web.admin.tests.TeamMembersTest@59309333]" name="verifyEmailColumnFormat" class="com.ananda.web.admin.tests.TeamMembersTest"/>
        <method signature="TeamMembersTest.verifyAddedOnDateFormat()[pri:7, instance:com.ananda.web.admin.tests.TeamMembersTest@59309333]" name="verifyAddedOnDateFormat" class="com.ananda.web.admin.tests.TeamMembersTest"/>
        <method signature="TeamMembersTest.verifyRowActionsVisible()[pri:8, instance:com.ananda.web.admin.tests.TeamMembersTest@59309333]" name="verifyRowActionsVisible" class="com.ananda.web.admin.tests.TeamMembersTest"/>
        <method signature="TeamMembersTest.verifyOtpToggleVisible()[pri:9, instance:com.ananda.web.admin.tests.TeamMembersTest@59309333]" name="verifyOtpToggleVisible" class="com.ananda.web.admin.tests.TeamMembersTest"/>
        <method signature="TeamMembersTest.verifyPasswordIndicatorVisible()[pri:10, instance:com.ananda.web.admin.tests.TeamMembersTest@59309333]" name="verifyPasswordIndicatorVisible" class="com.ananda.web.admin.tests.TeamMembersTest"/>
        <method signature="TeamMembersTest.verifySearchTeamMember()[pri:11, instance:com.ananda.web.admin.tests.TeamMembersTest@59309333]" name="verifySearchTeamMember" class="com.ananda.web.admin.tests.TeamMembersTest"/>
        <method signature="TeamMembersTest.verifySearchByEmail()[pri:12, instance:com.ananda.web.admin.tests.TeamMembersTest@59309333]" name="verifySearchByEmail" class="com.ananda.web.admin.tests.TeamMembersTest"/>
        <method signature="TeamMembersTest.verifySearchByMobile()[pri:13, instance:com.ananda.web.admin.tests.TeamMembersTest@59309333]" name="verifySearchByMobile" class="com.ananda.web.admin.tests.TeamMembersTest"/>
        <method signature="TeamMembersTest.verifyRoleFilter()[pri:14, instance:com.ananda.web.admin.tests.TeamMembersTest@59309333]" name="verifyRoleFilter" class="com.ananda.web.admin.tests.TeamMembersTest"/>
        <method signature="TeamMembersTest.verifyViewMemberFlow()[pri:15, instance:com.ananda.web.admin.tests.TeamMembersTest@59309333]" name="verifyViewMemberFlow" class="com.ananda.web.admin.tests.TeamMembersTest"/>
        <method signature="TeamMembersTest.verifyTeamMemberBreadcrumbNavigation()[pri:16, instance:com.ananda.web.admin.tests.TeamMembersTest@59309333]" name="verifyTeamMemberBreadcrumbNavigation" class="com.ananda.web.admin.tests.TeamMembersTest"/>
        <method signature="TeamMembersTest.verifyEditMemberPageFields()[pri:17, instance:com.ananda.web.admin.tests.TeamMembersTest@59309333]" name="verifyEditMemberPageFields" class="com.ananda.web.admin.tests.TeamMembersTest"/>
        <method signature="TeamMembersTest.verifyOpenAddNewMemberForm()[pri:18, instance:com.ananda.web.admin.tests.TeamMembersTest@59309333]" name="verifyOpenAddNewMemberForm" class="com.ananda.web.admin.tests.TeamMembersTest"/>
        <method signature="TeamMembersTest.verifyInvalidSearchShowsNoResult()[pri:19, instance:com.ananda.web.admin.tests.TeamMembersTest@59309333]" name="verifyInvalidSearchShowsNoResult" class="com.ananda.web.admin.tests.TeamMembersTest"/>
        <method signature="TeamMembersTest.verifySpecialCharacterSearchHandled()[pri:20, instance:com.ananda.web.admin.tests.TeamMembersTest@59309333]" name="verifySpecialCharacterSearchHandled" class="com.ananda.web.admin.tests.TeamMembersTest"/>
        <method signature="TeamMembersTest.verifyVeryLongSearchHandled()[pri:21, instance:com.ananda.web.admin.tests.TeamMembersTest@59309333]" name="verifyVeryLongSearchHandled" class="com.ananda.web.admin.tests.TeamMembersTest"/>
      </group> <!-- TeamMembers -->
      <group name="QMSScorecard">
        <method signature="QMSScorecardTest.verifyQmsScorecardTabLoads()[pri:1, instance:com.ananda.web.admin.tests.QMSScorecardTest@6b2ea799]" name="verifyQmsScorecardTabLoads" class="com.ananda.web.admin.tests.QMSScorecardTest"/>
        <method signature="QMSScorecardTest.verifyMonthDropdownVisible()[pri:2, instance:com.ananda.web.admin.tests.QMSScorecardTest@6b2ea799]" name="verifyMonthDropdownVisible" class="com.ananda.web.admin.tests.QMSScorecardTest"/>
        <method signature="QMSScorecardTest.verifyYearDropdownVisible()[pri:3, instance:com.ananda.web.admin.tests.QMSScorecardTest@6b2ea799]" name="verifyYearDropdownVisible" class="com.ananda.web.admin.tests.QMSScorecardTest"/>
        <method signature="QMSScorecardTest.verifyDownloadExcelButtonVisible()[pri:4, instance:com.ananda.web.admin.tests.QMSScorecardTest@6b2ea799]" name="verifyDownloadExcelButtonVisible" class="com.ananda.web.admin.tests.QMSScorecardTest"/>
        <method signature="QMSScorecardTest.verifyMainSectionHeadersVisible()[pri:5, instance:com.ananda.web.admin.tests.QMSScorecardTest@6b2ea799]" name="verifyMainSectionHeadersVisible" class="com.ananda.web.admin.tests.QMSScorecardTest"/>
        <method signature="QMSScorecardTest.verifyMetricColumnsVisible()[pri:6, instance:com.ananda.web.admin.tests.QMSScorecardTest@6b2ea799]" name="verifyMetricColumnsVisible" class="com.ananda.web.admin.tests.QMSScorecardTest"/>
        <method signature="QMSScorecardTest.verifyNetPromoterScoreRowVisible()[pri:7, instance:com.ananda.web.admin.tests.QMSScorecardTest@6b2ea799]" name="verifyNetPromoterScoreRowVisible" class="com.ananda.web.admin.tests.QMSScorecardTest"/>
        <method signature="QMSScorecardTest.verifyOverallQmsScoreRowVisible()[pri:8, instance:com.ananda.web.admin.tests.QMSScorecardTest@6b2ea799]" name="verifyOverallQmsScoreRowVisible" class="com.ananda.web.admin.tests.QMSScorecardTest"/>
        <method signature="QMSScorecardTest.verifyWellnessObjectiveSectionVisible()[pri:9, instance:com.ananda.web.admin.tests.QMSScorecardTest@6b2ea799]" name="verifyWellnessObjectiveSectionVisible" class="com.ananda.web.admin.tests.QMSScorecardTest"/>
        <method signature="QMSScorecardTest.verifyConsultantsSectionVisible()[pri:10, instance:com.ananda.web.admin.tests.QMSScorecardTest@6b2ea799]" name="verifyConsultantsSectionVisible" class="com.ananda.web.admin.tests.QMSScorecardTest"/>
        <method signature="QMSScorecardTest.verifyNumericCellsFormatSafe()[pri:11, instance:com.ananda.web.admin.tests.QMSScorecardTest@6b2ea799]" name="verifyNumericCellsFormatSafe" class="com.ananda.web.admin.tests.QMSScorecardTest"/>
        <method signature="QMSScorecardTest.verifyMonthSelectionUpdatesSafely()[pri:12, instance:com.ananda.web.admin.tests.QMSScorecardTest@6b2ea799]" name="verifyMonthSelectionUpdatesSafely" class="com.ananda.web.admin.tests.QMSScorecardTest"/>
        <method signature="QMSScorecardTest.verifyYearSelectionUpdatesSafely()[pri:13, instance:com.ananda.web.admin.tests.QMSScorecardTest@6b2ea799]" name="verifyYearSelectionUpdatesSafely" class="com.ananda.web.admin.tests.QMSScorecardTest"/>
        <method signature="QMSScorecardTest.verifyDownloadButtonClickHandledSafely()[pri:14, instance:com.ananda.web.admin.tests.QMSScorecardTest@6b2ea799]" name="verifyDownloadButtonClickHandledSafely" class="com.ananda.web.admin.tests.QMSScorecardTest"/>
        <method signature="QMSScorecardTest.verifyRapidMonthSwitchStability()[pri:15, instance:com.ananda.web.admin.tests.QMSScorecardTest@6b2ea799]" name="verifyRapidMonthSwitchStability" class="com.ananda.web.admin.tests.QMSScorecardTest"/>
        <method signature="QMSScorecardTest.verifyRapidYearSwitchStability()[pri:16, instance:com.ananda.web.admin.tests.QMSScorecardTest@6b2ea799]" name="verifyRapidYearSwitchStability" class="com.ananda.web.admin.tests.QMSScorecardTest"/>
        <method signature="QMSScorecardTest.verifyRefreshAfterFilterChangesStability()[pri:17, instance:com.ananda.web.admin.tests.QMSScorecardTest@6b2ea799]" name="verifyRefreshAfterFilterChangesStability" class="com.ananda.web.admin.tests.QMSScorecardTest"/>
        <method signature="QMSScorecardTest.verifyScrollAndUiStability()[pri:18, instance:com.ananda.web.admin.tests.QMSScorecardTest@6b2ea799]" name="verifyScrollAndUiStability" class="com.ananda.web.admin.tests.QMSScorecardTest"/>
        <method signature="QMSScorecardTest.verifyRepeatedDownloadClicksDoNotBreakUi()[pri:19, instance:com.ananda.web.admin.tests.QMSScorecardTest@6b2ea799]" name="verifyRepeatedDownloadClicksDoNotBreakUi" class="com.ananda.web.admin.tests.QMSScorecardTest"/>
        <method signature="QMSScorecardTest.verifyInvalidMonthYearInputHandledSafely()[pri:20, instance:com.ananda.web.admin.tests.QMSScorecardTest@6b2ea799]" name="verifyInvalidMonthYearInputHandledSafely" class="com.ananda.web.admin.tests.QMSScorecardTest"/>
      </group> <!-- QMSScorecard -->
      <group name="Articles">
        <method signature="ArticlesTest.verifyArticlesTabLoads()[pri:1, instance:com.ananda.web.admin.tests.ArticlesTest@351d00c0]" name="verifyArticlesTabLoads" class="com.ananda.web.admin.tests.ArticlesTest"/>
        <method signature="ArticlesTest.verifySearchControlVisible()[pri:2, instance:com.ananda.web.admin.tests.ArticlesTest@351d00c0]" name="verifySearchControlVisible" class="com.ananda.web.admin.tests.ArticlesTest"/>
        <method signature="ArticlesTest.verifyAddArticleButtonVisible()[pri:3, instance:com.ananda.web.admin.tests.ArticlesTest@351d00c0]" name="verifyAddArticleButtonVisible" class="com.ananda.web.admin.tests.ArticlesTest"/>
        <method signature="ArticlesTest.verifyArticlesTableHeadersVisible()[pri:4, instance:com.ananda.web.admin.tests.ArticlesTest@351d00c0]" name="verifyArticlesTableHeadersVisible" class="com.ananda.web.admin.tests.ArticlesTest"/>
        <method signature="ArticlesTest.verifyUploadedByFormat()[pri:5, instance:com.ananda.web.admin.tests.ArticlesTest@351d00c0]" name="verifyUploadedByFormat" class="com.ananda.web.admin.tests.ArticlesTest"/>
        <method signature="ArticlesTest.verifyFreePaidColumnValues()[pri:6, instance:com.ananda.web.admin.tests.ArticlesTest@351d00c0]" name="verifyFreePaidColumnValues" class="com.ananda.web.admin.tests.ArticlesTest"/>
        <method signature="ArticlesTest.verifyStatusControlVisibleInList()[pri:7, instance:com.ananda.web.admin.tests.ArticlesTest@351d00c0]" name="verifyStatusControlVisibleInList" class="com.ananda.web.admin.tests.ArticlesTest"/>
        <method signature="ArticlesTest.verifySearchByTitle()[pri:8, instance:com.ananda.web.admin.tests.ArticlesTest@351d00c0]" name="verifySearchByTitle" class="com.ananda.web.admin.tests.ArticlesTest"/>
        <method signature="ArticlesTest.verifySearchByPartialTitle()[pri:9, instance:com.ananda.web.admin.tests.ArticlesTest@351d00c0]" name="verifySearchByPartialTitle" class="com.ananda.web.admin.tests.ArticlesTest"/>
        <method signature="ArticlesTest.verifySearchCaseInsensitive()[pri:10, instance:com.ananda.web.admin.tests.ArticlesTest@351d00c0]" name="verifySearchCaseInsensitive" class="com.ananda.web.admin.tests.ArticlesTest"/>
        <method signature="ArticlesTest.verifyClearSearchRestoresList()[pri:11, instance:com.ananda.web.admin.tests.ArticlesTest@351d00c0]" name="verifyClearSearchRestoresList" class="com.ananda.web.admin.tests.ArticlesTest"/>
        <method signature="ArticlesTest.verifyViewArticleFlow()[pri:12, instance:com.ananda.web.admin.tests.ArticlesTest@351d00c0]" name="verifyViewArticleFlow" class="com.ananda.web.admin.tests.ArticlesTest"/>
        <method signature="ArticlesTest.verifyViewArticleFieldsVisible()[pri:13, instance:com.ananda.web.admin.tests.ArticlesTest@351d00c0]" name="verifyViewArticleFieldsVisible" class="com.ananda.web.admin.tests.ArticlesTest"/>
        <method signature="ArticlesTest.verifyEditArticleFlow()[pri:14, instance:com.ananda.web.admin.tests.ArticlesTest@351d00c0]" name="verifyEditArticleFlow" class="com.ananda.web.admin.tests.ArticlesTest"/>
        <method signature="ArticlesTest.verifyAddArticleFormOpens()[pri:15, instance:com.ananda.web.admin.tests.ArticlesTest@351d00c0]" name="verifyAddArticleFormOpens" class="com.ananda.web.admin.tests.ArticlesTest"/>
        <method signature="ArticlesTest.verifyAddEditFormFieldsVisible()[pri:16, instance:com.ananda.web.admin.tests.ArticlesTest@351d00c0]" name="verifyAddEditFormFieldsVisible" class="com.ananda.web.admin.tests.ArticlesTest"/>
        <method signature="ArticlesTest.verifyTypeProgramCategoryDropdownsVisible()[pri:17, instance:com.ananda.web.admin.tests.ArticlesTest@351d00c0]" name="verifyTypeProgramCategoryDropdownsVisible" class="com.ananda.web.admin.tests.ArticlesTest"/>
        <method signature="ArticlesTest.verifyDescriptionEditorVisible()[pri:18, instance:com.ananda.web.admin.tests.ArticlesTest@351d00c0]" name="verifyDescriptionEditorVisible" class="com.ananda.web.admin.tests.ArticlesTest"/>
        <method signature="ArticlesTest.verifyAttachmentControlVisible()[pri:19, instance:com.ananda.web.admin.tests.ArticlesTest@351d00c0]" name="verifyAttachmentControlVisible" class="com.ananda.web.admin.tests.ArticlesTest"/>
        <method signature="ArticlesTest.verifyPublishAndCancelButtonsVisible()[pri:20, instance:com.ananda.web.admin.tests.ArticlesTest@351d00c0]" name="verifyPublishAndCancelButtonsVisible" class="com.ananda.web.admin.tests.ArticlesTest"/>
        <method signature="ArticlesTest.verifyDeletePopupOpenAndCancel()[pri:21, instance:com.ananda.web.admin.tests.ArticlesTest@351d00c0]" name="verifyDeletePopupOpenAndCancel" class="com.ananda.web.admin.tests.ArticlesTest"/>
        <method signature="ArticlesTest.verifyInvalidSearchShowsNoResult()[pri:22, instance:com.ananda.web.admin.tests.ArticlesTest@351d00c0]" name="verifyInvalidSearchShowsNoResult" class="com.ananda.web.admin.tests.ArticlesTest"/>
        <method signature="ArticlesTest.verifyNoViewActionWhenNoSearchResult()[pri:23, instance:com.ananda.web.admin.tests.ArticlesTest@351d00c0]" name="verifyNoViewActionWhenNoSearchResult" class="com.ananda.web.admin.tests.ArticlesTest"/>
        <method signature="ArticlesTest.verifyNoEditActionWhenNoSearchResult()[pri:24, instance:com.ananda.web.admin.tests.ArticlesTest@351d00c0]" name="verifyNoEditActionWhenNoSearchResult" class="com.ananda.web.admin.tests.ArticlesTest"/>
        <method signature="ArticlesTest.verifyNoDeleteActionWhenNoSearchResult()[pri:25, instance:com.ananda.web.admin.tests.ArticlesTest@351d00c0]" name="verifyNoDeleteActionWhenNoSearchResult" class="com.ananda.web.admin.tests.ArticlesTest"/>
        <method signature="ArticlesTest.verifySpecialCharacterSearchHandled()[pri:26, instance:com.ananda.web.admin.tests.ArticlesTest@351d00c0]" name="verifySpecialCharacterSearchHandled" class="com.ananda.web.admin.tests.ArticlesTest"/>
        <method signature="ArticlesTest.verifyVeryLongSearchHandled()[pri:27, instance:com.ananda.web.admin.tests.ArticlesTest@351d00c0]" name="verifyVeryLongSearchHandled" class="com.ananda.web.admin.tests.ArticlesTest"/>
        <method signature="ArticlesTest.verifySqlLikeSearchHandled()[pri:28, instance:com.ananda.web.admin.tests.ArticlesTest@351d00c0]" name="verifySqlLikeSearchHandled" class="com.ananda.web.admin.tests.ArticlesTest"/>
        <method signature="ArticlesTest.verifyPublishWithBlankMandatoryFieldsShowsValidation()[pri:29, instance:com.ananda.web.admin.tests.ArticlesTest@351d00c0]" name="verifyPublishWithBlankMandatoryFieldsShowsValidation" class="com.ananda.web.admin.tests.ArticlesTest"/>
        <method signature="ArticlesTest.verifyAddFormCancelReturnsSafely()[pri:30, instance:com.ananda.web.admin.tests.ArticlesTest@351d00c0]" name="verifyAddFormCancelReturnsSafely" class="com.ananda.web.admin.tests.ArticlesTest"/>
      </group> <!-- Articles -->
      <group name="Assessment">
        <method signature="AssessmentTest.verifyAssessmentTabLoads()[pri:1, instance:com.ananda.web.admin.tests.AssessmentTest@68999068]" name="verifyAssessmentTabLoads" class="com.ananda.web.admin.tests.AssessmentTest"/>
        <method signature="AssessmentTest.verifySearchGeneralHealth()[pri:2, instance:com.ananda.web.admin.tests.AssessmentTest@68999068]" name="verifySearchGeneralHealth" class="com.ananda.web.admin.tests.AssessmentTest"/>
        <method signature="AssessmentTest.verifyViewSearchedSection()[pri:3, instance:com.ananda.web.admin.tests.AssessmentTest@68999068]" name="verifyViewSearchedSection" class="com.ananda.web.admin.tests.AssessmentTest"/>
        <method signature="AssessmentTest.verifyDetailStatusChange()[pri:4, instance:com.ananda.web.admin.tests.AssessmentTest@68999068]" name="verifyDetailStatusChange" class="com.ananda.web.admin.tests.AssessmentTest"/>
        <method signature="AssessmentTest.verifyAssessmentBreadcrumbNavigation()[pri:5, instance:com.ananda.web.admin.tests.AssessmentTest@68999068]" name="verifyAssessmentBreadcrumbNavigation" class="com.ananda.web.admin.tests.AssessmentTest"/>
        <method signature="AssessmentTest.verifyAssessmentTableHeaders()[pri:6, instance:com.ananda.web.admin.tests.AssessmentTest@68999068]" name="verifyAssessmentTableHeaders" class="com.ananda.web.admin.tests.AssessmentTest"/>
        <method signature="AssessmentTest.verifyQuestionCountColumnFormat()[pri:7, instance:com.ananda.web.admin.tests.AssessmentTest@68999068]" name="verifyQuestionCountColumnFormat" class="com.ananda.web.admin.tests.AssessmentTest"/>
        <method signature="AssessmentTest.verifyPositionColumnFormat()[pri:8, instance:com.ananda.web.admin.tests.AssessmentTest@68999068]" name="verifyPositionColumnFormat" class="com.ananda.web.admin.tests.AssessmentTest"/>
        <method signature="AssessmentTest.verifyCreatedOnDateFormat()[pri:9, instance:com.ananda.web.admin.tests.AssessmentTest@68999068]" name="verifyCreatedOnDateFormat" class="com.ananda.web.admin.tests.AssessmentTest"/>
        <method signature="AssessmentTest.verifyViewSectionDetailsContent()[pri:10, instance:com.ananda.web.admin.tests.AssessmentTest@68999068]" name="verifyViewSectionDetailsContent" class="com.ananda.web.admin.tests.AssessmentTest"/>
        <method signature="AssessmentTest.verifyRequestForEditModalOpenAndFields()[pri:11, instance:com.ananda.web.admin.tests.AssessmentTest@68999068]" name="verifyRequestForEditModalOpenAndFields" class="com.ananda.web.admin.tests.AssessmentTest"/>
        <method signature="AssessmentTest.verifyRequestForEditModalCancel()[pri:12, instance:com.ananda.web.admin.tests.AssessmentTest@68999068]" name="verifyRequestForEditModalCancel" class="com.ananda.web.admin.tests.AssessmentTest"/>
        <method signature="AssessmentTest.verifyInvalidSearchShowsNoResult()[pri:13, instance:com.ananda.web.admin.tests.AssessmentTest@68999068]" name="verifyInvalidSearchShowsNoResult" class="com.ananda.web.admin.tests.AssessmentTest"/>
        <method signature="AssessmentTest.verifyNoViewActionWhenNoSearchResult()[pri:14, instance:com.ananda.web.admin.tests.AssessmentTest@68999068]" name="verifyNoViewActionWhenNoSearchResult" class="com.ananda.web.admin.tests.AssessmentTest"/>
      </group> <!-- Assessment -->
      <group name="Activity">
        <method signature="ActivityTest.verifyActivityTabLoads()[pri:1, instance:com.ananda.web.admin.tests.ActivityTest@6eda5c9]" name="verifyActivityTabLoads" class="com.ananda.web.admin.tests.ActivityTest"/>
        <method signature="ActivityTest.verifySearchActivity()[pri:2, instance:com.ananda.web.admin.tests.ActivityTest@6eda5c9]" name="verifySearchActivity" class="com.ananda.web.admin.tests.ActivityTest"/>
        <method signature="ActivityTest.verifyActivityTableHeaders()[pri:3, instance:com.ananda.web.admin.tests.ActivityTest@6eda5c9]" name="verifyActivityTableHeaders" class="com.ananda.web.admin.tests.ActivityTest"/>
        <method signature="ActivityTest.verifyCapacityColumnFormat()[pri:4, instance:com.ananda.web.admin.tests.ActivityTest@6eda5c9]" name="verifyCapacityColumnFormat" class="com.ananda.web.admin.tests.ActivityTest"/>
        <method signature="ActivityTest.verifyActivityDateColumnFormat()[pri:5, instance:com.ananda.web.admin.tests.ActivityTest@6eda5c9]" name="verifyActivityDateColumnFormat" class="com.ananda.web.admin.tests.ActivityTest"/>
        <method signature="ActivityTest.verifyActivityTimeColumnFormat()[pri:6, instance:com.ananda.web.admin.tests.ActivityTest@6eda5c9]" name="verifyActivityTimeColumnFormat" class="com.ananda.web.admin.tests.ActivityTest"/>
        <method signature="ActivityTest.verifyViewActivity()[pri:7, instance:com.ananda.web.admin.tests.ActivityTest@6eda5c9]" name="verifyViewActivity" class="com.ananda.web.admin.tests.ActivityTest"/>
        <method signature="ActivityTest.verifyViewActivityFieldVisibility()[pri:8, instance:com.ananda.web.admin.tests.ActivityTest@6eda5c9]" name="verifyViewActivityFieldVisibility" class="com.ananda.web.admin.tests.ActivityTest"/>
        <method signature="ActivityTest.verifyActivityBreadcrumbNavigation()[pri:9, instance:com.ananda.web.admin.tests.ActivityTest@6eda5c9]" name="verifyActivityBreadcrumbNavigation" class="com.ananda.web.admin.tests.ActivityTest"/>
        <method signature="ActivityTest.verifySearchByVenue()[pri:10, instance:com.ananda.web.admin.tests.ActivityTest@6eda5c9]" name="verifySearchByVenue" class="com.ananda.web.admin.tests.ActivityTest"/>
        <method signature="ActivityTest.verifyStatusToggle()[pri:11, instance:com.ananda.web.admin.tests.ActivityTest@6eda5c9]" name="verifyStatusToggle" class="com.ananda.web.admin.tests.ActivityTest"/>
        <method signature="ActivityTest.verifyEditActivity()[pri:12, instance:com.ananda.web.admin.tests.ActivityTest@6eda5c9]" name="verifyEditActivity" class="com.ananda.web.admin.tests.ActivityTest"/>
        <method signature="ActivityTest.verifyDeleteConfirmationPopup()[pri:13, instance:com.ananda.web.admin.tests.ActivityTest@6eda5c9]" name="verifyDeleteConfirmationPopup" class="com.ananda.web.admin.tests.ActivityTest"/>
        <method signature="ActivityTest.verifyDeleteCancel()[pri:14, instance:com.ananda.web.admin.tests.ActivityTest@6eda5c9]" name="verifyDeleteCancel" class="com.ananda.web.admin.tests.ActivityTest"/>
        <method signature="ActivityTest.verifyInvalidSearchShowsNoResult()[pri:15, instance:com.ananda.web.admin.tests.ActivityTest@6eda5c9]" name="verifyInvalidSearchShowsNoResult" class="com.ananda.web.admin.tests.ActivityTest"/>
        <method signature="ActivityTest.verifyNoViewActionWhenNoSearchResult()[pri:16, instance:com.ananda.web.admin.tests.ActivityTest@6eda5c9]" name="verifyNoViewActionWhenNoSearchResult" class="com.ananda.web.admin.tests.ActivityTest"/>
        <method signature="ActivityTest.verifyNoEditActionWhenNoSearchResult()[pri:17, instance:com.ananda.web.admin.tests.ActivityTest@6eda5c9]" name="verifyNoEditActionWhenNoSearchResult" class="com.ananda.web.admin.tests.ActivityTest"/>
        <method signature="ActivityTest.verifyNoDeleteActionWhenNoSearchResult()[pri:18, instance:com.ananda.web.admin.tests.ActivityTest@6eda5c9]" name="verifyNoDeleteActionWhenNoSearchResult" class="com.ananda.web.admin.tests.ActivityTest"/>
      </group> <!-- Activity -->
      <group name="RecipeCollection">
        <method signature="RecipeCollectionTest.verifyRecipeCollectionTabLoads()[pri:1, instance:com.ananda.web.admin.tests.RecipeCollectionTest@61862a7f]" name="verifyRecipeCollectionTabLoads" class="com.ananda.web.admin.tests.RecipeCollectionTest"/>
        <method signature="RecipeCollectionTest.verifySearchRecipeCollection()[pri:2, instance:com.ananda.web.admin.tests.RecipeCollectionTest@61862a7f]" name="verifySearchRecipeCollection" class="com.ananda.web.admin.tests.RecipeCollectionTest"/>
        <method signature="RecipeCollectionTest.verifyRecipeCollectionTableHeaders()[pri:3, instance:com.ananda.web.admin.tests.RecipeCollectionTest@61862a7f]" name="verifyRecipeCollectionTableHeaders" class="com.ananda.web.admin.tests.RecipeCollectionTest"/>
        <method signature="RecipeCollectionTest.verifyRecipeCountColumnFormat()[pri:4, instance:com.ananda.web.admin.tests.RecipeCollectionTest@61862a7f]" name="verifyRecipeCountColumnFormat" class="com.ananda.web.admin.tests.RecipeCollectionTest"/>
        <method signature="RecipeCollectionTest.verifyCreatedOnColumnFormat()[pri:5, instance:com.ananda.web.admin.tests.RecipeCollectionTest@61862a7f]" name="verifyCreatedOnColumnFormat" class="com.ananda.web.admin.tests.RecipeCollectionTest"/>
        <method signature="RecipeCollectionTest.verifyStatusColumnValues()[pri:6, instance:com.ananda.web.admin.tests.RecipeCollectionTest@61862a7f]" name="verifyStatusColumnValues" class="com.ananda.web.admin.tests.RecipeCollectionTest"/>
        <method signature="RecipeCollectionTest.verifyViewRecipeCollection()[pri:7, instance:com.ananda.web.admin.tests.RecipeCollectionTest@61862a7f]" name="verifyViewRecipeCollection" class="com.ananda.web.admin.tests.RecipeCollectionTest"/>
        <method signature="RecipeCollectionTest.verifyViewCollectionDetailsFields()[pri:8, instance:com.ananda.web.admin.tests.RecipeCollectionTest@61862a7f]" name="verifyViewCollectionDetailsFields" class="com.ananda.web.admin.tests.RecipeCollectionTest"/>
        <method signature="RecipeCollectionTest.verifyRecipeListInsideCollectionPage()[pri:9, instance:com.ananda.web.admin.tests.RecipeCollectionTest@61862a7f]" name="verifyRecipeListInsideCollectionPage" class="com.ananda.web.admin.tests.RecipeCollectionTest"/>
        <method signature="RecipeCollectionTest.verifyRecipeCollectionBreadcrumbNavigation()[pri:10, instance:com.ananda.web.admin.tests.RecipeCollectionTest@61862a7f]" name="verifyRecipeCollectionBreadcrumbNavigation" class="com.ananda.web.admin.tests.RecipeCollectionTest"/>
        <method signature="RecipeCollectionTest.verifyEditRecipeCollectionPageFields()[pri:11, instance:com.ananda.web.admin.tests.RecipeCollectionTest@61862a7f]" name="verifyEditRecipeCollectionPageFields" class="com.ananda.web.admin.tests.RecipeCollectionTest"/>
        <method signature="RecipeCollectionTest.verifyAddRecipePageFields()[pri:12, instance:com.ananda.web.admin.tests.RecipeCollectionTest@61862a7f]" name="verifyAddRecipePageFields" class="com.ananda.web.admin.tests.RecipeCollectionTest"/>
        <method signature="RecipeCollectionTest.verifyEditRecipePageFields()[pri:13, instance:com.ananda.web.admin.tests.RecipeCollectionTest@61862a7f]" name="verifyEditRecipePageFields" class="com.ananda.web.admin.tests.RecipeCollectionTest"/>
        <method signature="RecipeCollectionTest.verifyDeleteConfirmationPopupOnCollectionList()[pri:14, instance:com.ananda.web.admin.tests.RecipeCollectionTest@61862a7f]" name="verifyDeleteConfirmationPopupOnCollectionList" class="com.ananda.web.admin.tests.RecipeCollectionTest"/>
        <method signature="RecipeCollectionTest.verifyInvalidSearchShowsNoResult()[pri:15, instance:com.ananda.web.admin.tests.RecipeCollectionTest@61862a7f]" name="verifyInvalidSearchShowsNoResult" class="com.ananda.web.admin.tests.RecipeCollectionTest"/>
        <method signature="RecipeCollectionTest.verifyNoViewActionWhenNoSearchResult()[pri:16, instance:com.ananda.web.admin.tests.RecipeCollectionTest@61862a7f]" name="verifyNoViewActionWhenNoSearchResult" class="com.ananda.web.admin.tests.RecipeCollectionTest"/>
        <method signature="RecipeCollectionTest.verifyNoEditActionWhenNoSearchResult()[pri:17, instance:com.ananda.web.admin.tests.RecipeCollectionTest@61862a7f]" name="verifyNoEditActionWhenNoSearchResult" class="com.ananda.web.admin.tests.RecipeCollectionTest"/>
        <method signature="RecipeCollectionTest.verifyNoDeleteActionWhenNoSearchResult()[pri:18, instance:com.ananda.web.admin.tests.RecipeCollectionTest@61862a7f]" name="verifyNoDeleteActionWhenNoSearchResult" class="com.ananda.web.admin.tests.RecipeCollectionTest"/>
      </group> <!-- RecipeCollection -->
      <group name="AccessManagement">
        <method signature="AccessManagementTest.verifyAccessManagementPageLoads()[pri:1, instance:com.ananda.web.admin.tests.AccessManagementTest@77847718]" name="verifyAccessManagementPageLoads" class="com.ananda.web.admin.tests.AccessManagementTest"/>
        <method signature="AccessManagementTest.verifyUserRoleDropdownVisible()[pri:2, instance:com.ananda.web.admin.tests.AccessManagementTest@77847718]" name="verifyUserRoleDropdownVisible" class="com.ananda.web.admin.tests.AccessManagementTest"/>
        <method signature="AccessManagementTest.verifyRoleDropdownHasOptions()[pri:3, instance:com.ananda.web.admin.tests.AccessManagementTest@77847718]" name="verifyRoleDropdownHasOptions" class="com.ananda.web.admin.tests.AccessManagementTest"/>
        <method signature="AccessManagementTest.verifyRoleOptionsAvailable()[pri:4, instance:com.ananda.web.admin.tests.AccessManagementTest@77847718]" name="verifyRoleOptionsAvailable" class="com.ananda.web.admin.tests.AccessManagementTest"/>
        <method signature="AccessManagementTest.verifyEmptyPromptBeforeSelectionOrLoadedState()[pri:5, instance:com.ananda.web.admin.tests.AccessManagementTest@77847718]" name="verifyEmptyPromptBeforeSelectionOrLoadedState" class="com.ananda.web.admin.tests.AccessManagementTest"/>
        <method signature="AccessManagementTest.verifySelectRoleLoadsPermissionMatrix()[pri:6, instance:com.ananda.web.admin.tests.AccessManagementTest@77847718]" name="verifySelectRoleLoadsPermissionMatrix" class="com.ananda.web.admin.tests.AccessManagementTest"/>
        <method signature="AccessManagementTest.verifyCommonPermissionModulesVisible()[pri:7, instance:com.ananda.web.admin.tests.AccessManagementTest@77847718]" name="verifyCommonPermissionModulesVisible" class="com.ananda.web.admin.tests.AccessManagementTest"/>
        <method signature="AccessManagementTest.verifyPermissionValuesAllowedSet()[pri:8, instance:com.ananda.web.admin.tests.AccessManagementTest@77847718]" name="verifyPermissionValuesAllowedSet" class="com.ananda.web.admin.tests.AccessManagementTest"/>
        <method signature="AccessManagementTest.verifyPermissionDropdownsInteractable()[pri:9, instance:com.ananda.web.admin.tests.AccessManagementTest@77847718]" name="verifyPermissionDropdownsInteractable" class="com.ananda.web.admin.tests.AccessManagementTest"/>
        <method signature="AccessManagementTest.verifyCanOpenAnyPermissionDropdown()[pri:10, instance:com.ananda.web.admin.tests.AccessManagementTest@77847718]" name="verifyCanOpenAnyPermissionDropdown" class="com.ananda.web.admin.tests.AccessManagementTest"/>
        <method signature="AccessManagementTest.verifyRoleSwitchChangesContext()[pri:11, instance:com.ananda.web.admin.tests.AccessManagementTest@77847718]" name="verifyRoleSwitchChangesContext" class="com.ananda.web.admin.tests.AccessManagementTest"/>
        <method signature="AccessManagementTest.verifyRoleSelectionPersistsAcrossRefresh()[pri:12, instance:com.ananda.web.admin.tests.AccessManagementTest@77847718]" name="verifyRoleSelectionPersistsAcrossRefresh" class="com.ananda.web.admin.tests.AccessManagementTest"/>
        <method signature="AccessManagementTest.verifyPermissionUpdateOptional()[pri:13, instance:com.ananda.web.admin.tests.AccessManagementTest@77847718]" name="verifyPermissionUpdateOptional" class="com.ananda.web.admin.tests.AccessManagementTest"/>
        <method signature="AccessManagementTest.verifyScrollAndUiStability()[pri:14, instance:com.ananda.web.admin.tests.AccessManagementTest@77847718]" name="verifyScrollAndUiStability" class="com.ananda.web.admin.tests.AccessManagementTest"/>
        <method signature="AccessManagementTest.verifyLastPermissionControlUsableAfterScroll()[pri:15, instance:com.ananda.web.admin.tests.AccessManagementTest@77847718]" name="verifyLastPermissionControlUsableAfterScroll" class="com.ananda.web.admin.tests.AccessManagementTest"/>
        <method signature="AccessManagementTest.verifyNoDuplicatePermissionRows()[pri:16, instance:com.ananda.web.admin.tests.AccessManagementTest@77847718]" name="verifyNoDuplicatePermissionRows" class="com.ananda.web.admin.tests.AccessManagementTest"/>
        <method signature="AccessManagementTest.verifyInvalidRoleSelectionHandled()[pri:17, instance:com.ananda.web.admin.tests.AccessManagementTest@77847718]" name="verifyInvalidRoleSelectionHandled" class="com.ananda.web.admin.tests.AccessManagementTest"/>
        <method signature="AccessManagementTest.verifyRapidRoleSwitchStability()[pri:18, instance:com.ananda.web.admin.tests.AccessManagementTest@77847718]" name="verifyRapidRoleSwitchStability" class="com.ananda.web.admin.tests.AccessManagementTest"/>
        <method signature="AccessManagementTest.verifyNoBlankPermissionValuesAfterRoleSelection()[pri:19, instance:com.ananda.web.admin.tests.AccessManagementTest@77847718]" name="verifyNoBlankPermissionValuesAfterRoleSelection" class="com.ananda.web.admin.tests.AccessManagementTest"/>
        <method signature="AccessManagementTest.verifySpecialCharacterRoleSearchStability()[pri:20, instance:com.ananda.web.admin.tests.AccessManagementTest@77847718]" name="verifySpecialCharacterRoleSearchStability" class="com.ananda.web.admin.tests.AccessManagementTest"/>
        <method signature="AccessManagementTest.verifyVeryLongRoleSearchStability()[pri:21, instance:com.ananda.web.admin.tests.AccessManagementTest@77847718]" name="verifyVeryLongRoleSearchStability" class="com.ananda.web.admin.tests.AccessManagementTest"/>
        <method signature="AccessManagementTest.verifyRefreshAfterInvalidSelectionStability()[pri:22, instance:com.ananda.web.admin.tests.AccessManagementTest@77847718]" name="verifyRefreshAfterInvalidSelectionStability" class="com.ananda.web.admin.tests.AccessManagementTest"/>
      </group> <!-- AccessManagement -->
      <group name="TherapistSessions">
        <method signature="TherapistSessionsTest.verifyTherapistSessionsTabLoads()[pri:1, instance:com.ananda.web.admin.tests.TherapistSessionsTest@10683d9d]" name="verifyTherapistSessionsTabLoads" class="com.ananda.web.admin.tests.TherapistSessionsTest"/>
        <method signature="TherapistSessionsTest.verifySearchControlVisible()[pri:2, instance:com.ananda.web.admin.tests.TherapistSessionsTest@10683d9d]" name="verifySearchControlVisible" class="com.ananda.web.admin.tests.TherapistSessionsTest"/>
        <method signature="TherapistSessionsTest.verifyTherapistDropdownVisible()[pri:3, instance:com.ananda.web.admin.tests.TherapistSessionsTest@10683d9d]" name="verifyTherapistDropdownVisible" class="com.ananda.web.admin.tests.TherapistSessionsTest"/>
        <method signature="TherapistSessionsTest.verifyDateFilterVisible()[pri:4, instance:com.ananda.web.admin.tests.TherapistSessionsTest@10683d9d]" name="verifyDateFilterVisible" class="com.ananda.web.admin.tests.TherapistSessionsTest"/>
        <method signature="TherapistSessionsTest.verifyDownloadExcelVisible()[pri:5, instance:com.ananda.web.admin.tests.TherapistSessionsTest@10683d9d]" name="verifyDownloadExcelVisible" class="com.ananda.web.admin.tests.TherapistSessionsTest"/>
        <method signature="TherapistSessionsTest.verifyTherapistSessionsTableHeaders()[pri:6, instance:com.ananda.web.admin.tests.TherapistSessionsTest@10683d9d]" name="verifyTherapistSessionsTableHeaders" class="com.ananda.web.admin.tests.TherapistSessionsTest"/>
        <method signature="TherapistSessionsTest.verifySessionTimeFormat()[pri:7, instance:com.ananda.web.admin.tests.TherapistSessionsTest@10683d9d]" name="verifySessionTimeFormat" class="com.ananda.web.admin.tests.TherapistSessionsTest"/>
        <method signature="TherapistSessionsTest.verifySearchByGuestName()[pri:8, instance:com.ananda.web.admin.tests.TherapistSessionsTest@10683d9d]" name="verifySearchByGuestName" class="com.ananda.web.admin.tests.TherapistSessionsTest"/>
        <method signature="TherapistSessionsTest.verifySearchByPartialGuestName()[pri:9, instance:com.ananda.web.admin.tests.TherapistSessionsTest@10683d9d]" name="verifySearchByPartialGuestName" class="com.ananda.web.admin.tests.TherapistSessionsTest"/>
        <method signature="TherapistSessionsTest.verifySearchCaseInsensitive()[pri:10, instance:com.ananda.web.admin.tests.TherapistSessionsTest@10683d9d]" name="verifySearchCaseInsensitive" class="com.ananda.web.admin.tests.TherapistSessionsTest"/>
        <method signature="TherapistSessionsTest.verifyTherapistFilterHandled()[pri:11, instance:com.ananda.web.admin.tests.TherapistSessionsTest@10683d9d]" name="verifyTherapistFilterHandled" class="com.ananda.web.admin.tests.TherapistSessionsTest"/>
        <method signature="TherapistSessionsTest.verifyDownloadClickHandledSafely()[pri:12, instance:com.ananda.web.admin.tests.TherapistSessionsTest@10683d9d]" name="verifyDownloadClickHandledSafely" class="com.ananda.web.admin.tests.TherapistSessionsTest"/>
        <method signature="TherapistSessionsTest.verifyInvalidSearchShowsNoResult()[pri:13, instance:com.ananda.web.admin.tests.TherapistSessionsTest@10683d9d]" name="verifyInvalidSearchShowsNoResult" class="com.ananda.web.admin.tests.TherapistSessionsTest"/>
        <method signature="TherapistSessionsTest.verifySpecialCharacterSearchHandled()[pri:14, instance:com.ananda.web.admin.tests.TherapistSessionsTest@10683d9d]" name="verifySpecialCharacterSearchHandled" class="com.ananda.web.admin.tests.TherapistSessionsTest"/>
        <method signature="TherapistSessionsTest.verifyVeryLongSearchHandled()[pri:15, instance:com.ananda.web.admin.tests.TherapistSessionsTest@10683d9d]" name="verifyVeryLongSearchHandled" class="com.ananda.web.admin.tests.TherapistSessionsTest"/>
        <method signature="TherapistSessionsTest.verifyInvalidTherapistSelectionHandledSafely()[pri:16, instance:com.ananda.web.admin.tests.TherapistSessionsTest@10683d9d]" name="verifyInvalidTherapistSelectionHandledSafely" class="com.ananda.web.admin.tests.TherapistSessionsTest"/>
      </group> <!-- TherapistSessions -->
      <group name="ConsultantRatings">
        <method signature="ConsultantRatingsTest.verifyConsultantRatingsTabLoads()[pri:1, instance:com.ananda.web.admin.tests.ConsultantRatingsTest@4c12331b]" name="verifyConsultantRatingsTabLoads" class="com.ananda.web.admin.tests.ConsultantRatingsTest"/>
        <method signature="ConsultantRatingsTest.verifyDateFiltersVisible()[pri:2, instance:com.ananda.web.admin.tests.ConsultantRatingsTest@4c12331b]" name="verifyDateFiltersVisible" class="com.ananda.web.admin.tests.ConsultantRatingsTest"/>
        <method signature="ConsultantRatingsTest.verifyDownloadExcelVisible()[pri:3, instance:com.ananda.web.admin.tests.ConsultantRatingsTest@4c12331b]" name="verifyDownloadExcelVisible" class="com.ananda.web.admin.tests.ConsultantRatingsTest"/>
        <method signature="ConsultantRatingsTest.verifyConsultantRatingsTableHeaders()[pri:4, instance:com.ananda.web.admin.tests.ConsultantRatingsTest@4c12331b]" name="verifyConsultantRatingsTableHeaders" class="com.ananda.web.admin.tests.ConsultantRatingsTest"/>
        <method signature="ConsultantRatingsTest.verifyConsultantNameVisible()[pri:5, instance:com.ananda.web.admin.tests.ConsultantRatingsTest@4c12331b]" name="verifyConsultantNameVisible" class="com.ananda.web.admin.tests.ConsultantRatingsTest"/>
        <method signature="ConsultantRatingsTest.verifyMetricCellsNumeric()[pri:6, instance:com.ananda.web.admin.tests.ConsultantRatingsTest@4c12331b]" name="verifyMetricCellsNumeric" class="com.ananda.web.admin.tests.ConsultantRatingsTest"/>
        <method signature="ConsultantRatingsTest.verifyPercentageCellsValid()[pri:7, instance:com.ananda.web.admin.tests.ConsultantRatingsTest@4c12331b]" name="verifyPercentageCellsValid" class="com.ananda.web.admin.tests.ConsultantRatingsTest"/>
        <method signature="ConsultantRatingsTest.verifyDateRangeFilterUpdatesSafely()[pri:8, instance:com.ananda.web.admin.tests.ConsultantRatingsTest@4c12331b]" name="verifyDateRangeFilterUpdatesSafely" class="com.ananda.web.admin.tests.ConsultantRatingsTest"/>
        <method signature="ConsultantRatingsTest.verifyDownloadClickHandledSafely()[pri:9, instance:com.ananda.web.admin.tests.ConsultantRatingsTest@4c12331b]" name="verifyDownloadClickHandledSafely" class="com.ananda.web.admin.tests.ConsultantRatingsTest"/>
        <method signature="ConsultantRatingsTest.verifyRefreshStability()[pri:10, instance:com.ananda.web.admin.tests.ConsultantRatingsTest@4c12331b]" name="verifyRefreshStability" class="com.ananda.web.admin.tests.ConsultantRatingsTest"/>
        <method signature="ConsultantRatingsTest.verifyInvalidDateRangeHandled()[pri:11, instance:com.ananda.web.admin.tests.ConsultantRatingsTest@4c12331b]" name="verifyInvalidDateRangeHandled" class="com.ananda.web.admin.tests.ConsultantRatingsTest"/>
        <method signature="ConsultantRatingsTest.verifyNoDataDateRangeHandled()[pri:12, instance:com.ananda.web.admin.tests.ConsultantRatingsTest@4c12331b]" name="verifyNoDataDateRangeHandled" class="com.ananda.web.admin.tests.ConsultantRatingsTest"/>
        <method signature="ConsultantRatingsTest.verifyRepeatedDownloadClicksDoNotBreakUi()[pri:13, instance:com.ananda.web.admin.tests.ConsultantRatingsTest@4c12331b]" name="verifyRepeatedDownloadClicksDoNotBreakUi" class="com.ananda.web.admin.tests.ConsultantRatingsTest"/>
        <method signature="ConsultantRatingsTest.verifyScrollStability()[pri:14, instance:com.ananda.web.admin.tests.ConsultantRatingsTest@4c12331b]" name="verifyScrollStability" class="com.ananda.web.admin.tests.ConsultantRatingsTest"/>
      </group> <!-- ConsultantRatings -->
      <group name="ProgramFeedback">
        <method signature="ProgramFeedbackTest.verifyProgramFeedbackTabLoads()[pri:1, instance:com.ananda.web.admin.tests.ProgramFeedbackTest@1aafa419]" name="verifyProgramFeedbackTabLoads" class="com.ananda.web.admin.tests.ProgramFeedbackTest"/>
        <method signature="ProgramFeedbackTest.verifySearchControlVisible()[pri:2, instance:com.ananda.web.admin.tests.ProgramFeedbackTest@1aafa419]" name="verifySearchControlVisible" class="com.ananda.web.admin.tests.ProgramFeedbackTest"/>
        <method signature="ProgramFeedbackTest.verifyDateFilterControlsVisible()[pri:3, instance:com.ananda.web.admin.tests.ProgramFeedbackTest@1aafa419]" name="verifyDateFilterControlsVisible" class="com.ananda.web.admin.tests.ProgramFeedbackTest"/>
        <method signature="ProgramFeedbackTest.verifyProgramFeedbackTableHeaders()[pri:4, instance:com.ananda.web.admin.tests.ProgramFeedbackTest@1aafa419]" name="verifyProgramFeedbackTableHeaders" class="com.ananda.web.admin.tests.ProgramFeedbackTest"/>
        <method signature="ProgramFeedbackTest.verifyCheckInCheckOutDateRangeFormat()[pri:5, instance:com.ananda.web.admin.tests.ProgramFeedbackTest@1aafa419]" name="verifyCheckInCheckOutDateRangeFormat" class="com.ananda.web.admin.tests.ProgramFeedbackTest"/>
        <method signature="ProgramFeedbackTest.verifySubmittedOnDateFormat()[pri:6, instance:com.ananda.web.admin.tests.ProgramFeedbackTest@1aafa419]" name="verifySubmittedOnDateFormat" class="com.ananda.web.admin.tests.ProgramFeedbackTest"/>
        <method signature="ProgramFeedbackTest.verifySearchByProgramTitle()[pri:7, instance:com.ananda.web.admin.tests.ProgramFeedbackTest@1aafa419]" name="verifySearchByProgramTitle" class="com.ananda.web.admin.tests.ProgramFeedbackTest"/>
        <method signature="ProgramFeedbackTest.verifySearchByGuestName()[pri:8, instance:com.ananda.web.admin.tests.ProgramFeedbackTest@1aafa419]" name="verifySearchByGuestName" class="com.ananda.web.admin.tests.ProgramFeedbackTest"/>
        <method signature="ProgramFeedbackTest.verifySearchByPartialKeyword()[pri:9, instance:com.ananda.web.admin.tests.ProgramFeedbackTest@1aafa419]" name="verifySearchByPartialKeyword" class="com.ananda.web.admin.tests.ProgramFeedbackTest"/>
        <method signature="ProgramFeedbackTest.verifySearchCaseInsensitive()[pri:10, instance:com.ananda.web.admin.tests.ProgramFeedbackTest@1aafa419]" name="verifySearchCaseInsensitive" class="com.ananda.web.admin.tests.ProgramFeedbackTest"/>
        <method signature="ProgramFeedbackTest.verifyClearSearchRestoresList()[pri:11, instance:com.ananda.web.admin.tests.ProgramFeedbackTest@1aafa419]" name="verifyClearSearchRestoresList" class="com.ananda.web.admin.tests.ProgramFeedbackTest"/>
        <method signature="ProgramFeedbackTest.verifyViewProgramFeedbackFlow()[pri:12, instance:com.ananda.web.admin.tests.ProgramFeedbackTest@1aafa419]" name="verifyViewProgramFeedbackFlow" class="com.ananda.web.admin.tests.ProgramFeedbackTest"/>
        <method signature="ProgramFeedbackTest.verifyViewPageHeaderFieldsVisible()[pri:13, instance:com.ananda.web.admin.tests.ProgramFeedbackTest@1aafa419]" name="verifyViewPageHeaderFieldsVisible" class="com.ananda.web.admin.tests.ProgramFeedbackTest"/>
        <method signature="ProgramFeedbackTest.verifyFeedbackQuestionnaireSectionsVisible()[pri:14, instance:com.ananda.web.admin.tests.ProgramFeedbackTest@1aafa419]" name="verifyFeedbackQuestionnaireSectionsVisible" class="com.ananda.web.admin.tests.ProgramFeedbackTest"/>
        <method signature="ProgramFeedbackTest.verifyInvalidSearchShowsNoResult()[pri:15, instance:com.ananda.web.admin.tests.ProgramFeedbackTest@1aafa419]" name="verifyInvalidSearchShowsNoResult" class="com.ananda.web.admin.tests.ProgramFeedbackTest"/>
        <method signature="ProgramFeedbackTest.verifyNoViewActionWhenNoSearchResult()[pri:16, instance:com.ananda.web.admin.tests.ProgramFeedbackTest@1aafa419]" name="verifyNoViewActionWhenNoSearchResult" class="com.ananda.web.admin.tests.ProgramFeedbackTest"/>
        <method signature="ProgramFeedbackTest.verifySpecialCharacterSearchHandled()[pri:17, instance:com.ananda.web.admin.tests.ProgramFeedbackTest@1aafa419]" name="verifySpecialCharacterSearchHandled" class="com.ananda.web.admin.tests.ProgramFeedbackTest"/>
        <method signature="ProgramFeedbackTest.verifyVeryLongSearchHandled()[pri:18, instance:com.ananda.web.admin.tests.ProgramFeedbackTest@1aafa419]" name="verifyVeryLongSearchHandled" class="com.ananda.web.admin.tests.ProgramFeedbackTest"/>
      </group> <!-- ProgramFeedback -->
      <group name="Negative">
        <method signature="AdminLoginTest.invalidPasswordFormat()[pri:2, instance:com.ananda.web.admin.tests.AdminLoginTest@433d61fb]" name="invalidPasswordFormat" class="com.ananda.web.admin.tests.AdminLoginTest"/>
        <method signature="AdminLoginTest.invalidPasswordLogin()[pri:3, instance:com.ananda.web.admin.tests.AdminLoginTest@433d61fb]" name="invalidPasswordLogin" class="com.ananda.web.admin.tests.AdminLoginTest"/>
        <method signature="AdminLoginTest.incorrectPasswordLogin()[pri:4, instance:com.ananda.web.admin.tests.AdminLoginTest@433d61fb]" name="incorrectPasswordLogin" class="com.ananda.web.admin.tests.AdminLoginTest"/>
        <method signature="AdminLoginTest.forgotPasswordBlankEmail()[pri:7, instance:com.ananda.web.admin.tests.AdminLoginTest@433d61fb]" name="forgotPasswordBlankEmail" class="com.ananda.web.admin.tests.AdminLoginTest"/>
        <method signature="AdminLoginTest.forgotPasswordInvalidEmailFormat()[pri:8, instance:com.ananda.web.admin.tests.AdminLoginTest@433d61fb]" name="forgotPasswordInvalidEmailFormat" class="com.ananda.web.admin.tests.AdminLoginTest"/>
        <method signature="ProgramsTest.verifySearchWithInvalidKeyword()[pri:15, instance:com.ananda.web.admin.tests.ProgramsTest@3daa422a]" name="verifySearchWithInvalidKeyword" class="com.ananda.web.admin.tests.ProgramsTest"/>
        <method signature="ProgramsTest.verifyInvalidDurationRange()[pri:16, instance:com.ananda.web.admin.tests.ProgramsTest@3daa422a]" name="verifyInvalidDurationRange" class="com.ananda.web.admin.tests.ProgramsTest"/>
        <method signature="ProgramsTest.verifyNoViewActionWhenNoResults()[pri:17, instance:com.ananda.web.admin.tests.ProgramsTest@3daa422a]" name="verifyNoViewActionWhenNoResults" class="com.ananda.web.admin.tests.ProgramsTest"/>
        <method signature="ProgramsTest.verifySearchWithSpecialCharacterKeyword()[pri:18, instance:com.ananda.web.admin.tests.ProgramsTest@3daa422a]" name="verifySearchWithSpecialCharacterKeyword" class="com.ananda.web.admin.tests.ProgramsTest"/>
        <method signature="ProgramsTest.verifySearchWithVeryLongInvalidKeyword()[pri:19, instance:com.ananda.web.admin.tests.ProgramsTest@3daa422a]" name="verifySearchWithVeryLongInvalidKeyword" class="com.ananda.web.admin.tests.ProgramsTest"/>
        <method signature="ProgramsTest.verifyMinGreaterThanMaxDuration()[pri:20, instance:com.ananda.web.admin.tests.ProgramsTest@3daa422a]" name="verifyMinGreaterThanMaxDuration" class="com.ananda.web.admin.tests.ProgramsTest"/>
        <method signature="AssessmentTest.verifyInvalidSearchShowsNoResult()[pri:13, instance:com.ananda.web.admin.tests.AssessmentTest@68999068]" name="verifyInvalidSearchShowsNoResult" class="com.ananda.web.admin.tests.AssessmentTest"/>
        <method signature="AssessmentTest.verifyNoViewActionWhenNoSearchResult()[pri:14, instance:com.ananda.web.admin.tests.AssessmentTest@68999068]" name="verifyNoViewActionWhenNoSearchResult" class="com.ananda.web.admin.tests.AssessmentTest"/>
        <method signature="ActivityTest.verifyInvalidSearchShowsNoResult()[pri:15, instance:com.ananda.web.admin.tests.ActivityTest@6eda5c9]" name="verifyInvalidSearchShowsNoResult" class="com.ananda.web.admin.tests.ActivityTest"/>
        <method signature="ActivityTest.verifyNoViewActionWhenNoSearchResult()[pri:16, instance:com.ananda.web.admin.tests.ActivityTest@6eda5c9]" name="verifyNoViewActionWhenNoSearchResult" class="com.ananda.web.admin.tests.ActivityTest"/>
        <method signature="ActivityTest.verifyNoEditActionWhenNoSearchResult()[pri:17, instance:com.ananda.web.admin.tests.ActivityTest@6eda5c9]" name="verifyNoEditActionWhenNoSearchResult" class="com.ananda.web.admin.tests.ActivityTest"/>
        <method signature="ActivityTest.verifyNoDeleteActionWhenNoSearchResult()[pri:18, instance:com.ananda.web.admin.tests.ActivityTest@6eda5c9]" name="verifyNoDeleteActionWhenNoSearchResult" class="com.ananda.web.admin.tests.ActivityTest"/>
        <method signature="RecipeCollectionTest.verifyInvalidSearchShowsNoResult()[pri:15, instance:com.ananda.web.admin.tests.RecipeCollectionTest@61862a7f]" name="verifyInvalidSearchShowsNoResult" class="com.ananda.web.admin.tests.RecipeCollectionTest"/>
        <method signature="RecipeCollectionTest.verifyNoViewActionWhenNoSearchResult()[pri:16, instance:com.ananda.web.admin.tests.RecipeCollectionTest@61862a7f]" name="verifyNoViewActionWhenNoSearchResult" class="com.ananda.web.admin.tests.RecipeCollectionTest"/>
        <method signature="RecipeCollectionTest.verifyNoEditActionWhenNoSearchResult()[pri:17, instance:com.ananda.web.admin.tests.RecipeCollectionTest@61862a7f]" name="verifyNoEditActionWhenNoSearchResult" class="com.ananda.web.admin.tests.RecipeCollectionTest"/>
        <method signature="RecipeCollectionTest.verifyNoDeleteActionWhenNoSearchResult()[pri:18, instance:com.ananda.web.admin.tests.RecipeCollectionTest@61862a7f]" name="verifyNoDeleteActionWhenNoSearchResult" class="com.ananda.web.admin.tests.RecipeCollectionTest"/>
        <method signature="GuestUserTest.verifyInvalidSearchShowsNoResult()[pri:13, instance:com.ananda.web.admin.tests.GuestUserTest@5e0826e7]" name="verifyInvalidSearchShowsNoResult" class="com.ananda.web.admin.tests.GuestUserTest"/>
        <method signature="GuestUserTest.verifyNoViewActionWhenNoSearchResult()[pri:14, instance:com.ananda.web.admin.tests.GuestUserTest@5e0826e7]" name="verifyNoViewActionWhenNoSearchResult" class="com.ananda.web.admin.tests.GuestUserTest"/>
        <method signature="DownloadsTest.verifyInvalidSearchShowsNoResult()[pri:14, instance:com.ananda.web.admin.tests.DownloadsTest@5ffead27]" name="verifyInvalidSearchShowsNoResult" class="com.ananda.web.admin.tests.DownloadsTest"/>
        <method signature="DownloadsTest.verifySpecialCharacterSearchHandled()[pri:15, instance:com.ananda.web.admin.tests.DownloadsTest@5ffead27]" name="verifySpecialCharacterSearchHandled" class="com.ananda.web.admin.tests.DownloadsTest"/>
        <method signature="DownloadsTest.verifyLongKeywordSearchStability()[pri:16, instance:com.ananda.web.admin.tests.DownloadsTest@5ffead27]" name="verifyLongKeywordSearchStability" class="com.ananda.web.admin.tests.DownloadsTest"/>
        <method signature="TeamMembersTest.verifyInvalidSearchShowsNoResult()[pri:19, instance:com.ananda.web.admin.tests.TeamMembersTest@59309333]" name="verifyInvalidSearchShowsNoResult" class="com.ananda.web.admin.tests.TeamMembersTest"/>
        <method signature="TeamMembersTest.verifySpecialCharacterSearchHandled()[pri:20, instance:com.ananda.web.admin.tests.TeamMembersTest@59309333]" name="verifySpecialCharacterSearchHandled" class="com.ananda.web.admin.tests.TeamMembersTest"/>
        <method signature="TeamMembersTest.verifyVeryLongSearchHandled()[pri:21, instance:com.ananda.web.admin.tests.TeamMembersTest@59309333]" name="verifyVeryLongSearchHandled" class="com.ananda.web.admin.tests.TeamMembersTest"/>
        <method signature="UserRoleTest.verifyInvalidSearchShowsNoResult()[pri:16, instance:com.ananda.web.admin.tests.UserRoleTest@16293aa2]" name="verifyInvalidSearchShowsNoResult" class="com.ananda.web.admin.tests.UserRoleTest"/>
        <method signature="UserRoleTest.verifySpecialCharacterSearchHandled()[pri:17, instance:com.ananda.web.admin.tests.UserRoleTest@16293aa2]" name="verifySpecialCharacterSearchHandled" class="com.ananda.web.admin.tests.UserRoleTest"/>
        <method signature="UserRoleTest.verifyVeryLongSearchHandled()[pri:18, instance:com.ananda.web.admin.tests.UserRoleTest@16293aa2]" name="verifyVeryLongSearchHandled" class="com.ananda.web.admin.tests.UserRoleTest"/>
        <method signature="AccessManagementTest.verifyInvalidRoleSelectionHandled()[pri:17, instance:com.ananda.web.admin.tests.AccessManagementTest@77847718]" name="verifyInvalidRoleSelectionHandled" class="com.ananda.web.admin.tests.AccessManagementTest"/>
        <method signature="AccessManagementTest.verifyRapidRoleSwitchStability()[pri:18, instance:com.ananda.web.admin.tests.AccessManagementTest@77847718]" name="verifyRapidRoleSwitchStability" class="com.ananda.web.admin.tests.AccessManagementTest"/>
        <method signature="AccessManagementTest.verifyNoBlankPermissionValuesAfterRoleSelection()[pri:19, instance:com.ananda.web.admin.tests.AccessManagementTest@77847718]" name="verifyNoBlankPermissionValuesAfterRoleSelection" class="com.ananda.web.admin.tests.AccessManagementTest"/>
        <method signature="AccessManagementTest.verifySpecialCharacterRoleSearchStability()[pri:20, instance:com.ananda.web.admin.tests.AccessManagementTest@77847718]" name="verifySpecialCharacterRoleSearchStability" class="com.ananda.web.admin.tests.AccessManagementTest"/>
        <method signature="AccessManagementTest.verifyVeryLongRoleSearchStability()[pri:21, instance:com.ananda.web.admin.tests.AccessManagementTest@77847718]" name="verifyVeryLongRoleSearchStability" class="com.ananda.web.admin.tests.AccessManagementTest"/>
        <method signature="AccessManagementTest.verifyRefreshAfterInvalidSelectionStability()[pri:22, instance:com.ananda.web.admin.tests.AccessManagementTest@77847718]" name="verifyRefreshAfterInvalidSelectionStability" class="com.ananda.web.admin.tests.AccessManagementTest"/>
        <method signature="DeleteRequestsTest.verifyInvalidSearchShowsNoResult()[pri:15, instance:com.ananda.web.admin.tests.DeleteRequestsTest@59662a0b]" name="verifyInvalidSearchShowsNoResult" class="com.ananda.web.admin.tests.DeleteRequestsTest"/>
        <method signature="DeleteRequestsTest.verifyNoRecoverActionWhenNoSearchResult()[pri:16, instance:com.ananda.web.admin.tests.DeleteRequestsTest@59662a0b]" name="verifyNoRecoverActionWhenNoSearchResult" class="com.ananda.web.admin.tests.DeleteRequestsTest"/>
        <method signature="DeleteRequestsTest.verifyNoDeleteActionWhenNoSearchResult()[pri:17, instance:com.ananda.web.admin.tests.DeleteRequestsTest@59662a0b]" name="verifyNoDeleteActionWhenNoSearchResult" class="com.ananda.web.admin.tests.DeleteRequestsTest"/>
        <method signature="DeleteRequestsTest.verifySpecialCharacterSearchHandled()[pri:18, instance:com.ananda.web.admin.tests.DeleteRequestsTest@59662a0b]" name="verifySpecialCharacterSearchHandled" class="com.ananda.web.admin.tests.DeleteRequestsTest"/>
        <method signature="DeleteRequestsTest.verifyVeryLongSearchHandled()[pri:19, instance:com.ananda.web.admin.tests.DeleteRequestsTest@59662a0b]" name="verifyVeryLongSearchHandled" class="com.ananda.web.admin.tests.DeleteRequestsTest"/>
        <method signature="ArticlesTest.verifyInvalidSearchShowsNoResult()[pri:22, instance:com.ananda.web.admin.tests.ArticlesTest@351d00c0]" name="verifyInvalidSearchShowsNoResult" class="com.ananda.web.admin.tests.ArticlesTest"/>
        <method signature="ArticlesTest.verifyNoViewActionWhenNoSearchResult()[pri:23, instance:com.ananda.web.admin.tests.ArticlesTest@351d00c0]" name="verifyNoViewActionWhenNoSearchResult" class="com.ananda.web.admin.tests.ArticlesTest"/>
        <method signature="ArticlesTest.verifyNoEditActionWhenNoSearchResult()[pri:24, instance:com.ananda.web.admin.tests.ArticlesTest@351d00c0]" name="verifyNoEditActionWhenNoSearchResult" class="com.ananda.web.admin.tests.ArticlesTest"/>
        <method signature="ArticlesTest.verifyNoDeleteActionWhenNoSearchResult()[pri:25, instance:com.ananda.web.admin.tests.ArticlesTest@351d00c0]" name="verifyNoDeleteActionWhenNoSearchResult" class="com.ananda.web.admin.tests.ArticlesTest"/>
        <method signature="ArticlesTest.verifySpecialCharacterSearchHandled()[pri:26, instance:com.ananda.web.admin.tests.ArticlesTest@351d00c0]" name="verifySpecialCharacterSearchHandled" class="com.ananda.web.admin.tests.ArticlesTest"/>
        <method signature="ArticlesTest.verifyVeryLongSearchHandled()[pri:27, instance:com.ananda.web.admin.tests.ArticlesTest@351d00c0]" name="verifyVeryLongSearchHandled" class="com.ananda.web.admin.tests.ArticlesTest"/>
        <method signature="ArticlesTest.verifySqlLikeSearchHandled()[pri:28, instance:com.ananda.web.admin.tests.ArticlesTest@351d00c0]" name="verifySqlLikeSearchHandled" class="com.ananda.web.admin.tests.ArticlesTest"/>
        <method signature="ArticlesTest.verifyPublishWithBlankMandatoryFieldsShowsValidation()[pri:29, instance:com.ananda.web.admin.tests.ArticlesTest@351d00c0]" name="verifyPublishWithBlankMandatoryFieldsShowsValidation" class="com.ananda.web.admin.tests.ArticlesTest"/>
        <method signature="ArticlesTest.verifyAddFormCancelReturnsSafely()[pri:30, instance:com.ananda.web.admin.tests.ArticlesTest@351d00c0]" name="verifyAddFormCancelReturnsSafely" class="com.ananda.web.admin.tests.ArticlesTest"/>
        <method signature="AnnouncementTest.verifyInvalidSearchShowsNoResult()[pri:17, instance:com.ananda.web.admin.tests.AnnouncementTest@31304f14]" name="verifyInvalidSearchShowsNoResult" class="com.ananda.web.admin.tests.AnnouncementTest"/>
        <method signature="AnnouncementTest.verifyNoViewActionWhenNoSearchResult()[pri:18, instance:com.ananda.web.admin.tests.AnnouncementTest@31304f14]" name="verifyNoViewActionWhenNoSearchResult" class="com.ananda.web.admin.tests.AnnouncementTest"/>
        <method signature="AnnouncementTest.verifyNoEditActionWhenNoSearchResult()[pri:19, instance:com.ananda.web.admin.tests.AnnouncementTest@31304f14]" name="verifyNoEditActionWhenNoSearchResult" class="com.ananda.web.admin.tests.AnnouncementTest"/>
        <method signature="AnnouncementTest.verifyNoDeleteActionWhenNoSearchResult()[pri:20, instance:com.ananda.web.admin.tests.AnnouncementTest@31304f14]" name="verifyNoDeleteActionWhenNoSearchResult" class="com.ananda.web.admin.tests.AnnouncementTest"/>
        <method signature="AnnouncementTest.verifySpecialCharacterSearchHandled()[pri:21, instance:com.ananda.web.admin.tests.AnnouncementTest@31304f14]" name="verifySpecialCharacterSearchHandled" class="com.ananda.web.admin.tests.AnnouncementTest"/>
        <method signature="AnnouncementTest.verifyVeryLongSearchHandled()[pri:22, instance:com.ananda.web.admin.tests.AnnouncementTest@31304f14]" name="verifyVeryLongSearchHandled" class="com.ananda.web.admin.tests.AnnouncementTest"/>
        <method signature="AnnouncementTest.verifySqlLikeSearchHandled()[pri:23, instance:com.ananda.web.admin.tests.AnnouncementTest@31304f14]" name="verifySqlLikeSearchHandled" class="com.ananda.web.admin.tests.AnnouncementTest"/>
[...]
          <params>
            <param index="0">
              <value>
                <![CDATA[public void com.ananda.web.admin.tests.AnalyticalReportTest.verifyColumnPopupReopenAfterCancelHandledSafely()]]>
              </value>
            </param>
          </params>
          <reporter-output>
          </reporter-output>
        </test-method> <!-- initExtentTest -->
        <test-method is-config="true" signature="resetAnalyticalReportContext()[pri:0, instance:com.ananda.web.admin.tests.AnalyticalReportTest@bcec361]" started-at="2026-03-21T00:20:13 IST" name="resetAnalyticalReportContext" finished-at="2026-03-21T00:20:13 IST" duration-ms="24" status="PASS">
          <reporter-output>
          </reporter-output>
        </test-method> <!-- resetAnalyticalReportContext -->
        <test-method signature="verifyColumnPopupReopenAfterCancelHandledSafely()[pri:35, instance:com.ananda.web.admin.tests.AnalyticalReportTest@bcec361]" started-at="2026-03-21T00:20:13 IST" name="verifyColumnPopupReopenAfterCancelHandledSafely" finished-at="2026-03-21T00:20:13 IST" duration-ms="11" status="PASS">
          <reporter-output>
          </reporter-output>
        </test-method> <!-- verifyColumnPopupReopenAfterCancelHandledSafely -->
        <test-method is-config="true" signature="pauseBetweenTests()[pri:0, instance:com.ananda.web.admin.tests.AnalyticalReportTest@bcec361]" started-at="2026-03-21T00:20:13 IST" name="pauseBetweenTests" finished-at="2026-03-21T00:20:13 IST" duration-ms="0" status="PASS">
          <reporter-output>
          </reporter-output>
        </test-method> <!-- pauseBetweenTests -->
        <test-method is-config="true" signature="initExtentTest(java.lang.reflect.Method)[pri:0, instance:com.ananda.web.admin.tests.AnalyticalReportTest@bcec361]" started-at="2026-03-21T00:20:13 IST" name="initExtentTest" finished-at="2026-03-21T00:20:13 IST" duration-ms="16" status="PASS">
          <params>
            <param index="0">
              <value>
                <![CDATA[public void com.ananda.web.admin.tests.AnalyticalReportTest.verifyAdvancedSearchReopenAfterCancelHandledSafely()]]>
              </value>
            </param>
          </params>
          <reporter-output>
          </reporter-output>
        </test-method> <!-- initExtentTest -->
        <test-method is-config="true" signature="resetAnalyticalReportContext()[pri:0, instance:com.ananda.web.admin.tests.AnalyticalReportTest@bcec361]" started-at="2026-03-21T00:20:13 IST" name="resetAnalyticalReportContext" finished-at="2026-03-21T00:20:13 IST" duration-ms="20" status="PASS">
          <reporter-output>
          </reporter-output>
        </test-method> <!-- resetAnalyticalReportContext -->
        <test-method signature="verifyAdvancedSearchReopenAfterCancelHandledSafely()[pri:36, instance:com.ananda.web.admin.tests.AnalyticalReportTest@bcec361]" started-at="2026-03-21T00:20:13 IST" name="verifyAdvancedSearchReopenAfterCancelHandledSafely" finished-at="2026-03-21T00:20:13 IST" duration-ms="8" status="PASS">
          <reporter-output>
          </reporter-output>
        </test-method> <!-- verifyAdvancedSearchReopenAfterCancelHandledSafely -->
        <test-method is-config="true" signature="pauseBetweenTests()[pri:0, instance:com.ananda.web.admin.tests.AnalyticalReportTest@bcec361]" started-at="2026-03-21T00:20:13 IST" name="pauseBetweenTests" finished-at="2026-03-21T00:20:13 IST" duration-ms="0" status="PASS">
          <reporter-output>
          </reporter-output>
        </test-method> <!-- pauseBetweenTests -->
        <test-method is-config="true" signature="initExtentTest(java.lang.reflect.Method)[pri:0, instance:com.ananda.web.admin.tests.AnalyticalReportTest@bcec361]" started-at="2026-03-21T00:20:13 IST" name="initExtentTest" finished-at="2026-03-21T00:20:13 IST" duration-ms="27" status="PASS">
          <params>
            <param index="0">
              <value>
                <![CDATA[public void com.ananda.web.admin.tests.AnalyticalReportTest.verifyColumnManagementAndAdvancedSearchSequentialUseHandledSafely()]]>
              </value>
            </param>
          </params>
          <reporter-output>
          </reporter-output>
        </test-method> <!-- initExtentTest -->
        <test-method is-config="true" signature="resetAnalyticalReportContext()[pri:0, instance:com.ananda.web.admin.tests.AnalyticalReportTest@bcec361]" started-at="2026-03-21T00:20:13 IST" name="resetAnalyticalReportContext" finished-at="2026-03-21T00:20:13 IST" duration-ms="27" status="PASS">
          <reporter-output>
          </reporter-output>
        </test-method> <!-- resetAnalyticalReportContext -->
        <test-method signature="verifyColumnManagementAndAdvancedSearchSequentialUseHandledSafely()[pri:37, instance:com.ananda.web.admin.tests.AnalyticalReportTest@bcec361]" started-at="2026-03-21T00:20:13 IST" name="verifyColumnManagementAndAdvancedSearchSequentialUseHandledSafely" finished-at="2026-03-21T00:20:13 IST" duration-ms="62" status="FAIL">
          <exception class="java.lang.AssertionError">
            <message>
              <![CDATA[Sequential Column Management and Advanced Search use caused instability expected [true] but found [false]]]>
            </message>
            <full-stacktrace>
              <![CDATA[java.lang.AssertionError: Sequential Column Management and Advanced Search use caused instability expected [true] but found [false]
at org.testng.Assert.fail(Assert.java:111)
at org.testng.Assert.failNotEquals(Assert.java:1578)
at org.testng.Assert.assertTrue(Assert.java:57)
at com.ananda.web.admin.tests.AnalyticalReportTest.verifyColumnManagementAndAdvancedSearchSequentialUseHandledSafely(AnalyticalReportTest.java:430)
at java.base/jdk.internal.reflect.DirectMethodHandleAccessor.invoke(DirectMethodHandleAccessor.java:104)
at java.base/java.lang.reflect.Method.invoke(Method.java:565)
at org.testng.internal.invokers.MethodInvocationHelper.invokeMethod(MethodInvocationHelper.java:139)
at org.testng.internal.invokers.TestInvoker.invokeMethod(TestInvoker.java:664)
at org.testng.internal.invokers.TestInvoker.invokeTestMethod(TestInvoker.java:228)
at org.testng.internal.invokers.MethodRunner.runInSequence(MethodRunner.java:63)
at org.testng.internal.invokers.TestInvoker$MethodInvocationAgent.invoke(TestInvoker.java:961)
at org.testng.internal.invokers.TestInvoker.invokeTestMethods(TestInvoker.java:201)
at org.testng.internal.invokers.TestMethodWorker.invokeTestMethods(TestMethodWorker.java:148)
at org.testng.internal.invokers.TestMethodWorker.run(TestMethodWorker.java:128)
at java.base/java.util.ArrayList.forEach(ArrayList.java:1604)
at org.testng.TestRunner.privateRun(TestRunner.java:819)
at org.testng.TestRunner.run(TestRunner.java:619)
at org.testng.SuiteRunner.runTest(SuiteRunner.java:443)
at org.testng.SuiteRunner.runSequentially(SuiteRunner.java:437)
at org.testng.SuiteRunner.privateRun(SuiteRunner.java:397)
at org.testng.SuiteRunner.run(SuiteRunner.java:336)
at org.testng.SuiteRunnerWorker.runSuite(SuiteRunnerWorker.java:52)
at org.testng.SuiteRunnerWorker.run(SuiteRunnerWorker.java:95)
at org.testng.TestNG.runSuitesSequentially(TestNG.java:1301)
at org.testng.TestNG.runSuitesLocally(TestNG.java:1228)
at org.testng.TestNG.runSuites(TestNG.java:1134)
at org.testng.TestNG.run(TestNG.java:1101)
at org.apache.maven.surefire.testng.TestNGExecutor.run(TestNGExecutor.java:308)
at org.apache.maven.surefire.testng.TestNGXmlTestSuite.execute(TestNGXmlTestSuite.java:71)
at org.apache.maven.surefire.testng.TestNGProvider.invoke(TestNGProvider.java:113)
at org.apache.maven.surefire.booter.ForkedBooter.runSuitesInProcess(ForkedBooter.java:385)
at org.apache.maven.surefire.booter.ForkedBooter.execute(ForkedBooter.java:162)
at org.apache.maven.surefire.booter.ForkedBooter.run(ForkedBooter.java:507)
at org.apache.maven.surefire.booter.ForkedBooter.main(ForkedBooter.java:495)
]]>
            </full-stacktrace>
          </exception> <!-- java.lang.AssertionError -->
          <reporter-output>
          </reporter-output>
        </test-method> <!-- verifyColumnManagementAndAdvancedSearchSequentialUseHandledSafely -->
        <test-method is-config="true" signature="pauseBetweenTests()[pri:0, instance:com.ananda.web.admin.tests.AnalyticalReportTest@bcec361]" started-at="2026-03-21T00:20:13 IST" name="pauseBetweenTests" finished-at="2026-03-21T00:20:13 IST" duration-ms="1" status="PASS">
          <reporter-output>
          </reporter-output>
        </test-method> <!-- pauseBetweenTests -->
        <test-method is-config="true" signature="initExtentTest(java.lang.reflect.Method)[pri:0, instance:com.ananda.web.admin.tests.AnalyticalReportTest@bcec361]" started-at="2026-03-21T00:20:13 IST" name="initExtentTest" finished-at="2026-03-21T00:20:13 IST" duration-ms="19" status="PASS">
          <params>
            <param index="0">
              <value>
                <![CDATA[public void com.ananda.web.admin.tests.AnalyticalReportTest.verifyLongUiScrollHandledSafely()]]>
              </value>
            </param>
          </params>
          <reporter-output>
          </reporter-output>
        </test-method> <!-- initExtentTest -->
        <test-method is-config="true" signature="resetAnalyticalReportContext()[pri:0, instance:com.ananda.web.admin.tests.AnalyticalReportTest@bcec361]" started-at="2026-03-21T00:20:13 IST" name="resetAnalyticalReportContext" finished-at="2026-03-21T00:20:13 IST" duration-ms="20" status="PASS">
          <reporter-output>
          </reporter-output>
        </test-method> <!-- resetAnalyticalReportContext -->
        <test-method signature="verifyLongUiScrollHandledSafely()[pri:38, instance:com.ananda.web.admin.tests.AnalyticalReportTest@bcec361]" started-at="2026-03-21T00:20:13 IST" name="verifyLongUiScrollHandledSafely" finished-at="2026-03-21T00:20:14 IST" duration-ms="19" status="PASS">
          <reporter-output>
          </reporter-output>
        </test-method> <!-- verifyLongUiScrollHandledSafely -->
        <test-method is-config="true" signature="pauseBetweenTests()[pri:0, instance:com.ananda.web.admin.tests.AnalyticalReportTest@bcec361]" started-at="2026-03-21T00:20:14 IST" name="pauseBetweenTests" finished-at="2026-03-21T00:20:14 IST" duration-ms="0" status="PASS">
          <reporter-output>
          </reporter-output>
        </test-method> <!-- pauseBetweenTests -->
        <test-method is-config="true" signature="initExtentTest(java.lang.reflect.Method)[pri:0, instance:com.ananda.web.admin.tests.AnalyticalReportTest@bcec361]" started-at="2026-03-21T00:20:14 IST" name="initExtentTest" finished-at="2026-03-21T00:20:14 IST" duration-ms="13" status="PASS">
          <params>
            <param index="0">
              <value>
                <![CDATA[public void com.ananda.web.admin.tests.AnalyticalReportTest.verifyRefreshAfterColumnPopupHandledSafely()]]>
              </value>
            </param>
          </params>
          <reporter-output>
          </reporter-output>
        </test-method> <!-- initExtentTest -->
        <test-method is-config="true" signature="resetAnalyticalReportContext()[pri:0, instance:com.ananda.web.admin.tests.AnalyticalReportTest@bcec361]" started-at="2026-03-21T00:20:14 IST" name="resetAnalyticalReportContext" finished-at="2026-03-21T00:20:14 IST" duration-ms="25" status="PASS">
          <reporter-output>
          </reporter-output>
        </test-method> <!-- resetAnalyticalReportContext -->
        <test-method signature="verifyRefreshAfterColumnPopupHandledSafely()[pri:39, instance:com.ananda.web.admin.tests.AnalyticalReportTest@bcec361]" started-at="2026-03-21T00:20:14 IST" name="verifyRefreshAfterColumnPopupHandledSafely" finished-at="2026-03-21T00:20:14 IST" duration-ms="12" status="PASS">
          <reporter-output>
          </reporter-output>
        </test-method> <!-- verifyRefreshAfterColumnPopupHandledSafely -->
        <test-method is-config="true" signature="pauseBetweenTests()[pri:0, instance:com.ananda.web.admin.tests.AnalyticalReportTest@bcec361]" started-at="2026-03-21T00:20:14 IST" name="pauseBetweenTests" finished-at="2026-03-21T00:20:14 IST" duration-ms="0" status="PASS">
          <reporter-output>
          </reporter-output>
        </test-method> <!-- pauseBetweenTests -->
        <test-method is-config="true" signature="initExtentTest(java.lang.reflect.Method)[pri:0, instance:com.ananda.web.admin.tests.AnalyticalReportTest@bcec361]" started-at="2026-03-21T00:20:14 IST" name="initExtentTest" finished-at="2026-03-21T00:20:14 IST" duration-ms="22" status="PASS">
          <params>
            <param index="0">
              <value>
                <![CDATA[public void com.ananda.web.admin.tests.AnalyticalReportTest.verifyRefreshAfterAdvancedSearchHandledSafely()]]>
              </value>
            </param>
          </params>
          <reporter-output>
          </reporter-output>
        </test-method> <!-- initExtentTest -->
        <test-method is-config="true" signature="resetAnalyticalReportContext()[pri:0, instance:com.ananda.web.admin.tests.AnalyticalReportTest@bcec361]" started-at="2026-03-21T00:20:14 IST" name="resetAnalyticalReportContext" finished-at="2026-03-21T00:20:14 IST" duration-ms="26" status="PASS">
          <reporter-output>
          </reporter-output>
        </test-method> <!-- resetAnalyticalReportContext -->
        <test-method signature="verifyRefreshAfterAdvancedSearchHandledSafely()[pri:40, instance:com.ananda.web.admin.tests.AnalyticalReportTest@bcec361]" started-at="2026-03-21T00:20:14 IST" name="verifyRefreshAfterAdvancedSearchHandledSafely" finished-at="2026-03-21T00:20:14 IST" duration-ms="8" status="PASS">
          <reporter-output>
          </reporter-output>
        </test-method> <!-- verifyRefreshAfterAdvancedSearchHandledSafely -->
        <test-method is-config="true" signature="pauseBetweenTests()[pri:0, instance:com.ananda.web.admin.tests.AnalyticalReportTest@bcec361]" started-at="2026-03-21T00:20:14 IST" name="pauseBetweenTests" finished-at="2026-03-21T00:20:14 IST" duration-ms="0" status="PASS">
          <reporter-output>
          </reporter-output>
        </test-method> <!-- pauseBetweenTests -->
        <test-method is-config="true" signature="initExtentTest(java.lang.reflect.Method)[pri:0, instance:com.ananda.web.admin.tests.AnalyticalReportTest@bcec361]" started-at="2026-03-21T00:20:14 IST" name="initExtentTest" finished-at="2026-03-21T00:20:14 IST" duration-ms="19" status="PASS">
          <params>
            <param index="0">
              <value>
                <![CDATA[public void com.ananda.web.admin.tests.AnalyticalReportTest.verifyRapidOpenCloseStability()]]>
              </value>
            </param>
          </params>
          <reporter-output>
          </reporter-output>
        </test-method> <!-- initExtentTest -->
        <test-method is-config="true" signature="resetAnalyticalReportContext()[pri:0, instance:com.ananda.web.admin.tests.AnalyticalReportTest@bcec361]" started-at="2026-03-21T00:20:14 IST" name="resetAnalyticalReportContext" finished-at="2026-03-21T00:20:14 IST" duration-ms="24" status="PASS">
          <reporter-output>
          </reporter-output>
        </test-method> <!-- resetAnalyticalReportContext -->
        <test-method signature="verifyRapidOpenCloseStability()[pri:41, instance:com.ananda.web.admin.tests.AnalyticalReportTest@bcec361]" started-at="2026-03-21T00:20:14 IST" name="verifyRapidOpenCloseStability" finished-at="2026-03-21T00:20:14 IST" duration-ms="62" status="FAIL">
          <exception class="java.lang.AssertionError">
            <message>
              <![CDATA[Rapid popup open/close caused UI instability expected [true] but found [false]]]>
            </message>
            <full-stacktrace>
              <![CDATA[java.lang.AssertionError: Rapid popup open/close caused UI instability expected [true] but found [false]
at org.testng.Assert.fail(Assert.java:111)
at org.testng.Assert.failNotEquals(Assert.java:1578)
at org.testng.Assert.assertTrue(Assert.java:57)
at com.ananda.web.admin.tests.AnalyticalReportTest.verifyRapidOpenCloseStability(AnalyticalReportTest.java:476)
at java.base/jdk.internal.reflect.DirectMethodHandleAccessor.invoke(DirectMethodHandleAccessor.java:104)
at java.base/java.lang.reflect.Method.invoke(Method.java:565)
at org.testng.internal.invokers.MethodInvocationHelper.invokeMethod(MethodInvocationHelper.java:139)
at org.testng.internal.invokers.TestInvoker.invokeMethod(TestInvoker.java:664)
at org.testng.internal.invokers.TestInvoker.invokeTestMethod(TestInvoker.java:228)
at org.testng.internal.invokers.MethodRunner.runInSequence(MethodRunner.java:63)
at org.testng.internal.invokers.TestInvoker$MethodInvocationAgent.invoke(TestInvoker.java:961)
at org.testng.internal.invokers.TestInvoker.invokeTestMethods(TestInvoker.java:201)
at org.testng.internal.invokers.TestMethodWorker.invokeTestMethods(TestMethodWorker.java:148)
at org.testng.internal.invokers.TestMethodWorker.run(TestMethodWorker.java:128)
at java.base/java.util.ArrayList.forEach(ArrayList.java:1604)
at org.testng.TestRunner.privateRun(TestRunner.java:819)
at org.testng.TestRunner.run(TestRunner.java:619)
at org.testng.SuiteRunner.runTest(SuiteRunner.java:443)
at org.testng.SuiteRunner.runSequentially(SuiteRunner.java:437)
at org.testng.SuiteRunner.privateRun(SuiteRunner.java:397)
at org.testng.SuiteRunner.run(SuiteRunner.java:336)
at org.testng.SuiteRunnerWorker.runSuite(SuiteRunnerWorker.java:52)
at org.testng.SuiteRunnerWorker.run(SuiteRunnerWorker.java:95)
at org.testng.TestNG.runSuitesSequentially(TestNG.java:1301)
at org.testng.TestNG.runSuitesLocally(TestNG.java:1228)
at org.testng.TestNG.runSuites(TestNG.java:1134)
at org.testng.TestNG.run(TestNG.java:1101)
at org.apache.maven.surefire.testng.TestNGExecutor.run(TestNGExecutor.java:308)
at org.apache.maven.surefire.testng.TestNGXmlTestSuite.execute(TestNGXmlTestSuite.java:71)
at org.apache.maven.surefire.testng.TestNGProvider.invoke(TestNGProvider.java:113)
at org.apache.maven.surefire.booter.ForkedBooter.runSuitesInProcess(ForkedBooter.java:385)
at org.apache.maven.surefire.booter.ForkedBooter.execute(ForkedBooter.java:162)
at org.apache.maven.surefire.booter.ForkedBooter.run(ForkedBooter.java:507)
at org.apache.maven.surefire.booter.ForkedBooter.main(ForkedBooter.java:495)
]]>
            </full-stacktrace>
          </exception> <!-- java.lang.AssertionError -->
          <reporter-output>
          </reporter-output>
        </test-method> <!-- verifyRapidOpenCloseStability -->
        <test-method is-config="true" signature="pauseBetweenTests()[pri:0, instance:com.ananda.web.admin.tests.AnalyticalReportTest@bcec361]" started-at="2026-03-21T00:20:14 IST" name="pauseBetweenTests" finished-at="2026-03-21T00:20:14 IST" duration-ms="0" status="PASS">
          <reporter-output>
          </reporter-output>
        </test-method> <!-- pauseBetweenTests -->
        <test-method is-config="true" signature="tearDown()[pri:0, instance:com.ananda.web.admin.tests.AnalyticalReportTest@bcec361]" started-at="2026-03-21T00:20:14 IST" name="tearDown" finished-at="2026-03-21T00:20:14 IST" duration-ms="0" status="PASS">
          <reporter-output>
          </reporter-output>
        </test-method> <!-- tearDown -->
        <test-method is-config="true" signature="tearDownSuite()[pri:0, instance:com.ananda.web.admin.tests.AnalyticalReportTest@bcec361]" started-at="2026-03-21T00:20:14 IST" name="tearDownSuite" finished-at="2026-03-21T00:20:14 IST" duration-ms="323" status="PASS">
          <reporter-output>
          </reporter-output>
        </test-method> <!-- tearDownSuite -->
      </class> <!-- com.ananda.web.admin.tests.AnalyticalReportTest -->
    </test> <!-- Analytical Report Tests -->
  </suite> <!-- Ananda Suite -->
</testng-results>
