<?xml version="1.0" encoding="UTF-8"?>
<testng-results ignored="0" total="22" passed="22" failed="0" skipped="0">
  <reporter-output>
  </reporter-output>
  <suite started-at="2026-03-30T09:16:37 IST" name="Surefire suite" finished-at="2026-03-30T09:17:06 IST" duration-ms="29347">
    <groups>
      <group name="Negative">
        <method signature="AccessManagementTest.verifyInvalidRoleSelectionHandled()[pri:17, instance:com.ananda.web.admin.tests.AccessManagementTest@31d7b7bf]" name="verifyInvalidRoleSelectionHandled" class="com.ananda.web.admin.tests.AccessManagementTest"/>
        <method signature="AccessManagementTest.verifyRapidRoleSwitchStability()[pri:18, instance:com.ananda.web.admin.tests.AccessManagementTest@31d7b7bf]" name="verifyRapidRoleSwitchStability" class="com.ananda.web.admin.tests.AccessManagementTest"/>
        <method signature="AccessManagementTest.verifyNoBlankPermissionValuesAfterRoleSelection()[pri:19, instance:com.ananda.web.admin.tests.AccessManagementTest@31d7b7bf]" name="verifyNoBlankPermissionValuesAfterRoleSelection" class="com.ananda.web.admin.tests.AccessManagementTest"/>
        <method signature="AccessManagementTest.verifySpecialCharacterRoleSearchStability()[pri:20, instance:com.ananda.web.admin.tests.AccessManagementTest@31d7b7bf]" name="verifySpecialCharacterRoleSearchStability" class="com.ananda.web.admin.tests.AccessManagementTest"/>
        <method signature="AccessManagementTest.verifyVeryLongRoleSearchStability()[pri:21, instance:com.ananda.web.admin.tests.AccessManagementTest@31d7b7bf]" name="verifyVeryLongRoleSearchStability" class="com.ananda.web.admin.tests.AccessManagementTest"/>
        <method signature="AccessManagementTest.verifyRefreshAfterInvalidSelectionStability()[pri:22, instance:com.ananda.web.admin.tests.AccessManagementTest@31d7b7bf]" name="verifyRefreshAfterInvalidSelectionStability" class="com.ananda.web.admin.tests.AccessManagementTest"/>
      </group> <!-- Negative -->
      <group name="Positive">
        <method signature="AccessManagementTest.verifyAccessManagementPageLoads()[pri:1, instance:com.ananda.web.admin.tests.AccessManagementTest@31d7b7bf]" name="verifyAccessManagementPageLoads" class="com.ananda.web.admin.tests.AccessManagementTest"/>
        <method signature="AccessManagementTest.verifyUserRoleDropdownVisible()[pri:2, instance:com.ananda.web.admin.tests.AccessManagementTest@31d7b7bf]" name="verifyUserRoleDropdownVisible" class="com.ananda.web.admin.tests.AccessManagementTest"/>
        <method signature="AccessManagementTest.verifyRoleDropdownHasOptions()[pri:3, instance:com.ananda.web.admin.tests.AccessManagementTest@31d7b7bf]" name="verifyRoleDropdownHasOptions" class="com.ananda.web.admin.tests.AccessManagementTest"/>
        <method signature="AccessManagementTest.verifyRoleOptionsAvailable()[pri:4, instance:com.ananda.web.admin.tests.AccessManagementTest@31d7b7bf]" name="verifyRoleOptionsAvailable" class="com.ananda.web.admin.tests.AccessManagementTest"/>
        <method signature="AccessManagementTest.verifyEmptyPromptBeforeSelectionOrLoadedState()[pri:5, instance:com.ananda.web.admin.tests.AccessManagementTest@31d7b7bf]" name="verifyEmptyPromptBeforeSelectionOrLoadedState" class="com.ananda.web.admin.tests.AccessManagementTest"/>
        <method signature="AccessManagementTest.verifySelectRoleLoadsPermissionMatrix()[pri:6, instance:com.ananda.web.admin.tests.AccessManagementTest@31d7b7bf]" name="verifySelectRoleLoadsPermissionMatrix" class="com.ananda.web.admin.tests.AccessManagementTest"/>
        <method signature="AccessManagementTest.verifyCommonPermissionModulesVisible()[pri:7, instance:com.ananda.web.admin.tests.AccessManagementTest@31d7b7bf]" name="verifyCommonPermissionModulesVisible" class="com.ananda.web.admin.tests.AccessManagementTest"/>
        <method signature="AccessManagementTest.verifyPermissionValuesAllowedSet()[pri:8, instance:com.ananda.web.admin.tests.AccessManagementTest@31d7b7bf]" name="verifyPermissionValuesAllowedSet" class="com.ananda.web.admin.tests.AccessManagementTest"/>
        <method signature="AccessManagementTest.verifyPermissionDropdownsInteractable()[pri:9, instance:com.ananda.web.admin.tests.AccessManagementTest@31d7b7bf]" name="verifyPermissionDropdownsInteractable" class="com.ananda.web.admin.tests.AccessManagementTest"/>
        <method signature="AccessManagementTest.verifyCanOpenAnyPermissionDropdown()[pri:10, instance:com.ananda.web.admin.tests.AccessManagementTest@31d7b7bf]" name="verifyCanOpenAnyPermissionDropdown" class="com.ananda.web.admin.tests.AccessManagementTest"/>
        <method signature="AccessManagementTest.verifyRoleSwitchChangesContext()[pri:11, instance:com.ananda.web.admin.tests.AccessManagementTest@31d7b7bf]" name="verifyRoleSwitchChangesContext" class="com.ananda.web.admin.tests.AccessManagementTest"/>
        <method signature="AccessManagementTest.verifyRoleSelectionPersistsAcrossRefresh()[pri:12, instance:com.ananda.web.admin.tests.AccessManagementTest@31d7b7bf]" name="verifyRoleSelectionPersistsAcrossRefresh" class="com.ananda.web.admin.tests.AccessManagementTest"/>
        <method signature="AccessManagementTest.verifyPermissionUpdateOptional()[pri:13, instance:com.ananda.web.admin.tests.AccessManagementTest@31d7b7bf]" name="verifyPermissionUpdateOptional" class="com.ananda.web.admin.tests.AccessManagementTest"/>
        <method signature="AccessManagementTest.verifyScrollAndUiStability()[pri:14, instance:com.ananda.web.admin.tests.AccessManagementTest@31d7b7bf]" name="verifyScrollAndUiStability" class="com.ananda.web.admin.tests.AccessManagementTest"/>
        <method signature="AccessManagementTest.verifyLastPermissionControlUsableAfterScroll()[pri:15, instance:com.ananda.web.admin.tests.AccessManagementTest@31d7b7bf]" name="verifyLastPermissionControlUsableAfterScroll" class="com.ananda.web.admin.tests.AccessManagementTest"/>
        <method signature="AccessManagementTest.verifyNoDuplicatePermissionRows()[pri:16, instance:com.ananda.web.admin.tests.AccessManagementTest@31d7b7bf]" name="verifyNoDuplicatePermissionRows" class="com.ananda.web.admin.tests.AccessManagementTest"/>
      </group> <!-- Positive -->
      <group name="AccessManagement">
        <method signature="AccessManagementTest.verifyAccessManagementPageLoads()[pri:1, instance:com.ananda.web.admin.tests.AccessManagementTest@31d7b7bf]" name="verifyAccessManagementPageLoads" class="com.ananda.web.admin.tests.AccessManagementTest"/>
        <method signature="AccessManagementTest.verifyUserRoleDropdownVisible()[pri:2, instance:com.ananda.web.admin.tests.AccessManagementTest@31d7b7bf]" name="verifyUserRoleDropdownVisible" class="com.ananda.web.admin.tests.AccessManagementTest"/>
        <method signature="AccessManagementTest.verifyRoleDropdownHasOptions()[pri:3, instance:com.ananda.web.admin.tests.AccessManagementTest@31d7b7bf]" name="verifyRoleDropdownHasOptions" class="com.ananda.web.admin.tests.AccessManagementTest"/>
        <method signature="AccessManagementTest.verifyRoleOptionsAvailable()[pri:4, instance:com.ananda.web.admin.tests.AccessManagementTest@31d7b7bf]" name="verifyRoleOptionsAvailable" class="com.ananda.web.admin.tests.AccessManagementTest"/>
        <method signature="AccessManagementTest.verifyEmptyPromptBeforeSelectionOrLoadedState()[pri:5, instance:com.ananda.web.admin.tests.AccessManagementTest@31d7b7bf]" name="verifyEmptyPromptBeforeSelectionOrLoadedState" class="com.ananda.web.admin.tests.AccessManagementTest"/>
        <method signature="AccessManagementTest.verifySelectRoleLoadsPermissionMatrix()[pri:6, instance:com.ananda.web.admin.tests.AccessManagementTest@31d7b7bf]" name="verifySelectRoleLoadsPermissionMatrix" class="com.ananda.web.admin.tests.AccessManagementTest"/>
        <method signature="AccessManagementTest.verifyCommonPermissionModulesVisible()[pri:7, instance:com.ananda.web.admin.tests.AccessManagementTest@31d7b7bf]" name="verifyCommonPermissionModulesVisible" class="com.ananda.web.admin.tests.AccessManagementTest"/>
        <method signature="AccessManagementTest.verifyPermissionValuesAllowedSet()[pri:8, instance:com.ananda.web.admin.tests.AccessManagementTest@31d7b7bf]" name="verifyPermissionValuesAllowedSet" class="com.ananda.web.admin.tests.AccessManagementTest"/>
        <method signature="AccessManagementTest.verifyPermissionDropdownsInteractable()[pri:9, instance:com.ananda.web.admin.tests.AccessManagementTest@31d7b7bf]" name="verifyPermissionDropdownsInteractable" class="com.ananda.web.admin.tests.AccessManagementTest"/>
        <method signature="AccessManagementTest.verifyCanOpenAnyPermissionDropdown()[pri:10, instance:com.ananda.web.admin.tests.AccessManagementTest@31d7b7bf]" name="verifyCanOpenAnyPermissionDropdown" class="com.ananda.web.admin.tests.AccessManagementTest"/>
        <method signature="AccessManagementTest.verifyRoleSwitchChangesContext()[pri:11, instance:com.ananda.web.admin.tests.AccessManagementTest@31d7b7bf]" name="verifyRoleSwitchChangesContext" class="com.ananda.web.admin.tests.AccessManagementTest"/>
        <method signature="AccessManagementTest.verifyRoleSelectionPersistsAcrossRefresh()[pri:12, instance:com.ananda.web.admin.tests.AccessManagementTest@31d7b7bf]" name="verifyRoleSelectionPersistsAcrossRefresh" class="com.ananda.web.admin.tests.AccessManagementTest"/>
        <method signature="AccessManagementTest.verifyPermissionUpdateOptional()[pri:13, instance:com.ananda.web.admin.tests.AccessManagementTest@31d7b7bf]" name="verifyPermissionUpdateOptional" class="com.ananda.web.admin.tests.AccessManagementTest"/>
        <method signature="AccessManagementTest.verifyScrollAndUiStability()[pri:14, instance:com.ananda.web.admin.tests.AccessManagementTest@31d7b7bf]" name="verifyScrollAndUiStability" class="com.ananda.web.admin.tests.AccessManagementTest"/>
        <method signature="AccessManagementTest.verifyLastPermissionControlUsableAfterScroll()[pri:15, instance:com.ananda.web.admin.tests.AccessManagementTest@31d7b7bf]" name="verifyLastPermissionControlUsableAfterScroll" class="com.ananda.web.admin.tests.AccessManagementTest"/>
        <method signature="AccessManagementTest.verifyNoDuplicatePermissionRows()[pri:16, instance:com.ananda.web.admin.tests.AccessManagementTest@31d7b7bf]" name="verifyNoDuplicatePermissionRows" class="com.ananda.web.admin.tests.AccessManagementTest"/>
        <method signature="AccessManagementTest.verifyInvalidRoleSelectionHandled()[pri:17, instance:com.ananda.web.admin.tests.AccessManagementTest@31d7b7bf]" name="verifyInvalidRoleSelectionHandled" class="com.ananda.web.admin.tests.AccessManagementTest"/>
        <method signature="AccessManagementTest.verifyRapidRoleSwitchStability()[pri:18, instance:com.ananda.web.admin.tests.AccessManagementTest@31d7b7bf]" name="verifyRapidRoleSwitchStability" class="com.ananda.web.admin.tests.AccessManagementTest"/>
        <method signature="AccessManagementTest.verifyNoBlankPermissionValuesAfterRoleSelection()[pri:19, instance:com.ananda.web.admin.tests.AccessManagementTest@31d7b7bf]" name="verifyNoBlankPermissionValuesAfterRoleSelection" class="com.ananda.web.admin.tests.AccessManagementTest"/>
        <method signature="AccessManagementTest.verifySpecialCharacterRoleSearchStability()[pri:20, instance:com.ananda.web.admin.tests.AccessManagementTest@31d7b7bf]" name="verifySpecialCharacterRoleSearchStability" class="com.ananda.web.admin.tests.AccessManagementTest"/>
        <method signature="AccessManagementTest.verifyVeryLongRoleSearchStability()[pri:21, instance:com.ananda.web.admin.tests.AccessManagementTest@31d7b7bf]" name="verifyVeryLongRoleSearchStability" class="com.ananda.web.admin.tests.AccessManagementTest"/>
        <method signature="AccessManagementTest.verifyRefreshAfterInvalidSelectionStability()[pri:22, instance:com.ananda.web.admin.tests.AccessManagementTest@31d7b7bf]" name="verifyRefreshAfterInvalidSelectionStability" class="com.ananda.web.admin.tests.AccessManagementTest"/>
      </group> <!-- AccessManagement -->
    </groups>
    <test started-at="2026-03-30T09:16:37 IST" name="Surefire test" finished-at="2026-03-30T09:17:06 IST" duration-ms="29347">
      <class name="com.ananda.web.admin.tests.AccessManagementTest">
        <test-method is-config="true" signature="setUp()[pri:0, instance:com.ananda.web.admin.tests.AccessManagementTest@31d7b7bf]" started-at="2026-03-30T09:16:37 IST" name="setUp" finished-at="2026-03-30T09:16:51 IST" duration-ms="14311" status="PASS">
          <reporter-output>
          </reporter-output>
        </test-method> <!-- setUp -->
        <test-method is-config="true" signature="setup()[pri:0, instance:com.ananda.web.admin.tests.AccessManagementTest@31d7b7bf]" started-at="2026-03-30T09:16:51 IST" name="setup" finished-at="2026-03-30T09:16:53 IST" duration-ms="1595" status="PASS">
          <reporter-output>
          </reporter-output>
        </test-method> <!-- setup -->
        <test-method is-config="true" signature="initExtentTest(java.lang.reflect.Method)[pri:0, instance:com.ananda.web.admin.tests.AccessManagementTest@31d7b7bf]" started-at="2026-03-30T09:16:53 IST" name="initExtentTest" finished-at="2026-03-30T09:16:54 IST" duration-ms="283" status="PASS">
          <params>
            <param index="0">
              <value>
                <![CDATA[public void com.ananda.web.admin.tests.AccessManagementTest.verifyAccessManagementPageLoads()]]>
              </value>
            </param>
          </params>
          <reporter-output>
          </reporter-output>
        </test-method> <!-- initExtentTest -->
        <test-method is-config="true" signature="resetAccessContext()[pri:0, instance:com.ananda.web.admin.tests.AccessManagementTest@31d7b7bf]" started-at="2026-03-30T09:16:54 IST" name="resetAccessContext" finished-at="2026-03-30T09:16:54 IST" duration-ms="29" status="PASS">
          <reporter-output>
          </reporter-output>
        </test-method> <!-- resetAccessContext -->
        <test-method signature="verifyAccessManagementPageLoads()[pri:1, instance:com.ananda.web.admin.tests.AccessManagementTest@31d7b7bf]" started-at="2026-03-30T09:16:54 IST" name="verifyAccessManagementPageLoads" finished-at="2026-03-30T09:16:54 IST" duration-ms="26" status="PASS">
          <reporter-output>
          </reporter-output>
        </test-method> <!-- verifyAccessManagementPageLoads -->
        <test-method is-config="true" signature="pauseBetweenTests()[pri:0, instance:com.ananda.web.admin.tests.AccessManagementTest@31d7b7bf]" started-at="2026-03-30T09:16:54 IST" name="pauseBetweenTests" finished-at="2026-03-30T09:16:54 IST" duration-ms="0" status="PASS">
          <reporter-output>
          </reporter-output>
        </test-method> <!-- pauseBetweenTests -->
        <test-method is-config="true" signature="initExtentTest(java.lang.reflect.Method)[pri:0, instance:com.ananda.web.admin.tests.AccessManagementTest@31d7b7bf]" started-at="2026-03-30T09:16:54 IST" name="initExtentTest" finished-at="2026-03-30T09:16:54 IST" duration-ms="46" status="PASS">
          <params>
            <param index="0">
              <value>
                <![CDATA[public void com.ananda.web.admin.tests.AccessManagementTest.verifyUserRoleDropdownVisible()]]>
              </value>
            </param>
          </params>
          <reporter-output>
          </reporter-output>
        </test-method> <!-- initExtentTest -->
        <test-method is-config="true" signature="resetAccessContext()[pri:0, instance:com.ananda.web.admin.tests.AccessManagementTest@31d7b7bf]" started-at="2026-03-30T09:16:54 IST" name="resetAccessContext" finished-at="2026-03-30T09:16:54 IST" duration-ms="13" status="PASS">
          <reporter-output>
          </reporter-output>
        </test-method> <!-- resetAccessContext -->
        <test-method signature="verifyUserRoleDropdownVisible()[pri:2, instance:com.ananda.web.admin.tests.AccessManagementTest@31d7b7bf]" started-at="2026-03-30T09:16:54 IST" name="verifyUserRoleDropdownVisible" finished-at="2026-03-30T09:16:54 IST" duration-ms="29" status="PASS">
          <reporter-output>
          </reporter-output>
        </test-method> <!-- verifyUserRoleDropdownVisible -->
        <test-method is-config="true" signature="pauseBetweenTests()[pri:0, instance:com.ananda.web.admin.tests.AccessManagementTest@31d7b7bf]" started-at="2026-03-30T09:16:54 IST" name="pauseBetweenTests" finished-at="2026-03-30T09:16:54 IST" duration-ms="0" status="PASS">
          <reporter-output>
          </reporter-output>
        </test-method> <!-- pauseBetweenTests -->
        <test-method is-config="true" signature="initExtentTest(java.lang.reflect.Method)[pri:0, instance:com.ananda.web.admin.tests.AccessManagementTest@31d7b7bf]" started-at="2026-03-30T09:16:54 IST" name="initExtentTest" finished-at="2026-03-30T09:16:54 IST" duration-ms="54" status="PASS">
          <params>
            <param index="0">
              <value>
                <![CDATA[public void com.ananda.web.admin.tests.AccessManagementTest.verifyRoleDropdownHasOptions()]]>
              </value>
            </param>
          </params>
          <reporter-output>
          </reporter-output>
        </test-method> <!-- initExtentTest -->
        <test-method is-config="true" signature="resetAccessContext()[pri:0, instance:com.ananda.web.admin.tests.AccessManagementTest@31d7b7bf]" started-at="2026-03-30T09:16:54 IST" name="resetAccessContext" finished-at="2026-03-30T09:16:54 IST" duration-ms="17" status="PASS">
          <reporter-output>
          </reporter-output>
        </test-method> <!-- resetAccessContext -->
        <test-method signature="verifyRoleDropdownHasOptions()[pri:3, instance:com.ananda.web.admin.tests.AccessManagementTest@31d7b7bf]" started-at="2026-03-30T09:16:54 IST" name="verifyRoleDropdownHasOptions" finished-at="2026-03-30T09:16:57 IST" duration-ms="2798" status="PASS">
          <reporter-output>
          </reporter-output>
        </test-method> <!-- verifyRoleDropdownHasOptions -->
        <test-method is-config="true" signature="pauseBetweenTests()[pri:0, instance:com.ananda.web.admin.tests.AccessManagementTest@31d7b7bf]" started-at="2026-03-30T09:16:57 IST" name="pauseBetweenTests" finished-at="2026-03-30T09:16:57 IST" duration-ms="1" status="PASS">
          <reporter-output>
          </reporter-output>
        </test-method> <!-- pauseBetweenTests -->
        <test-method is-config="true" signature="initExtentTest(java.lang.reflect.Method)[pri:0, instance:com.ananda.web.admin.tests.AccessManagementTest@31d7b7bf]" started-at="2026-03-30T09:16:57 IST" name="initExtentTest" finished-at="2026-03-30T09:16:57 IST" duration-ms="133" status="PASS">
          <params>
            <param index="0">
              <value>
                <![CDATA[public void com.ananda.web.admin.tests.AccessManagementTest.verifyRoleOptionsAvailable()]]>
              </value>
            </param>
          </params>
          <reporter-output>
          </reporter-output>
        </test-method> <!-- initExtentTest -->
        <test-method is-config="true" signature="resetAccessContext()[pri:0, instance:com.ananda.web.admin.tests.AccessManagementTest@31d7b7bf]" started-at="2026-03-30T09:16:57 IST" name="resetAccessContext" finished-at="2026-03-30T09:16:57 IST" duration-ms="14" status="PASS">
          <reporter-output>
          </reporter-output>
        </test-method> <!-- resetAccessContext -->
        <test-method signature="verifyRoleOptionsAvailable()[pri:4, instance:com.ananda.web.admin.tests.AccessManagementTest@31d7b7bf]" started-at="2026-03-30T09:16:57 IST" name="verifyRoleOptionsAvailable" finished-at="2026-03-30T09:16:58 IST" duration-ms="861" status="PASS">
          <reporter-output>
          </reporter-output>
        </test-method> <!-- verifyRoleOptionsAvailable -->
        <test-method is-config="true" signature="pauseBetweenTests()[pri:0, instance:com.ananda.web.admin.tests.AccessManagementTest@31d7b7bf]" started-at="2026-03-30T09:16:58 IST" name="pauseBetweenTests" finished-at="2026-03-30T09:16:58 IST" duration-ms="31" status="PASS">
          <reporter-output>
          </reporter-output>
        </test-method> <!-- pauseBetweenTests -->
        <test-method is-config="true" signature="initExtentTest(java.lang.reflect.Method)[pri:0, instance:com.ananda.web.admin.tests.AccessManagementTest@31d7b7bf]" started-at="2026-03-30T09:16:58 IST" name="initExtentTest" finished-at="2026-03-30T09:16:58 IST" duration-ms="114" status="PASS">
          <params>
            <param index="0">
              <value>
                <![CDATA[public void com.ananda.web.admin.tests.AccessManagementTest.verifyEmptyPromptBeforeSelectionOrLoadedState()]]>
              </value>
            </param>
          </params>
          <reporter-output>
          </reporter-output>
        </test-method> <!-- initExtentTest -->
        <test-method is-config="true" signature="resetAccessContext()[pri:0, instance:com.ananda.web.admin.tests.AccessManagementTest@31d7b7bf]" started-at="2026-03-30T09:16:58 IST" name="resetAccessContext" finished-at="2026-03-30T09:16:58 IST" duration-ms="49" status="PASS">
          <reporter-output>
          </reporter-output>
        </test-method> <!-- resetAccessContext -->
        <test-method signature="verifyEmptyPromptBeforeSelectionOrLoadedState()[pri:5, instance:com.ananda.web.admin.tests.AccessManagementTest@31d7b7bf]" started-at="2026-03-30T09:16:58 IST" name="verifyEmptyPromptBeforeSelectionOrLoadedState" finished-at="2026-03-30T09:16:58 IST" duration-ms="45" status="PASS">
          <reporter-output>
          </reporter-output>
        </test-method> <!-- verifyEmptyPromptBeforeSelectionOrLoadedState -->
        <test-method is-config="true" signature="pauseBetweenTests()[pri:0, instance:com.ananda.web.admin.tests.AccessManagementTest@31d7b7bf]" started-at="2026-03-30T09:16:58 IST" name="pauseBetweenTests" finished-at="2026-03-30T09:16:58 IST" duration-ms="0" status="PASS">
          <reporter-output>
          </reporter-output>
        </test-method> <!-- pauseBetweenTests -->
        <test-method is-config="true" signature="initExtentTest(java.lang.reflect.Method)[pri:0, instance:com.ananda.web.admin.tests.AccessManagementTest@31d7b7bf]" started-at="2026-03-30T09:16:58 IST" name="initExtentTest" finished-at="2026-03-30T09:16:58 IST" duration-ms="120" status="PASS">
          <params>
            <param index="0">
              <value>
                <![CDATA[public void com.ananda.web.admin.tests.AccessManagementTest.verifySelectRoleLoadsPermissionMatrix()]]>
              </value>
            </param>
          </params>
          <reporter-output>
          </reporter-output>
        </test-method> <!-- initExtentTest -->
        <test-method is-config="true" signature="resetAccessContext()[pri:0, instance:com.ananda.web.admin.tests.AccessManagementTest@31d7b7bf]" started-at="2026-03-30T09:16:58 IST" name="resetAccessContext" finished-at="2026-03-30T09:16:58 IST" duration-ms="35" status="PASS">
          <reporter-output>
          </reporter-output>
        </test-method> <!-- resetAccessContext -->
        <test-method signature="verifySelectRoleLoadsPermissionMatrix()[pri:6, instance:com.ananda.web.admin.tests.AccessManagementTest@31d7b7bf]" started-at="2026-03-30T09:16:58 IST" name="verifySelectRoleLoadsPermissionMatrix" finished-at="2026-03-30T09:16:58 IST" duration-ms="1" status="PASS">
          <reporter-output>
          </reporter-output>
        </test-method> <!-- verifySelectRoleLoadsPermissionMatrix -->
        <test-method is-config="true" signature="pauseBetweenTests()[pri:0, instance:com.ananda.web.admin.tests.AccessManagementTest@31d7b7bf]" started-at="2026-03-30T09:16:58 IST" name="pauseBetweenTests" finished-at="2026-03-30T09:16:58 IST" duration-ms="1" status="PASS">
          <reporter-output>
          </reporter-output>
        </test-method> <!-- pauseBetweenTests -->
        <test-method is-config="true" signature="initExtentTest(java.lang.reflect.Method)[pri:0, instance:com.ananda.web.admin.tests.AccessManagementTest@31d7b7bf]" started-at="2026-03-30T09:16:58 IST" name="initExtentTest" finished-at="2026-03-30T09:16:58 IST" duration-ms="68" status="PASS">
          <params>
            <param index="0">
              <value>
                <![CDATA[public void com.ananda.web.admin.tests.AccessManagementTest.verifyCommonPermissionModulesVisible()]]>
              </value>
            </param>
          </params>
          <reporter-output>
          </reporter-output>
        </test-method> <!-- initExtentTest -->
        <test-method is-config="true" signature="resetAccessContext()[pri:0, instance:com.ananda.web.admin.tests.AccessManagementTest@31d7b7bf]" started-at="2026-03-30T09:16:58 IST" name="resetAccessContext" finished-at="2026-03-30T09:16:58 IST" duration-ms="18" status="PASS">
          <reporter-output>
          </reporter-output>
        </test-method> <!-- resetAccessContext -->
        <test-method signature="verifyCommonPermissionModulesVisible()[pri:7, instance:com.ananda.web.admin.tests.AccessManagementTest@31d7b7bf]" started-at="2026-03-30T09:16:58 IST" name="verifyCommonPermissionModulesVisible" finished-at="2026-03-30T09:16:58 IST" duration-ms="101" status="PASS">
          <reporter-output>
          </reporter-output>
        </test-method> <!-- verifyCommonPermissionModulesVisible -->
        <test-method is-config="true" signature="pauseBetweenTests()[pri:0, instance:com.ananda.web.admin.tests.AccessManagementTest@31d7b7bf]" started-at="2026-03-30T09:16:58 IST" name="pauseBetweenTests" finished-at="2026-03-30T09:16:58 IST" duration-ms="0" status="PASS">
          <reporter-output>
          </reporter-output>
        </test-method> <!-- pauseBetweenTests -->
        <test-method is-config="true" signature="initExtentTest(java.lang.reflect.Method)[pri:0, instance:com.ananda.web.admin.tests.AccessManagementTest@31d7b7bf]" started-at="2026-03-30T09:16:58 IST" name="initExtentTest" finished-at="2026-03-30T09:16:58 IST" duration-ms="103" status="PASS">
          <params>
            <param index="0">
              <value>
                <![CDATA[public void com.ananda.web.admin.tests.AccessManagementTest.verifyPermissionValuesAllowedSet()]]>
              </value>
            </param>
          </params>
          <reporter-output>
          </reporter-output>
        </test-method> <!-- initExtentTest -->
        <test-method is-config="true" signature="resetAccessContext()[pri:0, instance:com.ananda.web.admin.tests.AccessManagementTest@31d7b7bf]" started-at="2026-03-30T09:16:58 IST" name="resetAccessContext" finished-at="2026-03-30T09:16:58 IST" duration-ms="13" status="PASS">
          <reporter-output>
          </reporter-output>
        </test-method> <!-- resetAccessContext -->
        <test-method signature="verifyPermissionValuesAllowedSet()[pri:8, instance:com.ananda.web.admin.tests.AccessManagementTest@31d7b7bf]" started-at="2026-03-30T09:16:58 IST" name="verifyPermissionValuesAllowedSet" finished-at="2026-03-30T09:16:59 IST" duration-ms="156" status="PASS">
          <reporter-output>
          </reporter-output>
        </test-method> <!-- verifyPermissionValuesAllowedSet -->
        <test-method is-config="true" signature="pauseBetweenTests()[pri:0, instance:com.ananda.web.admin.tests.AccessManagementTest@31d7b7bf]" started-at="2026-03-30T09:16:59 IST" name="pauseBetweenTests" finished-at="2026-03-30T09:16:59 IST" duration-ms="0" status="PASS">
          <reporter-output>
          </reporter-output>
        </test-method> <!-- pauseBetweenTests -->
        <test-method is-config="true" signature="initExtentTest(java.lang.reflect.Method)[pri:0, instance:com.ananda.web.admin.tests.AccessManagementTest@31d7b7bf]" started-at="2026-03-30T09:16:59 IST" name="initExtentTest" finished-at="2026-03-30T09:16:59 IST" duration-ms="90" status="PASS">
          <params>
            <param index="0">
              <value>
                <![CDATA[public void com.ananda.web.admin.tests.AccessManagementTest.verifyPermissionDropdownsInteractable()]]>
              </value>
            </param>
          </params>
          <reporter-output>
          </reporter-output>
        </test-method> <!-- initExtentTest -->
        <test-method is-config="true" signature="resetAccessContext()[pri:0, instance:com.ananda.web.admin.tests.AccessManagementTest@31d7b7bf]" started-at="2026-03-30T09:16:59 IST" name="resetAccessContext" finished-at="2026-03-30T09:16:59 IST" duration-ms="33" status="PASS">
          <reporter-output>
          </reporter-output>
        </test-method> <!-- resetAccessContext -->
        <test-method signature="verifyPermissionDropdownsInteractable()[pri:9, instance:com.ananda.web.admin.tests.AccessManagementTest@31d7b7bf]" started-at="2026-03-30T09:16:59 IST" name="verifyPermissionDropdownsInteractable" finished-at="2026-03-30T09:16:59 IST" duration-ms="131" status="PASS">
          <reporter-output>
          </reporter-output>
        </test-method> <!-- verifyPermissionDropdownsInteractable -->
        <test-method is-config="true" signature="pauseBetweenTests()[pri:0, instance:com.ananda.web.admin.tests.AccessManagementTest@31d7b7bf]" started-at="2026-03-30T09:16:59 IST" name="pauseBetweenTests" finished-at="2026-03-30T09:16:59 IST" duration-ms="0" status="PASS">
          <reporter-output>
          </reporter-output>
        </test-method> <!-- pauseBetweenTests -->
        <test-method is-config="true" signature="initExtentTest(java.lang.reflect.Method)[pri:0, instance:com.ananda.web.admin.tests.AccessManagementTest@31d7b7bf]" started-at="2026-03-30T09:16:59 IST" name="initExtentTest" finished-at="2026-03-30T09:16:59 IST" duration-ms="75" status="PASS">
          <params>
            <param index="0">
              <value>
                <![CDATA[public void com.ananda.web.admin.tests.AccessManagementTest.verifyCanOpenAnyPermissionDropdown()]]>
              </value>
            </param>
          </params>
          <reporter-output>
          </reporter-output>
        </test-method> <!-- initExtentTest -->
        <test-method is-config="true" signature="resetAccessContext()[pri:0, instance:com.ananda.web.admin.tests.AccessManagementTest@31d7b7bf]" started-at="2026-03-30T09:16:59 IST" name="resetAccessContext" finished-at="2026-03-30T09:16:59 IST" duration-ms="22" status="PASS">
          <reporter-output>
          </reporter-output>
        </test-method> <!-- resetAccessContext -->
        <test-method signature="verifyCanOpenAnyPermissionDropdown()[pri:10, instance:com.ananda.web.admin.tests.AccessManagementTest@31d7b7bf]" started-at="2026-03-30T09:16:59 IST" name="verifyCanOpenAnyPermissionDropdown" finished-at="2026-03-30T09:16:59 IST" duration-ms="189" status="PASS">
          <reporter-output>
          </reporter-output>
        </test-method> <!-- verifyCanOpenAnyPermissionDropdown -->
        <test-method is-config="true" signature="pauseBetweenTests()[pri:0, instance:com.ananda.web.admin.tests.AccessManagementTest@31d7b7bf]" started-at="2026-03-30T09:16:59 IST" name="pauseBetweenTests" finished-at="2026-03-30T09:16:59 IST" duration-ms="0" status="PASS">
          <reporter-output>
          </reporter-output>
        </test-method> <!-- pauseBetweenTests -->
        <test-method is-config="true" signature="initExtentTest(java.lang.reflect.Method)[pri:0, instance:com.ananda.web.admin.tests.AccessManagementTest@31d7b7bf]" started-at="2026-03-30T09:16:59 IST" name="initExtentTest" finished-at="2026-03-30T09:16:59 IST" duration-ms="100" status="PASS">
          <params>
            <param index="0">
              <value>
                <![CDATA[public void com.ananda.web.admin.tests.AccessManagementTest.verifyRoleSwitchChangesContext()]]>
              </value>
            </param>
          </params>
          <reporter-output>
          </reporter-output>
        </test-method> <!-- initExtentTest -->
        <test-method is-config="true" signature="resetAccessContext()[pri:0, instance:com.ananda.web.admin.tests.AccessManagementTest@31d7b7bf]" started-at="2026-03-30T09:16:59 IST" name="resetAccessContext" finished-at="2026-03-30T09:16:59 IST" duration-ms="18" status="PASS">
          <reporter-output>
          </reporter-output>
        </test-method> <!-- resetAccessContext -->
        <test-method signature="verifyRoleSwitchChangesContext()[pri:11, instance:com.ananda.web.admin.tests.AccessManagementTest@31d7b7bf]" started-at="2026-03-30T09:16:59 IST" name="verifyRoleSwitchChangesContext" finished-at="2026-03-30T09:16:59 IST" duration-ms="3" status="PASS">
          <reporter-output>
          </reporter-output>
        </test-method> <!-- verifyRoleSwitchChangesContext -->
        <test-method is-config="true" signature="pauseBetweenTests()[pri:0, instance:com.ananda.web.admin.tests.AccessManagementTest@31d7b7bf]" started-at="2026-03-30T09:16:59 IST" name="pauseBetweenTests" finished-at="2026-03-30T09:16:59 IST" duration-ms="2" status="PASS">
          <reporter-output>
          </reporter-output>
        </test-method> <!-- pauseBetweenTests -->
        <test-method is-config="true" signature="initExtentTest(java.lang.reflect.Method)[pri:0, instance:com.ananda.web.admin.tests.AccessManagementTest@31d7b7bf]" started-at="2026-03-30T09:16:59 IST" name="initExtentTest" finished-at="2026-03-30T09:16:59 IST" duration-ms="73" status="PASS">
          <params>
            <param index="0">
              <value>
                <![CDATA[public void com.ananda.web.admin.tests.AccessManagementTest.verifyRoleSelectionPersistsAcrossRefresh()]]>
              </value>
            </param>
          </params>
          <reporter-output>
          </reporter-output>
        </test-method> <!-- initExtentTest -->
        <test-method is-config="true" signature="resetAccessContext()[pri:0, instance:com.ananda.web.admin.tests.AccessManagementTest@31d7b7bf]" started-at="2026-03-30T09:16:59 IST" name="resetAccessContext" finished-at="2026-03-30T09:16:59 IST" duration-ms="17" status="PASS">
          <reporter-output>
          </reporter-output>
        </test-method> <!-- resetAccessContext -->
        <test-method signature="verifyRoleSelectionPersistsAcrossRefresh()[pri:12, instance:com.ananda.web.admin.tests.AccessManagementTest@31d7b7bf]" started-at="2026-03-30T09:16:59 IST" name="verifyRoleSelectionPersistsAcrossRefresh" finished-at="2026-03-30T09:16:59 IST" duration-ms="5" status="PASS">
          <reporter-output>
          </reporter-output>
        </test-method> <!-- verifyRoleSelectionPersistsAcrossRefresh -->
        <test-method is-config="true" signature="pauseBetweenTests()[pri:0, instance:com.ananda.web.admin.tests.AccessManagementTest@31d7b7bf]" started-at="2026-03-30T09:16:59 IST" name="pauseBetweenTests" finished-at="2026-03-30T09:16:59 IST" duration-ms="1" status="PASS">
          <reporter-output>
          </reporter-output>
        </test-method> <!-- pauseBetweenTests -->
        <test-method is-config="true" signature="initExtentTest(java.lang.reflect.Method)[pri:0, instance:com.ananda.web.admin.tests.AccessManagementTest@31d7b7bf]" started-at="2026-03-30T09:16:59 IST" name="initExtentTest" finished-at="2026-03-30T09:16:59 IST" duration-ms="122" status="PASS">
          <params>
            <param index="0">
              <value>
                <![CDATA[public void com.ananda.web.admin.tests.AccessManagementTest.verifyPermissionUpdateOptional()]]>
              </value>
            </param>
          </params>
          <reporter-output>
          </reporter-output>
        </test-method> <!-- initExtentTest -->
        <test-method is-config="true" signature="resetAccessContext()[pri:0, instance:com.ananda.web.admin.tests.AccessManagementTest@31d7b7bf]" started-at="2026-03-30T09:16:59 IST" name="resetAccessContext" finished-at="2026-03-30T09:17:00 IST" duration-ms="72" status="PASS">
          <reporter-output>
          </reporter-output>
        </test-method> <!-- resetAccessContext -->
        <test-method signature="verifyPermissionUpdateOptional()[pri:13, instance:com.ananda.web.admin.tests.AccessManagementTest@31d7b7bf]" started-at="2026-03-30T09:17:00 IST" name="verifyPermissionUpdateOptional" finished-at="2026-03-30T09:17:00 IST" duration-ms="2" status="PASS">
          <reporter-output>
          </reporter-output>
        </test-method> <!-- verifyPermissionUpdateOptional -->
        <test-method is-config="true" signature="pauseBetweenTests()[pri:0, instance:com.ananda.web.admin.tests.AccessManagementTest@31d7b7bf]" started-at="2026-03-30T09:17:00 IST" name="pauseBetweenTests" finished-at="2026-03-30T09:17:00 IST" duration-ms="1" status="PASS">
          <reporter-output>
          </reporter-output>
        </test-method> <!-- pauseBetweenTests -->
        <test-method is-config="true" signature="initExtentTest(java.lang.reflect.Method)[pri:0, instance:com.ananda.web.admin.tests.AccessManagementTest@31d7b7bf]" started-at="2026-03-30T09:17:00 IST" name="initExtentTest" finished-at="2026-03-30T09:17:00 IST" duration-ms="113" status="PASS">
          <params>
            <param index="0">
              <value>
                <![CDATA[public void com.ananda.web.admin.tests.AccessManagementTest.verifyScrollAndUiStability()]]>
              </value>
            </param>
          </params>
          <reporter-output>
          </reporter-output>
        </test-method> <!-- initExtentTest -->
        <test-method is-config="true" signature="resetAccessContext()[pri:0, instance:com.ananda.web.admin.tests.AccessManagementTest@31d7b7bf]" started-at="2026-03-30T09:17:00 IST" name="resetAccessContext" finished-at="2026-03-30T09:17:00 IST" duration-ms="14" status="PASS">
          <reporter-output>
          </reporter-output>
        </test-method> <!-- resetAccessContext -->
        <test-method signature="verifyScrollAndUiStability()[pri:14, instance:com.ananda.web.admin.tests.AccessManagementTest@31d7b7bf]" started-at="2026-03-30T09:17:00 IST" name="verifyScrollAndUiStability" finished-at="2026-03-30T09:17:00 IST" duration-ms="247" status="PASS">
          <reporter-output>
          </reporter-output>
        </test-method> <!-- verifyScrollAndUiStability -->
        <test-method is-config="true" signature="pauseBetweenTests()[pri:0, instance:com.ananda.web.admin.tests.AccessManagementTest@31d7b7bf]" started-at="2026-03-30T09:17:00 IST" name="pauseBetweenTests" finished-at="2026-03-30T09:17:00 IST" duration-ms="1" status="PASS">
          <reporter-output>
          </reporter-output>
        </test-method> <!-- pauseBetweenTests -->
        <test-method is-config="true" signature="initExtentTest(java.lang.reflect.Method)[pri:0, instance:com.ananda.web.admin.tests.AccessManagementTest@31d7b7bf]" started-at="2026-03-30T09:17:00 IST" name="initExtentTest" finished-at="2026-03-30T09:17:00 IST" duration-ms="89" status="PASS">
          <params>
            <param index="0">
              <value>
                <![CDATA[public void com.ananda.web.admin.tests.AccessManagementTest.verifyLastPermissionControlUsableAfterScroll()]]>
              </value>
            </param>
          </params>
          <reporter-output>
          </reporter-output>
        </test-method> <!-- initExtentTest -->
        <test-method is-config="true" signature="resetAccessContext()[pri:0, instance:com.ananda.web.admin.tests.AccessManagementTest@31d7b7bf]" started-at="2026-03-30T09:17:00 IST" name="resetAccessContext" finished-at="2026-03-30T09:17:00 IST" duration-ms="18" status="PASS">
          <reporter-output>
          </reporter-output>
        </test-method> <!-- resetAccessContext -->
        <test-method signature="verifyLastPermissionControlUsableAfterScroll()[pri:15, instance:com.ananda.web.admin.tests.AccessManagementTest@31d7b7bf]" started-at="2026-03-30T09:17:00 IST" name="verifyLastPermissionControlUsableAfterScroll" finished-at="2026-03-30T09:17:00 IST" duration-ms="147" status="PASS">
          <reporter-output>
          </reporter-output>
        </test-method> <!-- verifyLastPermissionControlUsableAfterScroll -->
        <test-method is-config="true" signature="pauseBetweenTests()[pri:0, instance:com.ananda.web.admin.tests.AccessManagementTest@31d7b7bf]" started-at="2026-03-30T09:17:00 IST" name="pauseBetweenTests" finished-at="2026-03-30T09:17:00 IST" duration-ms="1" status="PASS">
          <reporter-output>
          </reporter-output>
        </test-method> <!-- pauseBetweenTests -->
        <test-method is-config="true" signature="initExtentTest(java.lang.reflect.Method)[pri:0, instance:com.ananda.web.admin.tests.AccessManagementTest@31d7b7bf]" started-at="2026-03-30T09:17:00 IST" name="initExtentTest" finished-at="2026-03-30T09:17:00 IST" duration-ms="116" status="PASS">
          <params>
            <param index="0">
              <value>
                <![CDATA[public void com.ananda.web.admin.tests.AccessManagementTest.verifyNoDuplicatePermissionRows()]]>
              </value>
            </param>
          </params>
          <reporter-output>
          </reporter-output>
        </test-method> <!-- initExtentTest -->
        <test-method is-config="true" signature="resetAccessContext()[pri:0, instance:com.ananda.web.admin.tests.AccessManagementTest@31d7b7bf]" started-at="2026-03-30T09:17:00 IST" name="resetAccessContext" finished-at="2026-03-30T09:17:00 IST" duration-ms="29" status="PASS">
          <reporter-output>
          </reporter-output>
        </test-method> <!-- resetAccessContext -->
        <test-method signature="verifyNoDuplicatePermissionRows()[pri:16, instance:com.ananda.web.admin.tests.AccessManagementTest@31d7b7bf]" started-at="2026-03-30T09:17:00 IST" name="verifyNoDuplicatePermissionRows" finished-at="2026-03-30T09:17:01 IST" duration-ms="287" status="PASS">
          <reporter-output>
          </reporter-output>
        </test-method> <!-- verifyNoDuplicatePermissionRows -->
        <test-method is-config="true" signature="pauseBetweenTests()[pri:0, instance:com.ananda.web.admin.tests.AccessManagementTest@31d7b7bf]" started-at="2026-03-30T09:17:01 IST" name="pauseBetweenTests" finished-at="2026-03-30T09:17:01 IST" duration-ms="1" status="PASS">
          <reporter-output>
          </reporter-output>
        </test-method> <!-- pauseBetweenTests -->
        <test-method is-config="true" signature="initExtentTest(java.lang.reflect.Method)[pri:0, instance:com.ananda.web.admin.tests.AccessManagementTest@31d7b7bf]" started-at="2026-03-30T09:17:01 IST" name="initExtentTest" finished-at="2026-03-30T09:17:01 IST" duration-ms="72" status="PASS">
          <params>
            <param index="0">
              <value>
                <![CDATA[public void com.ananda.web.admin.tests.AccessManagementTest.verifyInvalidRoleSelectionHandled()]]>
              </value>
            </param>
          </params>
          <reporter-output>
          </reporter-output>
        </test-method> <!-- initExtentTest -->
        <test-method is-config="true" signature="resetAccessContext()[pri:0, instance:com.ananda.web.admin.tests.AccessManagementTest@31d7b7bf]" started-at="2026-03-30T09:17:01 IST" name="resetAccessContext" finished-at="2026-03-30T09:17:01 IST" duration-ms="66" status="PASS">
          <reporter-output>
          </reporter-output>
        </test-method> <!-- resetAccessContext -->
        <test-method signature="verifyInvalidRoleSelectionHandled()[pri:17, instance:com.ananda.web.admin.tests.AccessManagementTest@31d7b7bf]" started-at="2026-03-30T09:17:01 IST" name="verifyInvalidRoleSelectionHandled" finished-at="2026-03-30T09:17:02 IST" duration-ms="756" status="PASS">
          <reporter-output>
          </reporter-output>
        </test-method> <!-- verifyInvalidRoleSelectionHandled -->
        <test-method is-config="true" signature="pauseBetweenTests()[pri:0, instance:com.ananda.web.admin.tests.AccessManagementTest@31d7b7bf]" started-at="2026-03-30T09:17:02 IST" name="pauseBetweenTests" finished-at="2026-03-30T09:17:02 IST" duration-ms="2" status="PASS">
          <reporter-output>
          </reporter-output>
        </test-method> <!-- pauseBetweenTests -->
        <test-method is-config="true" signature="initExtentTest(java.lang.reflect.Method)[pri:0, instance:com.ananda.web.admin.tests.AccessManagementTest@31d7b7bf]" started-at="2026-03-30T09:17:02 IST" name="initExtentTest" finished-at="2026-03-30T09:17:02 IST" duration-ms="141" status="PASS">
          <params>
            <param index="0">
              <value>
                <![CDATA[public void com.ananda.web.admin.tests.AccessManagementTest.verifyRapidRoleSwitchStability()]]>
              </value>
            </param>
          </params>
          <reporter-output>
          </reporter-output>
        </test-method> <!-- initExtentTest -->
        <test-method is-config="true" signature="resetAccessContext()[pri:0, instance:com.ananda.web.admin.tests.AccessManagementTest@31d7b7bf]" started-at="2026-03-30T09:17:02 IST" name="resetAccessContext" finished-at="2026-03-30T09:17:02 IST" duration-ms="45" status="PASS">
          <reporter-output>
          </reporter-output>
        </test-method> <!-- resetAccessContext -->
        <test-method signature="verifyRapidRoleSwitchStability()[pri:18, instance:com.ananda.web.admin.tests.AccessManagementTest@31d7b7bf]" started-at="2026-03-30T09:17:02 IST" name="verifyRapidRoleSwitchStability" finished-at="2026-03-30T09:17:02 IST" duration-ms="588" status="PASS">
          <reporter-output>
          </reporter-output>
        </test-method> <!-- verifyRapidRoleSwitchStability -->
        <test-method is-config="true" signature="pauseBetweenTests()[pri:0, instance:com.ananda.web.admin.tests.AccessManagementTest@31d7b7bf]" started-at="2026-03-30T09:17:02 IST" name="pauseBetweenTests" finished-at="2026-03-30T09:17:02 IST" duration-ms="0" status="PASS">
          <reporter-output>
          </reporter-output>
        </test-method> <!-- pauseBetweenTests -->
        <test-method is-config="true" signature="initExtentTest(java.lang.reflect.Method)[pri:0, instance:com.ananda.web.admin.tests.AccessManagementTest@31d7b7bf]" started-at="2026-03-30T09:17:02 IST" name="initExtentTest" finished-at="2026-03-30T09:17:03 IST" duration-ms="181" status="PASS">
          <params>
            <param index="0">
              <value>
                <![CDATA[public void com.ananda.web.admin.tests.AccessManagementTest.verifyNoBlankPermissionValuesAfterRoleSelection()]]>
              </value>
            </param>
          </params>
          <reporter-output>
          </reporter-output>
        </test-method> <!-- initExtentTest -->
        <test-method is-config="true" signature="resetAccessContext()[pri:0, instance:com.ananda.web.admin.tests.AccessManagementTest@31d7b7bf]" started-at="2026-03-30T09:17:03 IST" name="resetAccessContext" finished-at="2026-03-30T09:17:03 IST" duration-ms="23" status="PASS">
          <reporter-output>
          </reporter-output>
        </test-method> <!-- resetAccessContext -->
        <test-method signature="verifyNoBlankPermissionValuesAfterRoleSelection()[pri:19, instance:com.ananda.web.admin.tests.AccessManagementTest@31d7b7bf]" started-at="2026-03-30T09:17:03 IST" name="verifyNoBlankPermissionValuesAfterRoleSelection" finished-at="2026-03-30T09:17:03 IST" duration-ms="1" status="PASS">
          <reporter-output>
          </reporter-output>
        </test-method> <!-- verifyNoBlankPermissionValuesAfterRoleSelection -->
        <test-method is-config="true" signature="pauseBetweenTests()[pri:0, instance:com.ananda.web.admin.tests.AccessManagementTest@31d7b7bf]" started-at="2026-03-30T09:17:03 IST" name="pauseBetweenTests" finished-at="2026-03-30T09:17:03 IST" duration-ms="0" status="PASS">
          <reporter-output>
          </reporter-output>
        </test-method> <!-- pauseBetweenTests -->
        <test-method is-config="true" signature="initExtentTest(java.lang.reflect.Method)[pri:0, instance:com.ananda.web.admin.tests.AccessManagementTest@31d7b7bf]" started-at="2026-03-30T09:17:03 IST" name="initExtentTest" finished-at="2026-03-30T09:17:03 IST" duration-ms="83" status="PASS">
          <params>
            <param index="0">
              <value>
                <![CDATA[public void com.ananda.web.admin.tests.AccessManagementTest.verifySpecialCharacterRoleSearchStability()]]>
              </value>
            </param>
          </params>
          <reporter-output>
          </reporter-output>
        </test-method> <!-- initExtentTest -->
        <test-method is-config="true" signature="resetAccessContext()[pri:0, instance:com.ananda.web.admin.tests.AccessManagementTest@31d7b7bf]" started-at="2026-03-30T09:17:03 IST" name="resetAccessContext" finished-at="2026-03-30T09:17:03 IST" duration-ms="69" status="PASS">
          <reporter-output>
          </reporter-output>
        </test-method> <!-- resetAccessContext -->
        <test-method signature="verifySpecialCharacterRoleSearchStability()[pri:20, instance:com.ananda.web.admin.tests.AccessManagementTest@31d7b7bf]" started-at="2026-03-30T09:17:03 IST" name="verifySpecialCharacterRoleSearchStability" finished-at="2026-03-30T09:17:03 IST" duration-ms="599" status="PASS">
          <reporter-output>
          </reporter-output>
        </test-method> <!-- verifySpecialCharacterRoleSearchStability -->
        <test-method is-config="true" signature="pauseBetweenTests()[pri:0, instance:com.ananda.web.admin.tests.AccessManagementTest@31d7b7bf]" started-at="2026-03-30T09:17:03 IST" name="pauseBetweenTests" finished-at="2026-03-30T09:17:03 IST" duration-ms="1" status="PASS">
          <reporter-output>
          </reporter-output>
        </test-method> <!-- pauseBetweenTests -->
        <test-method is-config="true" signature="initExtentTest(java.lang.reflect.Method)[pri:0, instance:com.ananda.web.admin.tests.AccessManagementTest@31d7b7bf]" started-at="2026-03-30T09:17:03 IST" name="initExtentTest" finished-at="2026-03-30T09:17:03 IST" duration-ms="58" status="PASS">
          <params>
            <param index="0">
              <value>
                <![CDATA[public void com.ananda.web.admin.tests.AccessManagementTest.verifyVeryLongRoleSearchStability()]]>
              </value>
            </param>
          </params>
          <reporter-output>
          </reporter-output>
        </test-method> <!-- initExtentTest -->
        <test-method is-config="true" signature="resetAccessContext()[pri:0, instance:com.ananda.web.admin.tests.AccessManagementTest@31d7b7bf]" started-at="2026-03-30T09:17:03 IST" name="resetAccessContext" finished-at="2026-03-30T09:17:03 IST" duration-ms="12" status="PASS">
          <reporter-output>
          </reporter-output>
        </test-method> <!-- resetAccessContext -->
        <test-method signature="verifyVeryLongRoleSearchStability()[pri:21, instance:com.ananda.web.admin.tests.AccessManagementTest@31d7b7bf]" started-at="2026-03-30T09:17:03 IST" name="verifyVeryLongRoleSearchStability" finished-at="2026-03-30T09:17:04 IST" duration-ms="938" status="PASS">
          <reporter-output>
          </reporter-output>
        </test-method> <!-- verifyVeryLongRoleSearchStability -->
        <test-method is-config="true" signature="pauseBetweenTests()[pri:0, instance:com.ananda.web.admin.tests.AccessManagementTest@31d7b7bf]" started-at="2026-03-30T09:17:04 IST" name="pauseBetweenTests" finished-at="2026-03-30T09:17:04 IST" duration-ms="1" status="PASS">
          <reporter-output>
          </reporter-output>
        </test-method> <!-- pauseBetweenTests -->
        <test-method is-config="true" signature="initExtentTest(java.lang.reflect.Method)[pri:0, instance:com.ananda.web.admin.tests.AccessManagementTest@31d7b7bf]" started-at="2026-03-30T09:17:04 IST" name="initExtentTest" finished-at="2026-03-30T09:17:04 IST" duration-ms="63" status="PASS">
          <params>
            <param index="0">
              <value>
                <![CDATA[public void com.ananda.web.admin.tests.AccessManagementTest.verifyRefreshAfterInvalidSelectionStability()]]>
              </value>
            </param>
          </params>
          <reporter-output>
          </reporter-output>
        </test-method> <!-- initExtentTest -->
        <test-method is-config="true" signature="resetAccessContext()[pri:0, instance:com.ananda.web.admin.tests.AccessManagementTest@31d7b7bf]" started-at="2026-03-30T09:17:04 IST" name="resetAccessContext" finished-at="2026-03-30T09:17:04 IST" duration-ms="30" status="PASS">
          <reporter-output>
          </reporter-output>
        </test-method> <!-- resetAccessContext -->
        <test-method signature="verifyRefreshAfterInvalidSelectionStability()[pri:22, instance:com.ananda.web.admin.tests.AccessManagementTest@31d7b7bf]" started-at="2026-03-30T09:17:04 IST" name="verifyRefreshAfterInvalidSelectionStability" finished-at="2026-03-30T09:17:06 IST" duration-ms="1634" status="PASS">
          <reporter-output>
          </reporter-output>
        </test-method> <!-- verifyRefreshAfterInvalidSelectionStability -->
        <test-method is-config="true" signature="pauseBetweenTests()[pri:0, instance:com.ananda.web.admin.tests.AccessManagementTest@31d7b7bf]" started-at="2026-03-30T09:17:06 IST" name="pauseBetweenTests" finished-at="2026-03-30T09:17:06 IST" duration-ms="1" status="PASS">
          <reporter-output>
          </reporter-output>
        </test-method> <!-- pauseBetweenTests -->
        <test-method is-config="true" signature="tearDown()[pri:0, instance:com.ananda.web.admin.tests.AccessManagementTest@31d7b7bf]" started-at="2026-03-30T09:17:06 IST" name="tearDown" finished-at="2026-03-30T09:17:06 IST" duration-ms="0" status="PASS">
          <reporter-output>
          </reporter-output>
        </test-method> <!-- tearDown -->
        <test-method is-config="true" signature="tearDownSuite()[pri:0, instance:com.ananda.web.admin.tests.AccessManagementTest@31d7b7bf]" started-at="2026-03-30T09:17:07 IST" name="tearDownSuite" finished-at="2026-03-30T09:17:07 IST" duration-ms="287" status="PASS">
          <reporter-output>
          </reporter-output>
        </test-method> <!-- tearDownSuite -->
      </class> <!-- com.ananda.web.admin.tests.AccessManagementTest -->
    </test> <!-- Surefire test -->
  </suite> <!-- Surefire suite -->
</testng-results>
