<?xml version="1.0" encoding="UTF-8"?>
<!-- Generated by org.testng.reporters.JUnitReportReporter -->
<testsuite hostname="LAPTOP-M8JD7HBK" failures="0" tests="18" name="com.ananda.web.admin.tests.ProgramFeedbackTest" time="3.411" errors="0" timestamp="2026-03-21T00:20:15 IST" skipped="0">
  <testcase classname="com.ananda.web.admin.tests.ProgramFeedbackTest" name="verifyProgramFeedbackTabLoads" time="0.123"/>
  <testcase classname="com.ananda.web.admin.tests.ProgramFeedbackTest" name="verifySearchControlVisible" time="0.152"/>
  <testcase classname="com.ananda.web.admin.tests.ProgramFeedbackTest" name="verifyDateFilterControlsVisible" time="0.213"/>
  <testcase classname="com.ananda.web.admin.tests.ProgramFeedbackTest" name="verifyProgramFeedbackTableHeaders" time="0.376"/>
  <testcase classname="com.ananda.web.admin.tests.ProgramFeedbackTest" name="verifyCheckInCheckOutDateRangeFormat" time="0.115"/>
  <testcase classname="com.ananda.web.admin.tests.ProgramFeedbackTest" name="verifySubmittedOnDateFormat" time="0.273"/>
  <testcase classname="com.ananda.web.admin.tests.ProgramFeedbackTest" name="verifySearchByProgramTitle" time="0.087"/>
  <testcase classname="com.ananda.web.admin.tests.ProgramFeedbackTest" name="verifySearchByGuestName" time="0.122"/>
  <testcase classname="com.ananda.web.admin.tests.ProgramFeedbackTest" name="verifySearchByPartialKeyword" time="0.122"/>
  <testcase classname="com.ananda.web.admin.tests.ProgramFeedbackTest" name="verifySearchCaseInsensitive" time="0.092"/>
  <testcase classname="com.ananda.web.admin.tests.ProgramFeedbackTest" name="verifyClearSearchRestoresList" time="0.176"/>
  <testcase classname="com.ananda.web.admin.tests.ProgramFeedbackTest" name="verifyViewProgramFeedbackFlow" time="0.160"/>
  <testcase classname="com.ananda.web.admin.tests.ProgramFeedbackTest" name="verifyViewPageHeaderFieldsVisible" time="0.115"/>
  <testcase classname="com.ananda.web.admin.tests.ProgramFeedbackTest" name="verifyFeedbackQuestionnaireSectionsVisible" time="0.124"/>
  <testcase classname="com.ananda.web.admin.tests.ProgramFeedbackTest" name="verifyInvalidSearchShowsNoResult" time="0.237"/>
  <testcase classname="com.ananda.web.admin.tests.ProgramFeedbackTest" name="verifyNoViewActionWhenNoSearchResult" time="0.209"/>
  <testcase classname="com.ananda.web.admin.tests.ProgramFeedbackTest" name="verifySpecialCharacterSearchHandled" time="0.387"/>
  <testcase classname="com.ananda.web.admin.tests.ProgramFeedbackTest" name="verifyVeryLongSearchHandled" time="0.328"/>
</testsuite> <!-- com.ananda.web.admin.tests.ProgramFeedbackTest -->
