<?xml version="1.0" encoding="UTF-8"?>
<!-- Generated by org.testng.reporters.JUnitReportReporter -->
<testsuite hostname="LAPTOP-M8JD7HBK" failures="0" tests="41" name="com.ananda.web.admin.tests.AnalyticalReportTest" time="57.276" errors="0" timestamp="2026-03-27T00:04:35 IST" skipped="0">
  <testcase classname="com.ananda.web.admin.tests.AnalyticalReportTest" name="verifyAnalyticalReportPageLoads" time="0.157"/>
  <testcase classname="com.ananda.web.admin.tests.AnalyticalReportTest" name="verifyDownloadExcelVisible" time="0.249"/>
  <testcase classname="com.ananda.web.admin.tests.AnalyticalReportTest" name="verifyAdvancedSearchButtonVisible" time="0.182"/>
  <testcase classname="com.ananda.web.admin.tests.AnalyticalReportTest" name="verifyColumnManagementIconVisible" time="0.451"/>
  <testcase classname="com.ananda.web.admin.tests.AnalyticalReportTest" name="verifyReportTableVisible" time="0.390"/>
  <testcase classname="com.ananda.web.admin.tests.AnalyticalReportTest" name="verifyDefaultTableHeadersVisible" time="0.318"/>
  <testcase classname="com.ananda.web.admin.tests.AnalyticalReportTest" name="verifyRowsPerPageVisible" time="0.178"/>
  <testcase classname="com.ananda.web.admin.tests.AnalyticalReportTest" name="verifyPaginationRangeVisible" time="0.909"/>
  <testcase classname="com.ananda.web.admin.tests.AnalyticalReportTest" name="verifyPaginationControlsVisible" time="0.245"/>
  <testcase classname="com.ananda.web.admin.tests.AnalyticalReportTest" name="verifyColumnManagementPopupOpens" time="14.904"/>
  <testcase classname="com.ananda.web.admin.tests.AnalyticalReportTest" name="verifyColumnManagementControlsVisible" time="14.823"/>
  <testcase classname="com.ananda.web.admin.tests.AnalyticalReportTest" name="verifyDefaultSelectedColumnsVisible" time="14.672"/>
  <testcase classname="com.ananda.web.admin.tests.AnalyticalReportTest" name="verifyAvailableColumnsLoaded" time="0.727"/>
  <testcase classname="com.ananda.web.admin.tests.AnalyticalReportTest" name="verifyColumnManagementCancelClosesPopup" time="0.820"/>
  <testcase classname="com.ananda.web.admin.tests.AnalyticalReportTest" name="verifyShowSelectedColumnsHandledSafely" time="0.779"/>
  <testcase classname="com.ananda.web.admin.tests.AnalyticalReportTest" name="verifyAdvancedSearchPopupOpens" time="0.322"/>
  <testcase classname="com.ananda.web.admin.tests.AnalyticalReportTest" name="verifyAdvancedSearchControlsVisible" time="0.157"/>
  <testcase classname="com.ananda.web.admin.tests.AnalyticalReportTest" name="verifyCriteriaModeButtonsVisible" time="0.264"/>
  <testcase classname="com.ananda.web.admin.tests.AnalyticalReportTest" name="verifyAdvancedSearchDropdownsLoaded" time="0.193"/>
  <testcase classname="com.ananda.web.admin.tests.AnalyticalReportTest" name="verifySingleCriterionCanBePreparedSafely" time="0.221"/>
  <testcase classname="com.ananda.web.admin.tests.AnalyticalReportTest" name="verifyAdvancedSearchCancelClosesPopup" time="0.209"/>
  <testcase classname="com.ananda.web.admin.tests.AnalyticalReportTest" name="verifyRepeatedColumnPopupOpenHandledSafely" time="0.196"/>
  <testcase classname="com.ananda.web.admin.tests.AnalyticalReportTest" name="verifyRemovingSelectedColumnHandledSafely" time="0.579"/>
  <testcase classname="com.ananda.web.admin.tests.AnalyticalReportTest" name="verifyShowSelectedColumnsWithoutChangesHandledSafely" time="0.699"/>
  <testcase classname="com.ananda.web.admin.tests.AnalyticalReportTest" name="verifySearchWithoutCriteriaHandledSafely" time="0.196"/>
  <testcase classname="com.ananda.web.admin.tests.AnalyticalReportTest" name="verifyAdvancedSearchResetHandledSafely" time="0.166"/>
  <testcase classname="com.ananda.web.admin.tests.AnalyticalReportTest" name="verifyCriterionDeleteHandledSafely" time="0.205"/>
  <testcase classname="com.ananda.web.admin.tests.AnalyticalReportTest" name="verifyCriterionEditHandledSafely" time="0.214"/>
  <testcase classname="com.ananda.web.admin.tests.AnalyticalReportTest" name="verifyRepeatedAdvancedSearchOpenHandledSafely" time="0.158"/>
  <testcase classname="com.ananda.web.admin.tests.AnalyticalReportTest" name="verifyRepeatedColumnRemoveHandledSafely" time="0.772"/>
  <testcase classname="com.ananda.web.admin.tests.AnalyticalReportTest" name="verifyColumnPopupCancelAfterChangeHandledSafely" time="0.695"/>
  <testcase classname="com.ananda.web.admin.tests.AnalyticalReportTest" name="verifyAdvancedSearchCancelAfterCriterionHandledSafely" time="0.123"/>
  <testcase classname="com.ananda.web.admin.tests.AnalyticalReportTest" name="verifyRepeatedSearchWithoutCriteriaHandledSafely" time="0.122"/>
  <testcase classname="com.ananda.web.admin.tests.AnalyticalReportTest" name="verifyRepeatedResetHandledSafely" time="0.117"/>
  <testcase classname="com.ananda.web.admin.tests.AnalyticalReportTest" name="verifyColumnPopupReopenAfterCancelHandledSafely" time="0.233"/>
  <testcase classname="com.ananda.web.admin.tests.AnalyticalReportTest" name="verifyAdvancedSearchReopenAfterCancelHandledSafely" time="0.150"/>
  <testcase classname="com.ananda.web.admin.tests.AnalyticalReportTest" name="verifyColumnManagementAndAdvancedSearchSequentialUseHandledSafely" time="0.404"/>
  <testcase classname="com.ananda.web.admin.tests.AnalyticalReportTest" name="verifyLongUiScrollHandledSafely" time="0.221"/>
  <testcase classname="com.ananda.web.admin.tests.AnalyticalReportTest" name="verifyRefreshAfterColumnPopupHandledSafely" time="0.386"/>
  <testcase classname="com.ananda.web.admin.tests.AnalyticalReportTest" name="verifyRefreshAfterAdvancedSearchHandledSafely" time="0.163"/>
  <testcase classname="com.ananda.web.admin.tests.AnalyticalReportTest" name="verifyRapidOpenCloseStability" time="0.307"/>
</testsuite> <!-- com.ananda.web.admin.tests.AnalyticalReportTest -->
