<?xml version="1.0" encoding="UTF-8"?>
<!-- Generated by org.testng.reporters.JUnitReportReporter -->
<testsuite hostname="LAPTOP-M8JD7HBK" failures="0" tests="18" name="com.ananda.web.admin.tests.RecipeCollectionTest" time="315.044" errors="0" timestamp="2026-03-21T00:20:15 IST" skipped="0">
  <testcase classname="com.ananda.web.admin.tests.RecipeCollectionTest" name="verifyRecipeCollectionTabLoads" time="14.170"/>
  <testcase classname="com.ananda.web.admin.tests.RecipeCollectionTest" name="verifySearchRecipeCollection" time="11.764"/>
  <testcase classname="com.ananda.web.admin.tests.RecipeCollectionTest" name="verifyRecipeCollectionTableHeaders" time="13.596"/>
  <testcase classname="com.ananda.web.admin.tests.RecipeCollectionTest" name="verifyRecipeCountColumnFormat" time="13.711"/>
  <testcase classname="com.ananda.web.admin.tests.RecipeCollectionTest" name="verifyCreatedOnColumnFormat" time="13.618"/>
  <testcase classname="com.ananda.web.admin.tests.RecipeCollectionTest" name="verifyStatusColumnValues" time="13.820"/>
  <testcase classname="com.ananda.web.admin.tests.RecipeCollectionTest" name="verifyViewRecipeCollection" time="12.122"/>
  <testcase classname="com.ananda.web.admin.tests.RecipeCollectionTest" name="verifyViewCollectionDetailsFields" time="12.313"/>
  <testcase classname="com.ananda.web.admin.tests.RecipeCollectionTest" name="verifyRecipeListInsideCollectionPage" time="12.415"/>
  <testcase classname="com.ananda.web.admin.tests.RecipeCollectionTest" name="verifyRecipeCollectionBreadcrumbNavigation" time="12.417"/>
  <testcase classname="com.ananda.web.admin.tests.RecipeCollectionTest" name="verifyEditRecipeCollectionPageFields" time="12.116"/>
  <testcase classname="com.ananda.web.admin.tests.RecipeCollectionTest" name="verifyAddRecipePageFields" time="12.083"/>
  <testcase classname="com.ananda.web.admin.tests.RecipeCollectionTest" name="verifyEditRecipePageFields" time="12.348"/>
  <testcase classname="com.ananda.web.admin.tests.RecipeCollectionTest" name="verifyDeleteConfirmationPopupOnCollectionList" time="12.452"/>
  <testcase classname="com.ananda.web.admin.tests.RecipeCollectionTest" name="verifyInvalidSearchShowsNoResult" time="34.053"/>
  <testcase classname="com.ananda.web.admin.tests.RecipeCollectionTest" name="verifyNoViewActionWhenNoSearchResult" time="34.326"/>
  <testcase classname="com.ananda.web.admin.tests.RecipeCollectionTest" name="verifyNoEditActionWhenNoSearchResult" time="34.238"/>
  <testcase classname="com.ananda.web.admin.tests.RecipeCollectionTest" name="verifyNoDeleteActionWhenNoSearchResult" time="33.482"/>
</testsuite> <!-- com.ananda.web.admin.tests.RecipeCollectionTest -->
