<?xml version="1.0" encoding="UTF-8"?>
<!-- Generated by org.testng.reporters.JUnitReportReporter -->
<testsuite hostname="LAPTOP-M8JD7HBK" failures="0" tests="16" name="com.ananda.web.admin.tests.DownloadsTest" time="5.127" errors="0" timestamp="2026-03-29T15:17:07 IST" skipped="0">
  <testcase classname="com.ananda.web.admin.tests.DownloadsTest" name="verifyDownloadsPageLoads" time="0.202"/>
  <testcase classname="com.ananda.web.admin.tests.DownloadsTest" name="verifySearchControlVisible" time="0.158"/>
  <testcase classname="com.ananda.web.admin.tests.DownloadsTest" name="verifyDownloadsTableHeaders" time="0.194"/>
  <testcase classname="com.ananda.web.admin.tests.DownloadsTest" name="verifyDeleteActionVisible" time="0.132"/>
  <testcase classname="com.ananda.web.admin.tests.DownloadsTest" name="verifyEmailColumnFormat" time="0.385"/>
  <testcase classname="com.ananda.web.admin.tests.DownloadsTest" name="verifyLastLoginFormat" time="0.375"/>
  <testcase classname="com.ananda.web.admin.tests.DownloadsTest" name="verifySearchByEmail" time="0.265"/>
  <testcase classname="com.ananda.web.admin.tests.DownloadsTest" name="verifySearchByPartialEmail" time="0.120"/>
  <testcase classname="com.ananda.web.admin.tests.DownloadsTest" name="verifySearchByNameOrMobile" time="0.550"/>
  <testcase classname="com.ananda.web.admin.tests.DownloadsTest" name="verifySearchCaseInsensitivity" time="0.148"/>
  <testcase classname="com.ananda.web.admin.tests.DownloadsTest" name="verifyClearSearchRestoresList" time="0.251"/>
  <testcase classname="com.ananda.web.admin.tests.DownloadsTest" name="verifyDeletePopupOpenAndCancel" time="0.158"/>
  <testcase classname="com.ananda.web.admin.tests.DownloadsTest" name="verifyDeleteConfirmOptional" time="0.130"/>
  <testcase classname="com.ananda.web.admin.tests.DownloadsTest" name="verifyInvalidSearchShowsNoResult" time="0.550"/>
  <testcase classname="com.ananda.web.admin.tests.DownloadsTest" name="verifySpecialCharacterSearchHandled" time="0.442"/>
  <testcase classname="com.ananda.web.admin.tests.DownloadsTest" name="verifyLongKeywordSearchStability" time="1.067"/>
</testsuite> <!-- com.ananda.web.admin.tests.DownloadsTest -->
