<?xml version="1.0" encoding="UTF-8"?>
<!-- Generated by org.testng.reporters.JUnitReportReporter -->
<testsuite hostname="LAPTOP-M8JD7HBK" failures="0" tests="15" name="com.ananda.web.admin.tests.GuestCommentsTest" time="1.757" errors="0" timestamp="2026-03-26T11:55:05 IST" skipped="0">
  <testcase classname="com.ananda.web.admin.tests.GuestCommentsTest" name="verifyGuestCommentsTabLoads" time="0.097"/>
  <testcase classname="com.ananda.web.admin.tests.GuestCommentsTest" name="verifyDateFiltersVisible" time="0.106"/>
  <testcase classname="com.ananda.web.admin.tests.GuestCommentsTest" name="verifyDownloadExcelVisible" time="0.095"/>
  <testcase classname="com.ananda.web.admin.tests.GuestCommentsTest" name="verifyGuestCommentsTableHeaders" time="0.129"/>
  <testcase classname="com.ananda.web.admin.tests.GuestCommentsTest" name="verifyCheckOutDateFormat" time="0.170"/>
  <testcase classname="com.ananda.web.admin.tests.GuestCommentsTest" name="verifyHighlightsColumnHandled" time="0.066"/>
  <testcase classname="com.ananda.web.admin.tests.GuestCommentsTest" name="verifyImprovementColumnHandled" time="0.067"/>
  <testcase classname="com.ananda.web.admin.tests.GuestCommentsTest" name="verifyTherapistsRecognisedColumnHandled" time="0.064"/>
  <testcase classname="com.ananda.web.admin.tests.GuestCommentsTest" name="verifyServiceStaffRecognisedColumnHandled" time="0.056"/>
  <testcase classname="com.ananda.web.admin.tests.GuestCommentsTest" name="verifyDateRangeFilterUpdatesSafely" time="0.072"/>
  <testcase classname="com.ananda.web.admin.tests.GuestCommentsTest" name="verifyDownloadClickHandledSafely" time="0.175"/>
  <testcase classname="com.ananda.web.admin.tests.GuestCommentsTest" name="verifyInvalidDateRangeHandled" time="0.291"/>
  <testcase classname="com.ananda.web.admin.tests.GuestCommentsTest" name="verifyNoDataDateRangeHandled" time="0.064"/>
  <testcase classname="com.ananda.web.admin.tests.GuestCommentsTest" name="verifyRepeatedDownloadClicksDoNotBreakUi" time="0.097"/>
  <testcase classname="com.ananda.web.admin.tests.GuestCommentsTest" name="verifyScrollStability" time="0.208"/>
</testsuite> <!-- com.ananda.web.admin.tests.GuestCommentsTest -->
