<?xml version="1.0" encoding="UTF-8"?>
<!-- Generated by org.testng.reporters.JUnitReportReporter -->
<testsuite hostname="LAPTOP-M8JD7HBK" failures="0" tests="16" name="com.ananda.web.admin.tests.FeedbackReportTest" time="4.362" errors="0" timestamp="2026-03-27T00:04:35 IST" skipped="0">
  <testcase classname="com.ananda.web.admin.tests.FeedbackReportTest" name="verifyFeedbackReportTabLoads" time="0.226"/>
  <testcase classname="com.ananda.web.admin.tests.FeedbackReportTest" name="verifyDateFiltersVisible" time="0.278"/>
  <testcase classname="com.ananda.web.admin.tests.FeedbackReportTest" name="verifyDownloadExcelVisible" time="0.352"/>
  <testcase classname="com.ananda.web.admin.tests.FeedbackReportTest" name="verifyFeedbackReportTableHeaders" time="0.307"/>
  <testcase classname="com.ananda.web.admin.tests.FeedbackReportTest" name="verifyCheckInDateFormat" time="0.079"/>
  <testcase classname="com.ananda.web.admin.tests.FeedbackReportTest" name="verifyCheckOutDateFormat" time="0.297"/>
  <testcase classname="com.ananda.web.admin.tests.FeedbackReportTest" name="verifyFeedbackDateFormat" time="0.233"/>
  <testcase classname="com.ananda.web.admin.tests.FeedbackReportTest" name="verifyCheckOutAfterCheckIn" time="0.096"/>
  <testcase classname="com.ananda.web.admin.tests.FeedbackReportTest" name="verifyDateRangeFilterUpdatesSafely" time="0.327"/>
  <testcase classname="com.ananda.web.admin.tests.FeedbackReportTest" name="verifyDownloadExcelClickHandledSafely" time="0.208"/>
  <testcase classname="com.ananda.web.admin.tests.FeedbackReportTest" name="verifyRefreshStability" time="0.578"/>
  <testcase classname="com.ananda.web.admin.tests.FeedbackReportTest" name="verifyInvalidDateRangeHandled" time="0.156"/>
  <testcase classname="com.ananda.web.admin.tests.FeedbackReportTest" name="verifyNoDataDateRangeHandled" time="0.175"/>
  <testcase classname="com.ananda.web.admin.tests.FeedbackReportTest" name="verifyRepeatedDownloadClicksDoNotBreakUi" time="0.445"/>
  <testcase classname="com.ananda.web.admin.tests.FeedbackReportTest" name="verifyRapidDateSwitchStability" time="0.146"/>
  <testcase classname="com.ananda.web.admin.tests.FeedbackReportTest" name="verifyScrollStability" time="0.459"/>
</testsuite> <!-- com.ananda.web.admin.tests.FeedbackReportTest -->
