<?xml version="1.0" encoding="UTF-8"?>
<!-- Generated by org.testng.reporters.JUnitReportReporter -->
<testsuite hostname="LAPTOP-M8JD7HBK" failures="0" tests="14" name="com.ananda.web.admin.tests.AssessmentTest" time="55.771" errors="0" timestamp="2026-03-26T11:55:05 IST" skipped="0">
  <testcase classname="com.ananda.web.admin.tests.AssessmentTest" name="verifyAssessmentTabLoads" time="2.224"/>
  <testcase classname="com.ananda.web.admin.tests.AssessmentTest" name="verifySearchGeneralHealth" time="2.988"/>
  <testcase classname="com.ananda.web.admin.tests.AssessmentTest" name="verifyViewSearchedSection" time="14.760"/>
  <testcase classname="com.ananda.web.admin.tests.AssessmentTest" name="verifyDetailStatusChange" time="3.402"/>
  <testcase classname="com.ananda.web.admin.tests.AssessmentTest" name="verifyAssessmentBreadcrumbNavigation" time="1.482"/>
  <testcase classname="com.ananda.web.admin.tests.AssessmentTest" name="verifyAssessmentTableHeaders" time="3.424"/>
  <testcase classname="com.ananda.web.admin.tests.AssessmentTest" name="verifyQuestionCountColumnFormat" time="3.270"/>
  <testcase classname="com.ananda.web.admin.tests.AssessmentTest" name="verifyPositionColumnFormat" time="3.337"/>
  <testcase classname="com.ananda.web.admin.tests.AssessmentTest" name="verifyCreatedOnDateFormat" time="2.780"/>
  <testcase classname="com.ananda.web.admin.tests.AssessmentTest" name="verifyViewSectionDetailsContent" time="4.974"/>
  <testcase classname="com.ananda.web.admin.tests.AssessmentTest" name="verifyRequestForEditModalOpenAndFields" time="3.272"/>
  <testcase classname="com.ananda.web.admin.tests.AssessmentTest" name="verifyRequestForEditModalCancel" time="2.781"/>
  <testcase classname="com.ananda.web.admin.tests.AssessmentTest" name="verifyInvalidSearchShowsNoResult" time="3.632"/>
  <testcase classname="com.ananda.web.admin.tests.AssessmentTest" name="verifyNoViewActionWhenNoSearchResult" time="3.445"/>
</testsuite> <!-- com.ananda.web.admin.tests.AssessmentTest -->
