<?xml version="1.0" encoding="UTF-8"?>
<!-- Generated by org.testng.reporters.JUnitReportReporter -->
<testsuite hostname="LAPTOP-M8JD7HBK" failures="0" tests="14" name="com.ananda.web.admin.tests.AssessmentTest" time="165.627" errors="0" timestamp="2026-03-21T00:20:15 IST" skipped="0">
  <testcase classname="com.ananda.web.admin.tests.AssessmentTest" name="verifyAssessmentTabLoads" time="7.461"/>
  <testcase classname="com.ananda.web.admin.tests.AssessmentTest" name="verifySearchGeneralHealth" time="6.076"/>
  <testcase classname="com.ananda.web.admin.tests.AssessmentTest" name="verifyViewSearchedSection" time="6.609"/>
  <testcase classname="com.ananda.web.admin.tests.AssessmentTest" name="verifyDetailStatusChange" time="23.161"/>
  <testcase classname="com.ananda.web.admin.tests.AssessmentTest" name="verifyAssessmentBreadcrumbNavigation" time="18.311"/>
  <testcase classname="com.ananda.web.admin.tests.AssessmentTest" name="verifyAssessmentTableHeaders" time="9.469"/>
  <testcase classname="com.ananda.web.admin.tests.AssessmentTest" name="verifyQuestionCountColumnFormat" time="8.189"/>
  <testcase classname="com.ananda.web.admin.tests.AssessmentTest" name="verifyPositionColumnFormat" time="8.623"/>
  <testcase classname="com.ananda.web.admin.tests.AssessmentTest" name="verifyCreatedOnDateFormat" time="8.742"/>
  <testcase classname="com.ananda.web.admin.tests.AssessmentTest" name="verifyViewSectionDetailsContent" time="9.461"/>
  <testcase classname="com.ananda.web.admin.tests.AssessmentTest" name="verifyRequestForEditModalOpenAndFields" time="10.047"/>
  <testcase classname="com.ananda.web.admin.tests.AssessmentTest" name="verifyRequestForEditModalCancel" time="23.134"/>
  <testcase classname="com.ananda.web.admin.tests.AssessmentTest" name="verifyInvalidSearchShowsNoResult" time="13.161"/>
  <testcase classname="com.ananda.web.admin.tests.AssessmentTest" name="verifyNoViewActionWhenNoSearchResult" time="13.183"/>
</testsuite> <!-- com.ananda.web.admin.tests.AssessmentTest -->
