<?xml version="1.0" encoding="UTF-8"?>
<!-- Generated by org.testng.reporters.JUnitReportReporter -->
<testsuite hostname="LAPTOP-M8JD7HBK" failures="0" tests="20" name="com.ananda.web.admin.tests.TestimonialsTest" time="28.959" errors="0" timestamp="2026-03-21T00:20:15 IST" skipped="0">
  <testcase classname="com.ananda.web.admin.tests.TestimonialsTest" name="verifyTestimonialsTabLoads" time="1.525"/>
  <testcase classname="com.ananda.web.admin.tests.TestimonialsTest" name="verifySearchControlVisible" time="1.146"/>
  <testcase classname="com.ananda.web.admin.tests.TestimonialsTest" name="verifyDateFilterControlsVisible" time="1.025"/>
  <testcase classname="com.ananda.web.admin.tests.TestimonialsTest" name="verifyTestimonialsTableHeaders" time="1.235"/>
  <testcase classname="com.ananda.web.admin.tests.TestimonialsTest" name="verifyCheckInCheckOutDateRangeFormat" time="1.205"/>
  <testcase classname="com.ananda.web.admin.tests.TestimonialsTest" name="verifySubmittedOnDateFormat" time="1.305"/>
  <testcase classname="com.ananda.web.admin.tests.TestimonialsTest" name="verifyStatusVisibleInRows" time="1.390"/>
  <testcase classname="com.ananda.web.admin.tests.TestimonialsTest" name="verifyMarkControlVisibleInRows" time="1.090"/>
  <testcase classname="com.ananda.web.admin.tests.TestimonialsTest" name="verifySearchByProgramTitle" time="1.307"/>
  <testcase classname="com.ananda.web.admin.tests.TestimonialsTest" name="verifySearchByGuestName" time="1.616"/>
  <testcase classname="com.ananda.web.admin.tests.TestimonialsTest" name="verifySearchByPartialKeyword" time="1.352"/>
  <testcase classname="com.ananda.web.admin.tests.TestimonialsTest" name="verifySearchCaseInsensitive" time="1.068"/>
  <testcase classname="com.ananda.web.admin.tests.TestimonialsTest" name="verifyClearSearchRestoresList" time="2.302"/>
  <testcase classname="com.ananda.web.admin.tests.TestimonialsTest" name="verifyDetailsTextVisible" time="1.325"/>
  <testcase classname="com.ananda.web.admin.tests.TestimonialsTest" name="verifyMarkToggleInteractionHandled" time="1.170"/>
  <testcase classname="com.ananda.web.admin.tests.TestimonialsTest" name="verifyInvalidSearchShowsNoResult" time="2.203"/>
  <testcase classname="com.ananda.web.admin.tests.TestimonialsTest" name="verifyNoMarkControlWhenNoSearchResult" time="2.038"/>
  <testcase classname="com.ananda.web.admin.tests.TestimonialsTest" name="verifySpecialCharacterSearchHandled" time="1.712"/>
  <testcase classname="com.ananda.web.admin.tests.TestimonialsTest" name="verifyVeryLongSearchHandled" time="1.279"/>
  <testcase classname="com.ananda.web.admin.tests.TestimonialsTest" name="verifyInvalidDateRangeHandled" time="1.666"/>
</testsuite> <!-- com.ananda.web.admin.tests.TestimonialsTest -->
