<?xml version="1.0" encoding="UTF-8"?>
<!-- Generated by org.testng.reporters.JUnitReportReporter -->
<testsuite hostname="LAPTOP-M8JD7HBK" failures="1" tests="20" name="com.ananda.web.admin.tests.QMSScorecardTest" time="12.962" errors="0" timestamp="2026-03-21T00:20:15 IST" skipped="0">
  <testcase classname="com.ananda.web.admin.tests.QMSScorecardTest" name="verifyQmsScorecardTabLoads" time="0.556"/>
  <testcase classname="com.ananda.web.admin.tests.QMSScorecardTest" name="verifyMonthDropdownVisible" time="0.579"/>
  <testcase classname="com.ananda.web.admin.tests.QMSScorecardTest" name="verifyYearDropdownVisible" time="0.522"/>
  <testcase classname="com.ananda.web.admin.tests.QMSScorecardTest" name="verifyDownloadExcelButtonVisible" time="0.565"/>
  <testcase classname="com.ananda.web.admin.tests.QMSScorecardTest" name="verifyMainSectionHeadersVisible" time="0.692"/>
  <testcase classname="com.ananda.web.admin.tests.QMSScorecardTest" name="verifyMetricColumnsVisible" time="0.601"/>
  <testcase classname="com.ananda.web.admin.tests.QMSScorecardTest" name="verifyNetPromoterScoreRowVisible" time="0.748"/>
  <testcase classname="com.ananda.web.admin.tests.QMSScorecardTest" name="verifyOverallQmsScoreRowVisible" time="0.525"/>
  <testcase classname="com.ananda.web.admin.tests.QMSScorecardTest" name="verifyWellnessObjectiveSectionVisible" time="0.513"/>
  <testcase classname="com.ananda.web.admin.tests.QMSScorecardTest" name="verifyConsultantsSectionVisible" time="0.622"/>
  <testcase classname="com.ananda.web.admin.tests.QMSScorecardTest" name="verifyNumericCellsFormatSafe" time="0.713"/>
  <testcase classname="com.ananda.web.admin.tests.QMSScorecardTest" name="verifyMonthSelectionUpdatesSafely" time="0.614"/>
  <testcase classname="com.ananda.web.admin.tests.QMSScorecardTest" name="verifyYearSelectionUpdatesSafely" time="0.646"/>
  <testcase classname="com.ananda.web.admin.tests.QMSScorecardTest" name="verifyDownloadButtonClickHandledSafely" time="0.430"/>
  <testcase classname="com.ananda.web.admin.tests.QMSScorecardTest" name="verifyRapidMonthSwitchStability" time="0.733"/>
  <testcase classname="com.ananda.web.admin.tests.QMSScorecardTest" name="verifyRapidYearSwitchStability" time="0.676"/>
  <testcase classname="com.ananda.web.admin.tests.QMSScorecardTest" name="verifyRefreshAfterFilterChangesStability" time="1.394">
    <failure message="Page unstable after refresh expected [true] but found [false]" type="java.lang.AssertionError">
      <![CDATA[java.lang.AssertionError: Page unstable after refresh expected [true] but found [false]
at org.testng.Assert.fail(Assert.java:111)
at org.testng.Assert.failNotEquals(Assert.java:1578)
at org.testng.Assert.assertTrue(Assert.java:57)
at com.ananda.web.admin.tests.QMSScorecardTest.verifyRefreshAfterFilterChangesStability(QMSScorecardTest.java:226)
at java.base/jdk.internal.reflect.DirectMethodHandleAccessor.invoke(DirectMethodHandleAccessor.java:104)
at java.base/java.lang.reflect.Method.invoke(Method.java:565)
at org.testng.internal.invokers.MethodInvocationHelper.invokeMethod(MethodInvocationHelper.java:139)
at org.testng.internal.invokers.TestInvoker.invokeMethod(TestInvoker.java:664)
at org.testng.internal.invokers.TestInvoker.invokeTestMethod(TestInvoker.java:228)
at org.testng.internal.invokers.MethodRunner.runInSequence(MethodRunner.java:63)
at org.testng.internal.invokers.TestInvoker$MethodInvocationAgent.invoke(TestInvoker.java:961)
at org.testng.internal.invokers.TestInvoker.invokeTestMethods(TestInvoker.java:201)
at org.testng.internal.invokers.TestMethodWorker.invokeTestMethods(TestMethodWorker.java:148)
at org.testng.internal.invokers.TestMethodWorker.run(TestMethodWorker.java:128)
at java.base/java.util.ArrayList.forEach(ArrayList.java:1604)
at org.testng.TestRunner.privateRun(TestRunner.java:819)
at org.testng.TestRunner.run(TestRunner.java:619)
at org.testng.SuiteRunner.runTest(SuiteRunner.java:443)
at org.testng.SuiteRunner.runSequentially(SuiteRunner.java:437)
at org.testng.SuiteRunner.privateRun(SuiteRunner.java:397)
at org.testng.SuiteRunner.run(SuiteRunner.java:336)
at org.testng.SuiteRunnerWorker.runSuite(SuiteRunnerWorker.java:52)
at org.testng.SuiteRunnerWorker.run(SuiteRunnerWorker.java:95)
at org.testng.TestNG.runSuitesSequentially(TestNG.java:1301)
at org.testng.TestNG.runSuitesLocally(TestNG.java:1228)
at org.testng.TestNG.runSuites(TestNG.java:1134)
at org.testng.TestNG.run(TestNG.java:1101)
at org.apache.maven.surefire.testng.TestNGExecutor.run(TestNGExecutor.java:308)
at org.apache.maven.surefire.testng.TestNGXmlTestSuite.execute(TestNGXmlTestSuite.java:71)
at org.apache.maven.surefire.testng.TestNGProvider.invoke(TestNGProvider.java:113)
at org.apache.maven.surefire.booter.ForkedBooter.runSuitesInProcess(ForkedBooter.java:385)
at org.apache.maven.surefire.booter.ForkedBooter.execute(ForkedBooter.java:162)
at org.apache.maven.surefire.booter.ForkedBooter.run(ForkedBooter.java:507)
at org.apache.maven.surefire.booter.ForkedBooter.main(ForkedBooter.java:495)
]]>
    </failure>
  </testcase> <!-- verifyRefreshAfterFilterChangesStability -->
  <testcase classname="com.ananda.web.admin.tests.QMSScorecardTest" name="verifyScrollAndUiStability" time="0.803"/>
  <testcase classname="com.ananda.web.admin.tests.QMSScorecardTest" name="verifyRepeatedDownloadClicksDoNotBreakUi" time="0.486"/>
  <testcase classname="com.ananda.web.admin.tests.QMSScorecardTest" name="verifyInvalidMonthYearInputHandledSafely" time="0.544"/>
</testsuite> <!-- com.ananda.web.admin.tests.QMSScorecardTest -->
