<?xml version="1.0" encoding="UTF-8"?>
<!-- Generated by org.testng.reporters.JUnitReportReporter -->
<testsuite hostname="LAPTOP-M8JD7HBK" failures="4" tests="41" name="com.ananda.web.admin.tests.AnalyticalReportTest" time="3.569" errors="0" timestamp="2026-03-21T00:20:15 IST" skipped="0">
  <testcase classname="com.ananda.web.admin.tests.AnalyticalReportTest" name="verifyAnalyticalReportPageLoads" time="0.069"/>
  <testcase classname="com.ananda.web.admin.tests.AnalyticalReportTest" name="verifyDownloadExcelVisible" time="0.054"/>
  <testcase classname="com.ananda.web.admin.tests.AnalyticalReportTest" name="verifyAdvancedSearchButtonVisible" time="0.075"/>
  <testcase classname="com.ananda.web.admin.tests.AnalyticalReportTest" name="verifyColumnManagementIconVisible" time="0.073"/>
  <testcase classname="com.ananda.web.admin.tests.AnalyticalReportTest" name="verifyReportTableVisible" time="0.071"/>
  <testcase classname="com.ananda.web.admin.tests.AnalyticalReportTest" name="verifyDefaultTableHeadersVisible" time="0.074">
    <failure message="Default Analytical Report headers are missing expected [true] but found [false]" type="java.lang.AssertionError">
      <![CDATA[java.lang.AssertionError: Default Analytical Report headers are missing expected [true] but found [false]
at org.testng.Assert.fail(Assert.java:111)
at org.testng.Assert.failNotEquals(Assert.java:1578)
at org.testng.Assert.assertTrue(Assert.java:57)
at com.ananda.web.admin.tests.AnalyticalReportTest.verifyDefaultTableHeadersVisible(AnalyticalReportTest.java:73)
at java.base/jdk.internal.reflect.DirectMethodHandleAccessor.invoke(DirectMethodHandleAccessor.java:104)
at java.base/java.lang.reflect.Method.invoke(Method.java:565)
at org.testng.internal.invokers.MethodInvocationHelper.invokeMethod(MethodInvocationHelper.java:139)
at org.testng.internal.invokers.TestInvoker.invokeMethod(TestInvoker.java:664)
at org.testng.internal.invokers.TestInvoker.invokeTestMethod(TestInvoker.java:228)
at org.testng.internal.invokers.MethodRunner.runInSequence(MethodRunner.java:63)
at org.testng.internal.invokers.TestInvoker$MethodInvocationAgent.invoke(TestInvoker.java:961)
at org.testng.internal.invokers.TestInvoker.invokeTestMethods(TestInvoker.java:201)
at org.testng.internal.invokers.TestMethodWorker.invokeTestMethods(TestMethodWorker.java:148)
at org.testng.internal.invokers.TestMethodWorker.run(TestMethodWorker.java:128)
at java.base/java.util.ArrayList.forEach(ArrayList.java:1604)
at org.testng.TestRunner.privateRun(TestRunner.java:819)
at org.testng.TestRunner.run(TestRunner.java:619)
at org.testng.SuiteRunner.runTest(SuiteRunner.java:443)
at org.testng.SuiteRunner.runSequentially(SuiteRunner.java:437)
at org.testng.SuiteRunner.privateRun(SuiteRunner.java:397)
at org.testng.SuiteRunner.run(SuiteRunner.java:336)
at org.testng.SuiteRunnerWorker.runSuite(SuiteRunnerWorker.java:52)
at org.testng.SuiteRunnerWorker.run(SuiteRunnerWorker.java:95)
at org.testng.TestNG.runSuitesSequentially(TestNG.java:1301)
at org.testng.TestNG.runSuitesLocally(TestNG.java:1228)
at org.testng.TestNG.runSuites(TestNG.java:1134)
at org.testng.TestNG.run(TestNG.java:1101)
at org.apache.maven.surefire.testng.TestNGExecutor.run(TestNGExecutor.java:308)
at org.apache.maven.surefire.testng.TestNGXmlTestSuite.execute(TestNGXmlTestSuite.java:71)
at org.apache.maven.surefire.testng.TestNGProvider.invoke(TestNGProvider.java:113)
at org.apache.maven.surefire.booter.ForkedBooter.runSuitesInProcess(ForkedBooter.java:385)
at org.apache.maven.surefire.booter.ForkedBooter.execute(ForkedBooter.java:162)
at org.apache.maven.surefire.booter.ForkedBooter.run(ForkedBooter.java:507)
at org.apache.maven.surefire.booter.ForkedBooter.main(ForkedBooter.java:495)
]]>
    </failure>
  </testcase> <!-- verifyDefaultTableHeadersVisible -->
  <testcase classname="com.ananda.web.admin.tests.AnalyticalReportTest" name="verifyRowsPerPageVisible" time="0.114"/>
  <testcase classname="com.ananda.web.admin.tests.AnalyticalReportTest" name="verifyPaginationRangeVisible" time="0.664"/>
  <testcase classname="com.ananda.web.admin.tests.AnalyticalReportTest" name="verifyPaginationControlsVisible" time="0.139">
    <failure message="Pagination controls are missing expected [true] but found [false]" type="java.lang.AssertionError">
      <![CDATA[java.lang.AssertionError: Pagination controls are missing expected [true] but found [false]
at org.testng.Assert.fail(Assert.java:111)
at org.testng.Assert.failNotEquals(Assert.java:1578)
at org.testng.Assert.assertTrue(Assert.java:57)
at com.ananda.web.admin.tests.AnalyticalReportTest.verifyPaginationControlsVisible(AnalyticalReportTest.java:94)
at java.base/jdk.internal.reflect.DirectMethodHandleAccessor.invoke(DirectMethodHandleAccessor.java:104)
at java.base/java.lang.reflect.Method.invoke(Method.java:565)
at org.testng.internal.invokers.MethodInvocationHelper.invokeMethod(MethodInvocationHelper.java:139)
at org.testng.internal.invokers.TestInvoker.invokeMethod(TestInvoker.java:664)
at org.testng.internal.invokers.TestInvoker.invokeTestMethod(TestInvoker.java:228)
at org.testng.internal.invokers.MethodRunner.runInSequence(MethodRunner.java:63)
at org.testng.internal.invokers.TestInvoker$MethodInvocationAgent.invoke(TestInvoker.java:961)
at org.testng.internal.invokers.TestInvoker.invokeTestMethods(TestInvoker.java:201)
at org.testng.internal.invokers.TestMethodWorker.invokeTestMethods(TestMethodWorker.java:148)
at org.testng.internal.invokers.TestMethodWorker.run(TestMethodWorker.java:128)
at java.base/java.util.ArrayList.forEach(ArrayList.java:1604)
at org.testng.TestRunner.privateRun(TestRunner.java:819)
at org.testng.TestRunner.run(TestRunner.java:619)
at org.testng.SuiteRunner.runTest(SuiteRunner.java:443)
at org.testng.SuiteRunner.runSequentially(SuiteRunner.java:437)
at org.testng.SuiteRunner.privateRun(SuiteRunner.java:397)
at org.testng.SuiteRunner.run(SuiteRunner.java:336)
at org.testng.SuiteRunnerWorker.runSuite(SuiteRunnerWorker.java:52)
at org.testng.SuiteRunnerWorker.run(SuiteRunnerWorker.java:95)
at org.testng.TestNG.runSuitesSequentially(TestNG.java:1301)
at org.testng.TestNG.runSuitesLocally(TestNG.java:1228)
at org.testng.TestNG.runSuites(TestNG.java:1134)
at org.testng.TestNG.run(TestNG.java:1101)
at org.apache.maven.surefire.testng.TestNGExecutor.run(TestNGExecutor.java:308)
at org.apache.maven.surefire.testng.TestNGXmlTestSuite.execute(TestNGXmlTestSuite.java:71)
at org.apache.maven.surefire.testng.TestNGProvider.invoke(TestNGProvider.java:113)
at org.apache.maven.surefire.booter.ForkedBooter.runSuitesInProcess(ForkedBooter.java:385)
at org.apache.maven.surefire.booter.ForkedBooter.execute(ForkedBooter.java:162)
at org.apache.maven.surefire.booter.ForkedBooter.run(ForkedBooter.java:507)
at org.apache.maven.surefire.booter.ForkedBooter.main(ForkedBooter.java:495)
]]>
    </failure>
  </testcase> <!-- verifyPaginationControlsVisible -->
  <testcase classname="com.ananda.web.admin.tests.AnalyticalReportTest" name="verifyColumnManagementPopupOpens" time="0.071"/>
  <testcase classname="com.ananda.web.admin.tests.AnalyticalReportTest" name="verifyColumnManagementControlsVisible" time="0.192"/>
  <testcase classname="com.ananda.web.admin.tests.AnalyticalReportTest" name="verifyDefaultSelectedColumnsVisible" time="0.053"/>
  <testcase classname="com.ananda.web.admin.tests.AnalyticalReportTest" name="verifyAvailableColumnsLoaded" time="0.076"/>
  <testcase classname="com.ananda.web.admin.tests.AnalyticalReportTest" name="verifyColumnManagementCancelClosesPopup" time="0.069"/>
  <testcase classname="com.ananda.web.admin.tests.AnalyticalReportTest" name="verifyShowSelectedColumnsHandledSafely" time="0.058"/>
  <testcase classname="com.ananda.web.admin.tests.AnalyticalReportTest" name="verifyAdvancedSearchPopupOpens" time="0.068"/>
  <testcase classname="com.ananda.web.admin.tests.AnalyticalReportTest" name="verifyAdvancedSearchControlsVisible" time="0.043"/>
  <testcase classname="com.ananda.web.admin.tests.AnalyticalReportTest" name="verifyCriteriaModeButtonsVisible" time="0.042"/>
  <testcase classname="com.ananda.web.admin.tests.AnalyticalReportTest" name="verifyAdvancedSearchDropdownsLoaded" time="0.048"/>
  <testcase classname="com.ananda.web.admin.tests.AnalyticalReportTest" name="verifySingleCriterionCanBePreparedSafely" time="0.065"/>
  <testcase classname="com.ananda.web.admin.tests.AnalyticalReportTest" name="verifyAdvancedSearchCancelClosesPopup" time="0.063"/>
  <testcase classname="com.ananda.web.admin.tests.AnalyticalReportTest" name="verifyRepeatedColumnPopupOpenHandledSafely" time="0.050"/>
  <testcase classname="com.ananda.web.admin.tests.AnalyticalReportTest" name="verifyRemovingSelectedColumnHandledSafely" time="0.061"/>
  <testcase classname="com.ananda.web.admin.tests.AnalyticalReportTest" name="verifyShowSelectedColumnsWithoutChangesHandledSafely" time="0.051"/>
  <testcase classname="com.ananda.web.admin.tests.AnalyticalReportTest" name="verifySearchWithoutCriteriaHandledSafely" time="0.047"/>
  <testcase classname="com.ananda.web.admin.tests.AnalyticalReportTest" name="verifyAdvancedSearchResetHandledSafely" time="0.073"/>
  <testcase classname="com.ananda.web.admin.tests.AnalyticalReportTest" name="verifyCriterionDeleteHandledSafely" time="0.056"/>
  <testcase classname="com.ananda.web.admin.tests.AnalyticalReportTest" name="verifyCriterionEditHandledSafely" time="0.042"/>
  <testcase classname="com.ananda.web.admin.tests.AnalyticalReportTest" name="verifyRepeatedAdvancedSearchOpenHandledSafely" time="0.052"/>
  <testcase classname="com.ananda.web.admin.tests.AnalyticalReportTest" name="verifyRepeatedColumnRemoveHandledSafely" time="0.076"/>
  <testcase classname="com.ananda.web.admin.tests.AnalyticalReportTest" name="verifyColumnPopupCancelAfterChangeHandledSafely" time="0.086"/>
  <testcase classname="com.ananda.web.admin.tests.AnalyticalReportTest" name="verifyAdvancedSearchCancelAfterCriterionHandledSafely" time="0.084"/>
  <testcase classname="com.ananda.web.admin.tests.AnalyticalReportTest" name="verifyRepeatedSearchWithoutCriteriaHandledSafely" time="0.134"/>
  <testcase classname="com.ananda.web.admin.tests.AnalyticalReportTest" name="verifyRepeatedResetHandledSafely" time="0.066"/>
  <testcase classname="com.ananda.web.admin.tests.AnalyticalReportTest" name="verifyColumnPopupReopenAfterCancelHandledSafely" time="0.055"/>
  <testcase classname="com.ananda.web.admin.tests.AnalyticalReportTest" name="verifyAdvancedSearchReopenAfterCancelHandledSafely" time="0.062"/>
  <testcase classname="com.ananda.web.admin.tests.AnalyticalReportTest" name="verifyColumnManagementAndAdvancedSearchSequentialUseHandledSafely" time="0.113">
    <failure message="Sequential Column Management and Advanced Search use caused instability expected [true] but found [false]" type="java.lang.AssertionError">
      <![CDATA[java.lang.AssertionError: Sequential Column Management and Advanced Search use caused instability expected [true] but found [false]
at org.testng.Assert.fail(Assert.java:111)
at org.testng.Assert.failNotEquals(Assert.java:1578)
at org.testng.Assert.assertTrue(Assert.java:57)
at com.ananda.web.admin.tests.AnalyticalReportTest.verifyColumnManagementAndAdvancedSearchSequentialUseHandledSafely(AnalyticalReportTest.java:430)
at java.base/jdk.internal.reflect.DirectMethodHandleAccessor.invoke(DirectMethodHandleAccessor.java:104)
at java.base/java.lang.reflect.Method.invoke(Method.java:565)
at org.testng.internal.invokers.MethodInvocationHelper.invokeMethod(MethodInvocationHelper.java:139)
at org.testng.internal.invokers.TestInvoker.invokeMethod(TestInvoker.java:664)
at org.testng.internal.invokers.TestInvoker.invokeTestMethod(TestInvoker.java:228)
at org.testng.internal.invokers.MethodRunner.runInSequence(MethodRunner.java:63)
at org.testng.internal.invokers.TestInvoker$MethodInvocationAgent.invoke(TestInvoker.java:961)
at org.testng.internal.invokers.TestInvoker.invokeTestMethods(TestInvoker.java:201)
at org.testng.internal.invokers.TestMethodWorker.invokeTestMethods(TestMethodWorker.java:148)
at org.testng.internal.invokers.TestMethodWorker.run(TestMethodWorker.java:128)
at java.base/java.util.ArrayList.forEach(ArrayList.java:1604)
at org.testng.TestRunner.privateRun(TestRunner.java:819)
at org.testng.TestRunner.run(TestRunner.java:619)
at org.testng.SuiteRunner.runTest(SuiteRunner.java:443)
at org.testng.SuiteRunner.runSequentially(SuiteRunner.java:437)
at org.testng.SuiteRunner.privateRun(SuiteRunner.java:397)
at org.testng.SuiteRunner.run(SuiteRunner.java:336)
at org.testng.SuiteRunnerWorker.runSuite(SuiteRunnerWorker.java:52)
at org.testng.SuiteRunnerWorker.run(SuiteRunnerWorker.java:95)
at org.testng.TestNG.runSuitesSequentially(TestNG.java:1301)
at org.testng.TestNG.runSuitesLocally(TestNG.java:1228)
at org.testng.TestNG.runSuites(TestNG.java:1134)
at org.testng.TestNG.run(TestNG.java:1101)
at org.apache.maven.surefire.testng.TestNGExecutor.run(TestNGExecutor.java:308)
at org.apache.maven.surefire.testng.TestNGXmlTestSuite.execute(TestNGXmlTestSuite.java:71)
at org.apache.maven.surefire.testng.TestNGProvider.invoke(TestNGProvider.java:113)
at org.apache.maven.surefire.booter.ForkedBooter.runSuitesInProcess(ForkedBooter.java:385)
at org.apache.maven.surefire.booter.ForkedBooter.execute(ForkedBooter.java:162)
at org.apache.maven.surefire.booter.ForkedBooter.run(ForkedBooter.java:507)
at org.apache.maven.surefire.booter.ForkedBooter.main(ForkedBooter.java:495)
]]>
    </failure>
  </testcase> <!-- verifyColumnManagementAndAdvancedSearchSequentialUseHandledSafely -->
  <testcase classname="com.ananda.web.admin.tests.AnalyticalReportTest" name="verifyLongUiScrollHandledSafely" time="0.060"/>
  <testcase classname="com.ananda.web.admin.tests.AnalyticalReportTest" name="verifyRefreshAfterColumnPopupHandledSafely" time="0.076"/>
  <testcase classname="com.ananda.web.admin.tests.AnalyticalReportTest" name="verifyRefreshAfterAdvancedSearchHandledSafely" time="0.042"/>
  <testcase classname="com.ananda.web.admin.tests.AnalyticalReportTest" name="verifyRapidOpenCloseStability" time="0.102">
    <failure message="Rapid popup open/close caused UI instability expected [true] but found [false]" type="java.lang.AssertionError">
      <![CDATA[java.lang.AssertionError: Rapid popup open/close caused UI instability expected [true] but found [false]
at org.testng.Assert.fail(Assert.java:111)
at org.testng.Assert.failNotEquals(Assert.java:1578)
at org.testng.Assert.assertTrue(Assert.java:57)
at com.ananda.web.admin.tests.AnalyticalReportTest.verifyRapidOpenCloseStability(AnalyticalReportTest.java:476)
at java.base/jdk.internal.reflect.DirectMethodHandleAccessor.invoke(DirectMethodHandleAccessor.java:104)
at java.base/java.lang.reflect.Method.invoke(Method.java:565)
at org.testng.internal.invokers.MethodInvocationHelper.invokeMethod(MethodInvocationHelper.java:139)
at org.testng.internal.invokers.TestInvoker.invokeMethod(TestInvoker.java:664)
at org.testng.internal.invokers.TestInvoker.invokeTestMethod(TestInvoker.java:228)
at org.testng.internal.invokers.MethodRunner.runInSequence(MethodRunner.java:63)
at org.testng.internal.invokers.TestInvoker$MethodInvocationAgent.invoke(TestInvoker.java:961)
at org.testng.internal.invokers.TestInvoker.invokeTestMethods(TestInvoker.java:201)
at org.testng.internal.invokers.TestMethodWorker.invokeTestMethods(TestMethodWorker.java:148)
at org.testng.internal.invokers.TestMethodWorker.run(TestMethodWorker.java:128)
at java.base/java.util.ArrayList.forEach(ArrayList.java:1604)
at org.testng.TestRunner.privateRun(TestRunner.java:819)
at org.testng.TestRunner.run(TestRunner.java:619)
at org.testng.SuiteRunner.runTest(SuiteRunner.java:443)
at org.testng.SuiteRunner.runSequentially(SuiteRunner.java:437)
at org.testng.SuiteRunner.privateRun(SuiteRunner.java:397)
at org.testng.SuiteRunner.run(SuiteRunner.java:336)
at org.testng.SuiteRunnerWorker.runSuite(SuiteRunnerWorker.java:52)
at org.testng.SuiteRunnerWorker.run(SuiteRunnerWorker.java:95)
at org.testng.TestNG.runSuitesSequentially(TestNG.java:1301)
at org.testng.TestNG.runSuitesLocally(TestNG.java:1228)
at org.testng.TestNG.runSuites(TestNG.java:1134)
at org.testng.TestNG.run(TestNG.java:1101)
at org.apache.maven.surefire.testng.TestNGExecutor.run(TestNGExecutor.java:308)
at org.apache.maven.surefire.testng.TestNGXmlTestSuite.execute(TestNGXmlTestSuite.java:71)
at org.apache.maven.surefire.testng.TestNGProvider.invoke(TestNGProvider.java:113)
at org.apache.maven.surefire.booter.ForkedBooter.runSuitesInProcess(ForkedBooter.java:385)
at org.apache.maven.surefire.booter.ForkedBooter.execute(ForkedBooter.java:162)
at org.apache.maven.surefire.booter.ForkedBooter.run(ForkedBooter.java:507)
at org.apache.maven.surefire.booter.ForkedBooter.main(ForkedBooter.java:495)
]]>
    </failure>
  </testcase> <!-- verifyRapidOpenCloseStability -->
</testsuite> <!-- com.ananda.web.admin.tests.AnalyticalReportTest -->
