<?xml version="1.0" encoding="UTF-8"?>
<!-- Generated by org.testng.reporters.JUnitReportReporter -->
<testsuite hostname="LAPTOP-M8JD7HBK" failures="0" tests="16" name="com.ananda.web.admin.tests.DownloadsTest" time="30.077" errors="0" timestamp="2026-03-27T00:04:35 IST" skipped="0">
  <testcase classname="com.ananda.web.admin.tests.DownloadsTest" name="verifyDownloadsPageLoads" time="1.611"/>
  <testcase classname="com.ananda.web.admin.tests.DownloadsTest" name="verifySearchControlVisible" time="1.097"/>
  <testcase classname="com.ananda.web.admin.tests.DownloadsTest" name="verifyDownloadsTableHeaders" time="2.478"/>
  <testcase classname="com.ananda.web.admin.tests.DownloadsTest" name="verifyDeleteActionVisible" time="0.637"/>
  <testcase classname="com.ananda.web.admin.tests.DownloadsTest" name="verifyEmailColumnFormat" time="1.320"/>
  <testcase classname="com.ananda.web.admin.tests.DownloadsTest" name="verifyLastLoginFormat" time="1.258"/>
  <testcase classname="com.ananda.web.admin.tests.DownloadsTest" name="verifySearchByEmail" time="5.038"/>
  <testcase classname="com.ananda.web.admin.tests.DownloadsTest" name="verifySearchByPartialEmail" time="2.067"/>
  <testcase classname="com.ananda.web.admin.tests.DownloadsTest" name="verifySearchByNameOrMobile" time="1.308"/>
  <testcase classname="com.ananda.web.admin.tests.DownloadsTest" name="verifySearchCaseInsensitivity" time="1.870"/>
  <testcase classname="com.ananda.web.admin.tests.DownloadsTest" name="verifyClearSearchRestoresList" time="1.886"/>
  <testcase classname="com.ananda.web.admin.tests.DownloadsTest" name="verifyDeletePopupOpenAndCancel" time="1.164"/>
  <testcase classname="com.ananda.web.admin.tests.DownloadsTest" name="verifyDeleteConfirmOptional" time="1.086"/>
  <testcase classname="com.ananda.web.admin.tests.DownloadsTest" name="verifyInvalidSearchShowsNoResult" time="2.354"/>
  <testcase classname="com.ananda.web.admin.tests.DownloadsTest" name="verifySpecialCharacterSearchHandled" time="1.286"/>
  <testcase classname="com.ananda.web.admin.tests.DownloadsTest" name="verifyLongKeywordSearchStability" time="3.617"/>
</testsuite> <!-- com.ananda.web.admin.tests.DownloadsTest -->
