<?xml version="1.0" encoding="UTF-8"?>
<!-- Generated by org.testng.reporters.JUnitReportReporter -->
<testsuite hostname="LAPTOP-M8JD7HBK" failures="1" tests="16" name="com.ananda.web.admin.tests.FeedbackReportTest" time="1.840" errors="0" timestamp="2026-03-21T00:20:15 IST" skipped="0">
  <testcase classname="com.ananda.web.admin.tests.FeedbackReportTest" name="verifyFeedbackReportTabLoads" time="0.053"/>
  <testcase classname="com.ananda.web.admin.tests.FeedbackReportTest" name="verifyDateFiltersVisible" time="0.123"/>
  <testcase classname="com.ananda.web.admin.tests.FeedbackReportTest" name="verifyDownloadExcelVisible" time="0.250"/>
  <testcase classname="com.ananda.web.admin.tests.FeedbackReportTest" name="verifyFeedbackReportTableHeaders" time="0.131"/>
  <testcase classname="com.ananda.web.admin.tests.FeedbackReportTest" name="verifyCheckInDateFormat" time="0.039"/>
  <testcase classname="com.ananda.web.admin.tests.FeedbackReportTest" name="verifyCheckOutDateFormat" time="0.083"/>
  <testcase classname="com.ananda.web.admin.tests.FeedbackReportTest" name="verifyFeedbackDateFormat" time="0.056"/>
  <testcase classname="com.ananda.web.admin.tests.FeedbackReportTest" name="verifyCheckOutAfterCheckIn" time="0.055"/>
  <testcase classname="com.ananda.web.admin.tests.FeedbackReportTest" name="verifyDateRangeFilterUpdatesSafely" time="0.057"/>
  <testcase classname="com.ananda.web.admin.tests.FeedbackReportTest" name="verifyDownloadExcelClickHandledSafely" time="0.270"/>
  <testcase classname="com.ananda.web.admin.tests.FeedbackReportTest" name="verifyRefreshStability" time="0.430"/>
  <testcase classname="com.ananda.web.admin.tests.FeedbackReportTest" name="verifyInvalidDateRangeHandled" time="0.038"/>
  <testcase classname="com.ananda.web.admin.tests.FeedbackReportTest" name="verifyNoDataDateRangeHandled" time="0.046"/>
  <testcase classname="com.ananda.web.admin.tests.FeedbackReportTest" name="verifyRepeatedDownloadClicksDoNotBreakUi" time="0.044"/>
  <testcase classname="com.ananda.web.admin.tests.FeedbackReportTest" name="verifyRapidDateSwitchStability" time="0.057"/>
  <testcase classname="com.ananda.web.admin.tests.FeedbackReportTest" name="verifyScrollStability" time="0.108">
    <failure message="Long scroll caused UI instability expected [true] but found [false]" type="java.lang.AssertionError">
      <![CDATA[java.lang.AssertionError: Long scroll caused UI instability expected [true] but found [false]
at org.testng.Assert.fail(Assert.java:111)
at org.testng.Assert.failNotEquals(Assert.java:1578)
at org.testng.Assert.assertTrue(Assert.java:57)
at com.ananda.web.admin.tests.FeedbackReportTest.verifyScrollStability(FeedbackReportTest.java:205)
at java.base/jdk.internal.reflect.DirectMethodHandleAccessor.invoke(DirectMethodHandleAccessor.java:104)
at java.base/java.lang.reflect.Method.invoke(Method.java:565)
at org.testng.internal.invokers.MethodInvocationHelper.invokeMethod(MethodInvocationHelper.java:139)
at org.testng.internal.invokers.TestInvoker.invokeMethod(TestInvoker.java:664)
at org.testng.internal.invokers.TestInvoker.invokeTestMethod(TestInvoker.java:228)
at org.testng.internal.invokers.MethodRunner.runInSequence(MethodRunner.java:63)
at org.testng.internal.invokers.TestInvoker$MethodInvocationAgent.invoke(TestInvoker.java:961)
at org.testng.internal.invokers.TestInvoker.invokeTestMethods(TestInvoker.java:201)
at org.testng.internal.invokers.TestMethodWorker.invokeTestMethods(TestMethodWorker.java:148)
at org.testng.internal.invokers.TestMethodWorker.run(TestMethodWorker.java:128)
at java.base/java.util.ArrayList.forEach(ArrayList.java:1604)
at org.testng.TestRunner.privateRun(TestRunner.java:819)
at org.testng.TestRunner.run(TestRunner.java:619)
at org.testng.SuiteRunner.runTest(SuiteRunner.java:443)
at org.testng.SuiteRunner.runSequentially(SuiteRunner.java:437)
at org.testng.SuiteRunner.privateRun(SuiteRunner.java:397)
at org.testng.SuiteRunner.run(SuiteRunner.java:336)
at org.testng.SuiteRunnerWorker.runSuite(SuiteRunnerWorker.java:52)
at org.testng.SuiteRunnerWorker.run(SuiteRunnerWorker.java:95)
at org.testng.TestNG.runSuitesSequentially(TestNG.java:1301)
at org.testng.TestNG.runSuitesLocally(TestNG.java:1228)
at org.testng.TestNG.runSuites(TestNG.java:1134)
at org.testng.TestNG.run(TestNG.java:1101)
at org.apache.maven.surefire.testng.TestNGExecutor.run(TestNGExecutor.java:308)
at org.apache.maven.surefire.testng.TestNGXmlTestSuite.execute(TestNGXmlTestSuite.java:71)
at org.apache.maven.surefire.testng.TestNGProvider.invoke(TestNGProvider.java:113)
at org.apache.maven.surefire.booter.ForkedBooter.runSuitesInProcess(ForkedBooter.java:385)
at org.apache.maven.surefire.booter.ForkedBooter.execute(ForkedBooter.java:162)
at org.apache.maven.surefire.booter.ForkedBooter.run(ForkedBooter.java:507)
at org.apache.maven.surefire.booter.ForkedBooter.main(ForkedBooter.java:495)
]]>
    </failure>
  </testcase> <!-- verifyScrollStability -->
</testsuite> <!-- com.ananda.web.admin.tests.FeedbackReportTest -->
