<?xml version="1.0" encoding="UTF-8"?>
<!-- Generated by org.testng.reporters.JUnitReportReporter -->
<testsuite hostname="LAPTOP-M8JD7HBK" failures="0" tests="20" name="com.ananda.web.admin.tests.ProgramsTest" time="99.360" errors="0" timestamp="2026-03-27T00:04:35 IST" skipped="0">
  <testcase classname="com.ananda.web.admin.tests.ProgramsTest" name="verifyProgramsButton" time="0.550"/>
  <testcase classname="com.ananda.web.admin.tests.ProgramsTest" name="verifyFilterByLevel" time="28.840"/>
  <testcase classname="com.ananda.web.admin.tests.ProgramsTest" name="verifyDurationRange" time="0.584"/>
  <testcase classname="com.ananda.web.admin.tests.ProgramsTest" name="verifySearchFeature" time="3.124"/>
  <testcase classname="com.ananda.web.admin.tests.ProgramsTest" name="verifyStatusSelection" time="0.618"/>
  <testcase classname="com.ananda.web.admin.tests.ProgramsTest" name="verifySearchProgram1" time="0.444"/>
  <testcase classname="com.ananda.web.admin.tests.ProgramsTest" name="verifyViewProgram" time="26.208"/>
  <testcase classname="com.ananda.web.admin.tests.ProgramsTest" name="verifyDetailStatusChange" time="25.806"/>
  <testcase classname="com.ananda.web.admin.tests.ProgramsTest" name="verifyEditRequest" time="0.335"/>
  <testcase classname="com.ananda.web.admin.tests.ProgramsTest" name="verifyCancelEdit" time="0.368"/>
  <testcase classname="com.ananda.web.admin.tests.ProgramsTest" name="verifyBreadcrumb" time="2.352"/>
  <testcase classname="com.ananda.web.admin.tests.ProgramsTest" name="verifyProgramTableHeaders" time="1.525"/>
  <testcase classname="com.ananda.web.admin.tests.ProgramsTest" name="verifyViewProgramFieldVisibility" time="0.566"/>
  <testcase classname="com.ananda.web.admin.tests.ProgramsTest" name="verifyRequestForEditModalFields" time="0.449"/>
  <testcase classname="com.ananda.web.admin.tests.ProgramsTest" name="verifySearchWithInvalidKeyword" time="1.471"/>
  <testcase classname="com.ananda.web.admin.tests.ProgramsTest" name="verifyInvalidDurationRange" time="0.697"/>
  <testcase classname="com.ananda.web.admin.tests.ProgramsTest" name="verifyNoViewActionWhenNoResults" time="1.578"/>
  <testcase classname="com.ananda.web.admin.tests.ProgramsTest" name="verifySearchWithSpecialCharacterKeyword" time="0.729"/>
  <testcase classname="com.ananda.web.admin.tests.ProgramsTest" name="verifySearchWithVeryLongInvalidKeyword" time="1.907"/>
  <testcase classname="com.ananda.web.admin.tests.ProgramsTest" name="verifyMinGreaterThanMaxDuration" time="1.209"/>
</testsuite> <!-- com.ananda.web.admin.tests.ProgramsTest -->
