<?xml version="1.0" encoding="UTF-8"?>
<!-- Generated by org.testng.reporters.JUnitReportReporter -->
<testsuite hostname="LAPTOP-M8JD7HBK" failures="0" tests="20" name="com.ananda.web.admin.tests.ProgramsTest" time="9.185" errors="0" timestamp="2026-03-26T11:55:05 IST" skipped="0">
  <testcase classname="com.ananda.web.admin.tests.ProgramsTest" name="verifyProgramsButton" time="0.138"/>
  <testcase classname="com.ananda.web.admin.tests.ProgramsTest" name="verifyFilterByLevel" time="1.304"/>
  <testcase classname="com.ananda.web.admin.tests.ProgramsTest" name="verifyDurationRange" time="0.190"/>
  <testcase classname="com.ananda.web.admin.tests.ProgramsTest" name="verifySearchFeature" time="0.302"/>
  <testcase classname="com.ananda.web.admin.tests.ProgramsTest" name="verifyStatusSelection" time="0.241"/>
  <testcase classname="com.ananda.web.admin.tests.ProgramsTest" name="verifySearchProgram1" time="0.112"/>
  <testcase classname="com.ananda.web.admin.tests.ProgramsTest" name="verifyViewProgram" time="0.167"/>
  <testcase classname="com.ananda.web.admin.tests.ProgramsTest" name="verifyDetailStatusChange" time="0.392"/>
  <testcase classname="com.ananda.web.admin.tests.ProgramsTest" name="verifyEditRequest" time="0.287"/>
  <testcase classname="com.ananda.web.admin.tests.ProgramsTest" name="verifyCancelEdit" time="0.223"/>
  <testcase classname="com.ananda.web.admin.tests.ProgramsTest" name="verifyBreadcrumb" time="0.415"/>
  <testcase classname="com.ananda.web.admin.tests.ProgramsTest" name="verifyProgramTableHeaders" time="0.767"/>
  <testcase classname="com.ananda.web.admin.tests.ProgramsTest" name="verifyViewProgramFieldVisibility" time="0.506"/>
  <testcase classname="com.ananda.web.admin.tests.ProgramsTest" name="verifyRequestForEditModalFields" time="0.555"/>
  <testcase classname="com.ananda.web.admin.tests.ProgramsTest" name="verifySearchWithInvalidKeyword" time="0.774"/>
  <testcase classname="com.ananda.web.admin.tests.ProgramsTest" name="verifyInvalidDurationRange" time="0.227"/>
  <testcase classname="com.ananda.web.admin.tests.ProgramsTest" name="verifyNoViewActionWhenNoResults" time="0.619"/>
  <testcase classname="com.ananda.web.admin.tests.ProgramsTest" name="verifySearchWithSpecialCharacterKeyword" time="0.786"/>
  <testcase classname="com.ananda.web.admin.tests.ProgramsTest" name="verifySearchWithVeryLongInvalidKeyword" time="0.763"/>
  <testcase classname="com.ananda.web.admin.tests.ProgramsTest" name="verifyMinGreaterThanMaxDuration" time="0.417"/>
</testsuite> <!-- com.ananda.web.admin.tests.ProgramsTest -->
