<?xml version="1.0" encoding="UTF-8"?>
<!-- Generated by org.testng.reporters.JUnitReportReporter -->
<testsuite hostname="LAPTOP-M8JD7HBK" failures="0" tests="30" name="com.ananda.web.admin.tests.ArticlesTest" time="29.767" errors="0" timestamp="2026-03-21T00:20:15 IST" skipped="0">
  <testcase classname="com.ananda.web.admin.tests.ArticlesTest" name="verifyArticlesTabLoads" time="0.674"/>
  <testcase classname="com.ananda.web.admin.tests.ArticlesTest" name="verifySearchControlVisible" time="0.630"/>
  <testcase classname="com.ananda.web.admin.tests.ArticlesTest" name="verifyAddArticleButtonVisible" time="0.638"/>
  <testcase classname="com.ananda.web.admin.tests.ArticlesTest" name="verifyArticlesTableHeadersVisible" time="0.684"/>
  <testcase classname="com.ananda.web.admin.tests.ArticlesTest" name="verifyUploadedByFormat" time="0.643"/>
  <testcase classname="com.ananda.web.admin.tests.ArticlesTest" name="verifyFreePaidColumnValues" time="0.786"/>
  <testcase classname="com.ananda.web.admin.tests.ArticlesTest" name="verifyStatusControlVisibleInList" time="0.694"/>
  <testcase classname="com.ananda.web.admin.tests.ArticlesTest" name="verifySearchByTitle" time="0.696"/>
  <testcase classname="com.ananda.web.admin.tests.ArticlesTest" name="verifySearchByPartialTitle" time="0.657"/>
  <testcase classname="com.ananda.web.admin.tests.ArticlesTest" name="verifySearchCaseInsensitive" time="0.629"/>
  <testcase classname="com.ananda.web.admin.tests.ArticlesTest" name="verifyClearSearchRestoresList" time="0.915"/>
  <testcase classname="com.ananda.web.admin.tests.ArticlesTest" name="verifyViewArticleFlow" time="0.716"/>
  <testcase classname="com.ananda.web.admin.tests.ArticlesTest" name="verifyViewArticleFieldsVisible" time="0.754"/>
  <testcase classname="com.ananda.web.admin.tests.ArticlesTest" name="verifyEditArticleFlow" time="0.675"/>
  <testcase classname="com.ananda.web.admin.tests.ArticlesTest" name="verifyAddArticleFormOpens" time="1.187"/>
  <testcase classname="com.ananda.web.admin.tests.ArticlesTest" name="verifyAddEditFormFieldsVisible" time="1.233"/>
  <testcase classname="com.ananda.web.admin.tests.ArticlesTest" name="verifyTypeProgramCategoryDropdownsVisible" time="1.098"/>
  <testcase classname="com.ananda.web.admin.tests.ArticlesTest" name="verifyDescriptionEditorVisible" time="1.338"/>
  <testcase classname="com.ananda.web.admin.tests.ArticlesTest" name="verifyAttachmentControlVisible" time="1.294"/>
  <testcase classname="com.ananda.web.admin.tests.ArticlesTest" name="verifyPublishAndCancelButtonsVisible" time="1.285"/>
  <testcase classname="com.ananda.web.admin.tests.ArticlesTest" name="verifyDeletePopupOpenAndCancel" time="0.627"/>
  <testcase classname="com.ananda.web.admin.tests.ArticlesTest" name="verifyInvalidSearchShowsNoResult" time="1.141"/>
  <testcase classname="com.ananda.web.admin.tests.ArticlesTest" name="verifyNoViewActionWhenNoSearchResult" time="1.269"/>
  <testcase classname="com.ananda.web.admin.tests.ArticlesTest" name="verifyNoEditActionWhenNoSearchResult" time="1.352"/>
  <testcase classname="com.ananda.web.admin.tests.ArticlesTest" name="verifyNoDeleteActionWhenNoSearchResult" time="1.292"/>
  <testcase classname="com.ananda.web.admin.tests.ArticlesTest" name="verifySpecialCharacterSearchHandled" time="1.524"/>
  <testcase classname="com.ananda.web.admin.tests.ArticlesTest" name="verifyVeryLongSearchHandled" time="1.576"/>
  <testcase classname="com.ananda.web.admin.tests.ArticlesTest" name="verifySqlLikeSearchHandled" time="1.362"/>
  <testcase classname="com.ananda.web.admin.tests.ArticlesTest" name="verifyPublishWithBlankMandatoryFieldsShowsValidation" time="1.254"/>
  <testcase classname="com.ananda.web.admin.tests.ArticlesTest" name="verifyAddFormCancelReturnsSafely" time="1.144"/>
</testsuite> <!-- com.ananda.web.admin.tests.ArticlesTest -->
