<?xml version="1.0" encoding="UTF-8"?>
<!-- Generated by org.testng.reporters.JUnitXMLReporter -->
<testsuite ignored="0" hostname="LAPTOP-M8JD7HBK" failures="1" tests="23" name="Announcement Tests" time="33.71" errors="0" timestamp="2026-03-21T00:19:13 IST">
  <testcase classname="com.ananda.web.admin.tests.AnnouncementTest" name="verifyAnnouncementTabLoads" time="0.022"/>
  <testcase classname="com.ananda.web.admin.tests.AnnouncementTest" name="verifySearchControlVisible" time="0.081"/>
  <testcase classname="com.ananda.web.admin.tests.AnnouncementTest" name="verifyAddAnnouncementButtonVisible" time="0.032"/>
  <testcase classname="com.ananda.web.admin.tests.AnnouncementTest" name="verifyAnnouncementTableHeadersVisible" time="0.061"/>
  <testcase classname="com.ananda.web.admin.tests.AnnouncementTest" name="verifyDateColumnFormat" time="0.005"/>
  <testcase classname="com.ananda.web.admin.tests.AnnouncementTest" name="verifySearchByTitle" time="0.0"/>
  <testcase classname="com.ananda.web.admin.tests.AnnouncementTest" name="verifySearchByPartialTitle" time="0.0"/>
  <testcase classname="com.ananda.web.admin.tests.AnnouncementTest" name="verifySearchCaseInsensitive" time="0.0"/>
  <testcase classname="com.ananda.web.admin.tests.AnnouncementTest" name="verifyClearSearchRestoresList" time="0.453"/>
  <testcase classname="com.ananda.web.admin.tests.AnnouncementTest" name="verifyViewAnnouncementFlow" time="0.006"/>
  <testcase classname="com.ananda.web.admin.tests.AnnouncementTest" name="verifyViewAnnouncementFieldsVisible" time="0.005"/>
  <testcase classname="com.ananda.web.admin.tests.AnnouncementTest" name="verifyEditAnnouncementFlow" time="0.009"/>
  <testcase classname="com.ananda.web.admin.tests.AnnouncementTest" name="verifyEditFormFieldsVisible" time="0.008"/>
  <testcase classname="com.ananda.web.admin.tests.AnnouncementTest" name="verifyAddAnnouncementFormOpens" time="6.91"/>
  <testcase classname="com.ananda.web.admin.tests.AnnouncementTest" name="verifyAddFormFieldsVisible" time="6.878">
    <failure type="java.lang.AssertionError" message="Add announcement fields are missing expected [true] but found [false]">
      <![CDATA[java.lang.AssertionError: Add announcement fields are missing expected [true] but found [false]
at com.ananda.web.admin.tests.AnnouncementTest.verifyAddFormFieldsVisible(AnnouncementTest.java:203)
at java.base/java.util.ArrayList.forEach(ArrayList.java:1604)
... Removed 32 stack frames]]>
    </failure>
  </testcase> <!-- verifyAddFormFieldsVisible -->
  <testcase classname="com.ananda.web.admin.tests.AnnouncementTest" name="verifyDeletePopupOpenAndCancel" time="0.005"/>
  <testcase classname="com.ananda.web.admin.tests.AnnouncementTest" name="verifyInvalidSearchShowsNoResult" time="0.565"/>
  <testcase classname="com.ananda.web.admin.tests.AnnouncementTest" name="verifyNoViewActionWhenNoSearchResult" time="0.533"/>
  <testcase classname="com.ananda.web.admin.tests.AnnouncementTest" name="verifyNoEditActionWhenNoSearchResult" time="0.603"/>
  <testcase classname="com.ananda.web.admin.tests.AnnouncementTest" name="verifyNoDeleteActionWhenNoSearchResult" time="0.607"/>
  <testcase classname="com.ananda.web.admin.tests.AnnouncementTest" name="verifySpecialCharacterSearchHandled" time="0.663"/>
  <testcase classname="com.ananda.web.admin.tests.AnnouncementTest" name="verifyVeryLongSearchHandled" time="0.769"/>
  <testcase classname="com.ananda.web.admin.tests.AnnouncementTest" name="verifySqlLikeSearchHandled" time="0.703"/>
</testsuite> <!-- Announcement Tests -->
