<?xml version="1.0" encoding="UTF-8"?>
<!-- Generated by org.testng.reporters.JUnitXMLReporter -->
<testsuite ignored="0" hostname="LAPTOP-M8JD7HBK" failures="0" tests="23" name="Announcement Tests" time="40.592" errors="0" timestamp="2026-03-27T00:01:48 IST">
  <testcase classname="com.ananda.web.admin.tests.AnnouncementTest" name="verifyAnnouncementTabLoads" time="0.088"/>
  <testcase classname="com.ananda.web.admin.tests.AnnouncementTest" name="verifySearchControlVisible" time="0.155"/>
  <testcase classname="com.ananda.web.admin.tests.AnnouncementTest" name="verifyAddAnnouncementButtonVisible" time="0.093"/>
  <testcase classname="com.ananda.web.admin.tests.AnnouncementTest" name="verifyAnnouncementTableHeadersVisible" time="0.802"/>
  <testcase classname="com.ananda.web.admin.tests.AnnouncementTest" name="verifyDateColumnFormat" time="0.33"/>
  <testcase classname="com.ananda.web.admin.tests.AnnouncementTest" name="verifySearchByTitle" time="0.0"/>
  <testcase classname="com.ananda.web.admin.tests.AnnouncementTest" name="verifySearchByPartialTitle" time="0.002"/>
  <testcase classname="com.ananda.web.admin.tests.AnnouncementTest" name="verifySearchCaseInsensitive" time="0.0"/>
  <testcase classname="com.ananda.web.admin.tests.AnnouncementTest" name="verifyClearSearchRestoresList" time="0.996"/>
  <testcase classname="com.ananda.web.admin.tests.AnnouncementTest" name="verifyViewAnnouncementFlow" time="0.727"/>
  <testcase classname="com.ananda.web.admin.tests.AnnouncementTest" name="verifyViewAnnouncementFieldsVisible" time="0.751"/>
  <testcase classname="com.ananda.web.admin.tests.AnnouncementTest" name="verifyEditAnnouncementFlow" time="1.706"/>
  <testcase classname="com.ananda.web.admin.tests.AnnouncementTest" name="verifyEditFormFieldsVisible" time="0.411"/>
  <testcase classname="com.ananda.web.admin.tests.AnnouncementTest" name="verifyAddAnnouncementFormOpens" time="2.419"/>
  <testcase classname="com.ananda.web.admin.tests.AnnouncementTest" name="verifyAddFormFieldsVisible" time="3.563"/>
  <testcase classname="com.ananda.web.admin.tests.AnnouncementTest" name="verifyDeletePopupOpenAndCancel" time="0.012"/>
  <testcase classname="com.ananda.web.admin.tests.AnnouncementTest" name="verifyInvalidSearchShowsNoResult" time="2.304"/>
  <testcase classname="com.ananda.web.admin.tests.AnnouncementTest" name="verifyNoViewActionWhenNoSearchResult" time="2.339"/>
  <testcase classname="com.ananda.web.admin.tests.AnnouncementTest" name="verifyNoEditActionWhenNoSearchResult" time="2.225"/>
  <testcase classname="com.ananda.web.admin.tests.AnnouncementTest" name="verifyNoDeleteActionWhenNoSearchResult" time="2.059"/>
  <testcase classname="com.ananda.web.admin.tests.AnnouncementTest" name="verifySpecialCharacterSearchHandled" time="0.886"/>
  <testcase classname="com.ananda.web.admin.tests.AnnouncementTest" name="verifyVeryLongSearchHandled" time="2.715"/>
  <testcase classname="com.ananda.web.admin.tests.AnnouncementTest" name="verifySqlLikeSearchHandled" time="0.936"/>
</testsuite> <!-- Announcement Tests -->
