<?xml version="1.0" encoding="UTF-8"?>
<!-- Generated by org.testng.reporters.JUnitXMLReporter -->
<testsuite ignored="0" hostname="LAPTOP-M8JD7HBK" failures="0" tests="14" name="Assessment Tests" time="55.817" errors="0" timestamp="2026-03-26T11:50:58 IST">
  <testcase classname="com.ananda.web.admin.tests.AssessmentTest" name="verifyAssessmentTabLoads" time="0.753"/>
  <testcase classname="com.ananda.web.admin.tests.AssessmentTest" name="verifySearchGeneralHealth" time="0.991"/>
  <testcase classname="com.ananda.web.admin.tests.AssessmentTest" name="verifyViewSearchedSection" time="13.3"/>
  <testcase classname="com.ananda.web.admin.tests.AssessmentTest" name="verifyDetailStatusChange" time="1.873"/>
  <testcase classname="com.ananda.web.admin.tests.AssessmentTest" name="verifyAssessmentBreadcrumbNavigation" time="0.036"/>
  <testcase classname="com.ananda.web.admin.tests.AssessmentTest" name="verifyAssessmentTableHeaders" time="1.367"/>
  <testcase classname="com.ananda.web.admin.tests.AssessmentTest" name="verifyQuestionCountColumnFormat" time="1.352"/>
  <testcase classname="com.ananda.web.admin.tests.AssessmentTest" name="verifyPositionColumnFormat" time="1.416"/>
  <testcase classname="com.ananda.web.admin.tests.AssessmentTest" name="verifyCreatedOnDateFormat" time="1.391"/>
  <testcase classname="com.ananda.web.admin.tests.AssessmentTest" name="verifyViewSectionDetailsContent" time="3.544"/>
  <testcase classname="com.ananda.web.admin.tests.AssessmentTest" name="verifyRequestForEditModalOpenAndFields" time="1.356"/>
  <testcase classname="com.ananda.web.admin.tests.AssessmentTest" name="verifyRequestForEditModalCancel" time="1.375"/>
  <testcase classname="com.ananda.web.admin.tests.AssessmentTest" name="verifyInvalidSearchShowsNoResult" time="2.208"/>
  <testcase classname="com.ananda.web.admin.tests.AssessmentTest" name="verifyNoViewActionWhenNoSearchResult" time="2.016"/>
</testsuite> <!-- Assessment Tests -->
