<?xml version="1.0" encoding="UTF-8"?>
<!-- Generated by org.testng.reporters.JUnitXMLReporter -->
<testsuite ignored="0" hostname="LAPTOP-M8JD7HBK" failures="0" tests="14" name="Consultant Ratings Tests" time="3.758" errors="0" timestamp="2026-03-27T00:03:22 IST">
  <testcase classname="com.ananda.web.admin.tests.ConsultantRatingsTest" name="verifyConsultantRatingsTabLoads" time="0.041"/>
  <testcase classname="com.ananda.web.admin.tests.ConsultantRatingsTest" name="verifyDateFiltersVisible" time="0.069"/>
  <testcase classname="com.ananda.web.admin.tests.ConsultantRatingsTest" name="verifyDownloadExcelVisible" time="0.088"/>
  <testcase classname="com.ananda.web.admin.tests.ConsultantRatingsTest" name="verifyConsultantRatingsTableHeaders" time="0.064"/>
  <testcase classname="com.ananda.web.admin.tests.ConsultantRatingsTest" name="verifyConsultantNameVisible" time="0.033"/>
  <testcase classname="com.ananda.web.admin.tests.ConsultantRatingsTest" name="verifyMetricCellsNumeric" time="0.034"/>
  <testcase classname="com.ananda.web.admin.tests.ConsultantRatingsTest" name="verifyPercentageCellsValid" time="0.078"/>
  <testcase classname="com.ananda.web.admin.tests.ConsultantRatingsTest" name="verifyDateRangeFilterUpdatesSafely" time="0.016"/>
  <testcase classname="com.ananda.web.admin.tests.ConsultantRatingsTest" name="verifyDownloadClickHandledSafely" time="0.23"/>
  <testcase classname="com.ananda.web.admin.tests.ConsultantRatingsTest" name="verifyRefreshStability" time="0.374"/>
  <testcase classname="com.ananda.web.admin.tests.ConsultantRatingsTest" name="verifyInvalidDateRangeHandled" time="0.001"/>
  <testcase classname="com.ananda.web.admin.tests.ConsultantRatingsTest" name="verifyNoDataDateRangeHandled" time="0.016"/>
  <testcase classname="com.ananda.web.admin.tests.ConsultantRatingsTest" name="verifyRepeatedDownloadClicksDoNotBreakUi" time="0.333"/>
  <testcase classname="com.ananda.web.admin.tests.ConsultantRatingsTest" name="verifyScrollStability" time="0.218"/>
</testsuite> <!-- Consultant Ratings Tests -->
