<?xml version="1.0" encoding="UTF-8"?>
<!-- Generated by org.testng.reporters.JUnitXMLReporter -->
<testsuite ignored="0" hostname="LAPTOP-M8JD7HBK" failures="0" tests="15" name="Guest Comments Tests" time="1.819" errors="0" timestamp="2026-03-26T11:54:05 IST">
  <testcase classname="com.ananda.web.admin.tests.GuestCommentsTest" name="verifyGuestCommentsTabLoads" time="0.046"/>
  <testcase classname="com.ananda.web.admin.tests.GuestCommentsTest" name="verifyDateFiltersVisible" time="0.063"/>
  <testcase classname="com.ananda.web.admin.tests.GuestCommentsTest" name="verifyDownloadExcelVisible" time="0.054"/>
  <testcase classname="com.ananda.web.admin.tests.GuestCommentsTest" name="verifyGuestCommentsTableHeaders" time="0.072"/>
  <testcase classname="com.ananda.web.admin.tests.GuestCommentsTest" name="verifyCheckOutDateFormat" time="0.007"/>
  <testcase classname="com.ananda.web.admin.tests.GuestCommentsTest" name="verifyHighlightsColumnHandled" time="0.008"/>
  <testcase classname="com.ananda.web.admin.tests.GuestCommentsTest" name="verifyImprovementColumnHandled" time="0.008"/>
  <testcase classname="com.ananda.web.admin.tests.GuestCommentsTest" name="verifyTherapistsRecognisedColumnHandled" time="0.009"/>
  <testcase classname="com.ananda.web.admin.tests.GuestCommentsTest" name="verifyServiceStaffRecognisedColumnHandled" time="0.011"/>
  <testcase classname="com.ananda.web.admin.tests.GuestCommentsTest" name="verifyDateRangeFilterUpdatesSafely" time="0.011"/>
  <testcase classname="com.ananda.web.admin.tests.GuestCommentsTest" name="verifyDownloadClickHandledSafely" time="0.112"/>
  <testcase classname="com.ananda.web.admin.tests.GuestCommentsTest" name="verifyInvalidDateRangeHandled" time="0.012"/>
  <testcase classname="com.ananda.web.admin.tests.GuestCommentsTest" name="verifyNoDataDateRangeHandled" time="0.013"/>
  <testcase classname="com.ananda.web.admin.tests.GuestCommentsTest" name="verifyRepeatedDownloadClicksDoNotBreakUi" time="0.041"/>
  <testcase classname="com.ananda.web.admin.tests.GuestCommentsTest" name="verifyScrollStability" time="0.16"/>
</testsuite> <!-- Guest Comments Tests -->
