<?xml version="1.0" encoding="UTF-8"?>
<!-- Generated by org.testng.reporters.JUnitXMLReporter -->
<testsuite ignored="0" hostname="LAPTOP-M8JD7HBK" failures="0" tests="20" name="Programs Tests" time="101.933" errors="0" timestamp="2026-03-26T23:51:38 IST">
  <testcase classname="com.ananda.web.admin.tests.ProgramsTest" name="verifyProgramsButton" time="0.393"/>
  <testcase classname="com.ananda.web.admin.tests.ProgramsTest" name="verifyFilterByLevel" time="28.661"/>
  <testcase classname="com.ananda.web.admin.tests.ProgramsTest" name="verifyDurationRange" time="0.462"/>
  <testcase classname="com.ananda.web.admin.tests.ProgramsTest" name="verifySearchFeature" time="2.899"/>
  <testcase classname="com.ananda.web.admin.tests.ProgramsTest" name="verifyStatusSelection" time="0.322"/>
  <testcase classname="com.ananda.web.admin.tests.ProgramsTest" name="verifySearchProgram1" time="0.079"/>
  <testcase classname="com.ananda.web.admin.tests.ProgramsTest" name="verifyViewProgram" time="25.997"/>
  <testcase classname="com.ananda.web.admin.tests.ProgramsTest" name="verifyDetailStatusChange" time="25.636"/>
  <testcase classname="com.ananda.web.admin.tests.ProgramsTest" name="verifyEditRequest" time="0.041"/>
  <testcase classname="com.ananda.web.admin.tests.ProgramsTest" name="verifyCancelEdit" time="0.116"/>
  <testcase classname="com.ananda.web.admin.tests.ProgramsTest" name="verifyBreadcrumb" time="2.081"/>
  <testcase classname="com.ananda.web.admin.tests.ProgramsTest" name="verifyProgramTableHeaders" time="1.334"/>
  <testcase classname="com.ananda.web.admin.tests.ProgramsTest" name="verifyViewProgramFieldVisibility" time="0.198"/>
  <testcase classname="com.ananda.web.admin.tests.ProgramsTest" name="verifyRequestForEditModalFields" time="0.27"/>
  <testcase classname="com.ananda.web.admin.tests.ProgramsTest" name="verifySearchWithInvalidKeyword" time="1.255"/>
  <testcase classname="com.ananda.web.admin.tests.ProgramsTest" name="verifyInvalidDurationRange" time="0.422"/>
  <testcase classname="com.ananda.web.admin.tests.ProgramsTest" name="verifyNoViewActionWhenNoResults" time="1.459"/>
  <testcase classname="com.ananda.web.admin.tests.ProgramsTest" name="verifySearchWithSpecialCharacterKeyword" time="0.425"/>
  <testcase classname="com.ananda.web.admin.tests.ProgramsTest" name="verifySearchWithVeryLongInvalidKeyword" time="1.669"/>
  <testcase classname="com.ananda.web.admin.tests.ProgramsTest" name="verifyMinGreaterThanMaxDuration" time="0.954"/>
</testsuite> <!-- Programs Tests -->
