<?xml version="1.0" encoding="UTF-8"?>
<!-- Generated by org.testng.reporters.JUnitXMLReporter -->
<testsuite ignored="0" hostname="LAPTOP-M8JD7HBK" failures="0" tests="18" name="Program Feedback Tests" time="3.901" errors="0" timestamp="2026-03-21T00:19:16 IST">
  <testcase classname="com.ananda.web.admin.tests.ProgramFeedbackTest" name="verifyProgramFeedbackTabLoads" time="0.02"/>
  <testcase classname="com.ananda.web.admin.tests.ProgramFeedbackTest" name="verifySearchControlVisible" time="0.047"/>
  <testcase classname="com.ananda.web.admin.tests.ProgramFeedbackTest" name="verifyDateFilterControlsVisible" time="0.114"/>
  <testcase classname="com.ananda.web.admin.tests.ProgramFeedbackTest" name="verifyProgramFeedbackTableHeaders" time="0.117"/>
  <testcase classname="com.ananda.web.admin.tests.ProgramFeedbackTest" name="verifyCheckInCheckOutDateRangeFormat" time="0.011"/>
  <testcase classname="com.ananda.web.admin.tests.ProgramFeedbackTest" name="verifySubmittedOnDateFormat" time="0.01"/>
  <testcase classname="com.ananda.web.admin.tests.ProgramFeedbackTest" name="verifySearchByProgramTitle" time="0.0"/>
  <testcase classname="com.ananda.web.admin.tests.ProgramFeedbackTest" name="verifySearchByGuestName" time="0.001"/>
  <testcase classname="com.ananda.web.admin.tests.ProgramFeedbackTest" name="verifySearchByPartialKeyword" time="0.001"/>
  <testcase classname="com.ananda.web.admin.tests.ProgramFeedbackTest" name="verifySearchCaseInsensitive" time="0.0"/>
  <testcase classname="com.ananda.web.admin.tests.ProgramFeedbackTest" name="verifyClearSearchRestoresList" time="0.092"/>
  <testcase classname="com.ananda.web.admin.tests.ProgramFeedbackTest" name="verifyViewProgramFeedbackFlow" time="0.009"/>
  <testcase classname="com.ananda.web.admin.tests.ProgramFeedbackTest" name="verifyViewPageHeaderFieldsVisible" time="0.01"/>
  <testcase classname="com.ananda.web.admin.tests.ProgramFeedbackTest" name="verifyFeedbackQuestionnaireSectionsVisible" time="0.027"/>
  <testcase classname="com.ananda.web.admin.tests.ProgramFeedbackTest" name="verifyInvalidSearchShowsNoResult" time="0.137"/>
  <testcase classname="com.ananda.web.admin.tests.ProgramFeedbackTest" name="verifyNoViewActionWhenNoSearchResult" time="0.107"/>
  <testcase classname="com.ananda.web.admin.tests.ProgramFeedbackTest" name="verifySpecialCharacterSearchHandled" time="0.296"/>
  <testcase classname="com.ananda.web.admin.tests.ProgramFeedbackTest" name="verifyVeryLongSearchHandled" time="0.23"/>
</testsuite> <!-- Program Feedback Tests -->
