<?xml version="1.0" encoding="UTF-8"?>
<!-- Generated by org.testng.reporters.JUnitXMLReporter -->
<testsuite ignored="0" hostname="LAPTOP-M8JD7HBK" failures="0" tests="20" name="Programs Tests" time="10.666" errors="0" timestamp="2026-03-26T11:50:02 IST">
  <testcase classname="com.ananda.web.admin.tests.ProgramsTest" name="verifyProgramsButton" time="0.049"/>
  <testcase classname="com.ananda.web.admin.tests.ProgramsTest" name="verifyFilterByLevel" time="1.233"/>
  <testcase classname="com.ananda.web.admin.tests.ProgramsTest" name="verifyDurationRange" time="0.116"/>
  <testcase classname="com.ananda.web.admin.tests.ProgramsTest" name="verifySearchFeature" time="0.228"/>
  <testcase classname="com.ananda.web.admin.tests.ProgramsTest" name="verifyStatusSelection" time="0.112"/>
  <testcase classname="com.ananda.web.admin.tests.ProgramsTest" name="verifySearchProgram1" time="0.032"/>
  <testcase classname="com.ananda.web.admin.tests.ProgramsTest" name="verifyViewProgram" time="0.086"/>
  <testcase classname="com.ananda.web.admin.tests.ProgramsTest" name="verifyDetailStatusChange" time="0.159"/>
  <testcase classname="com.ananda.web.admin.tests.ProgramsTest" name="verifyEditRequest" time="0.013"/>
  <testcase classname="com.ananda.web.admin.tests.ProgramsTest" name="verifyCancelEdit" time="0.039"/>
  <testcase classname="com.ananda.web.admin.tests.ProgramsTest" name="verifyBreadcrumb" time="0.322"/>
  <testcase classname="com.ananda.web.admin.tests.ProgramsTest" name="verifyProgramTableHeaders" time="0.701"/>
  <testcase classname="com.ananda.web.admin.tests.ProgramsTest" name="verifyViewProgramFieldVisibility" time="0.297"/>
  <testcase classname="com.ananda.web.admin.tests.ProgramsTest" name="verifyRequestForEditModalFields" time="0.34"/>
  <testcase classname="com.ananda.web.admin.tests.ProgramsTest" name="verifySearchWithInvalidKeyword" time="0.664"/>
  <testcase classname="com.ananda.web.admin.tests.ProgramsTest" name="verifyInvalidDurationRange" time="0.144"/>
  <testcase classname="com.ananda.web.admin.tests.ProgramsTest" name="verifyNoViewActionWhenNoResults" time="0.501"/>
  <testcase classname="com.ananda.web.admin.tests.ProgramsTest" name="verifySearchWithSpecialCharacterKeyword" time="0.697"/>
  <testcase classname="com.ananda.web.admin.tests.ProgramsTest" name="verifySearchWithVeryLongInvalidKeyword" time="0.476"/>
  <testcase classname="com.ananda.web.admin.tests.ProgramsTest" name="verifyMinGreaterThanMaxDuration" time="0.359"/>
</testsuite> <!-- Programs Tests -->
