<?xml version="1.0" encoding="UTF-8"?>
<!-- Generated by org.testng.reporters.JUnitXMLReporter -->
<testsuite ignored="0" hostname="LAPTOP-M8JD7HBK" failures="0" tests="20" name="QMS Scorecard Tests" time="33.194" errors="0" timestamp="2026-03-26T11:54:01 IST">
  <testcase classname="com.ananda.web.admin.tests.QMSScorecardTest" name="verifyQmsScorecardTabLoads" time="0.043"/>
  <testcase classname="com.ananda.web.admin.tests.QMSScorecardTest" name="verifyMonthDropdownVisible" time="0.216"/>
  <testcase classname="com.ananda.web.admin.tests.QMSScorecardTest" name="verifyYearDropdownVisible" time="0.192"/>
  <testcase classname="com.ananda.web.admin.tests.QMSScorecardTest" name="verifyDownloadExcelButtonVisible" time="0.203"/>
  <testcase classname="com.ananda.web.admin.tests.QMSScorecardTest" name="verifyMainSectionHeadersVisible" time="0.363"/>
  <testcase classname="com.ananda.web.admin.tests.QMSScorecardTest" name="verifyMetricColumnsVisible" time="0.386"/>
  <testcase classname="com.ananda.web.admin.tests.QMSScorecardTest" name="verifyNetPromoterScoreRowVisible" time="0.381"/>
  <testcase classname="com.ananda.web.admin.tests.QMSScorecardTest" name="verifyOverallQmsScoreRowVisible" time="0.419"/>
  <testcase classname="com.ananda.web.admin.tests.QMSScorecardTest" name="verifyWellnessObjectiveSectionVisible" time="0.399"/>
  <testcase classname="com.ananda.web.admin.tests.QMSScorecardTest" name="verifyConsultantsSectionVisible" time="0.414"/>
  <testcase classname="com.ananda.web.admin.tests.QMSScorecardTest" name="verifyNumericCellsFormatSafe" time="20.156"/>
  <testcase classname="com.ananda.web.admin.tests.QMSScorecardTest" name="verifyMonthSelectionUpdatesSafely" time="0.0"/>
  <testcase classname="com.ananda.web.admin.tests.QMSScorecardTest" name="verifyYearSelectionUpdatesSafely" time="0.0"/>
  <testcase classname="com.ananda.web.admin.tests.QMSScorecardTest" name="verifyDownloadButtonClickHandledSafely" time="0.057"/>
  <testcase classname="com.ananda.web.admin.tests.QMSScorecardTest" name="verifyRapidMonthSwitchStability" time="0.0"/>
  <testcase classname="com.ananda.web.admin.tests.QMSScorecardTest" name="verifyRapidYearSwitchStability" time="0.0"/>
  <testcase classname="com.ananda.web.admin.tests.QMSScorecardTest" name="verifyRefreshAfterFilterChangesStability" time="1.193"/>
  <testcase classname="com.ananda.web.admin.tests.QMSScorecardTest" name="verifyScrollAndUiStability" time="0.418"/>
  <testcase classname="com.ananda.web.admin.tests.QMSScorecardTest" name="verifyRepeatedDownloadClicksDoNotBreakUi" time="0.282"/>
  <testcase classname="com.ananda.web.admin.tests.QMSScorecardTest" name="verifyInvalidMonthYearInputHandledSafely" time="0.065"/>
</testsuite> <!-- QMS Scorecard Tests -->
