<?xml version="1.0" encoding="UTF-8"?>
<!-- Generated by org.testng.reporters.JUnitXMLReporter -->
<testsuite ignored="0" hostname="LAPTOP-M8JD7HBK" failures="0" tests="20" name="Testimonials Tests" time="29.901" errors="0" timestamp="2026-03-21T00:19:46 IST">
  <testcase classname="com.ananda.web.admin.tests.TestimonialsTest" name="verifyTestimonialsTabLoads" time="0.048"/>
  <testcase classname="com.ananda.web.admin.tests.TestimonialsTest" name="verifySearchControlVisible" time="0.064"/>
  <testcase classname="com.ananda.web.admin.tests.TestimonialsTest" name="verifyDateFilterControlsVisible" time="0.031"/>
  <testcase classname="com.ananda.web.admin.tests.TestimonialsTest" name="verifyTestimonialsTableHeaders" time="0.058"/>
  <testcase classname="com.ananda.web.admin.tests.TestimonialsTest" name="verifyCheckInCheckOutDateRangeFormat" time="0.01"/>
  <testcase classname="com.ananda.web.admin.tests.TestimonialsTest" name="verifySubmittedOnDateFormat" time="0.007"/>
  <testcase classname="com.ananda.web.admin.tests.TestimonialsTest" name="verifyStatusVisibleInRows" time="0.006"/>
  <testcase classname="com.ananda.web.admin.tests.TestimonialsTest" name="verifyMarkControlVisibleInRows" time="0.005"/>
  <testcase classname="com.ananda.web.admin.tests.TestimonialsTest" name="verifySearchByProgramTitle" time="0.0"/>
  <testcase classname="com.ananda.web.admin.tests.TestimonialsTest" name="verifySearchByGuestName" time="0.001"/>
  <testcase classname="com.ananda.web.admin.tests.TestimonialsTest" name="verifySearchByPartialKeyword" time="0.001"/>
  <testcase classname="com.ananda.web.admin.tests.TestimonialsTest" name="verifySearchCaseInsensitive" time="0.001"/>
  <testcase classname="com.ananda.web.admin.tests.TestimonialsTest" name="verifyClearSearchRestoresList" time="0.653"/>
  <testcase classname="com.ananda.web.admin.tests.TestimonialsTest" name="verifyDetailsTextVisible" time="0.003"/>
  <testcase classname="com.ananda.web.admin.tests.TestimonialsTest" name="verifyMarkToggleInteractionHandled" time="0.005"/>
  <testcase classname="com.ananda.web.admin.tests.TestimonialsTest" name="verifyInvalidSearchShowsNoResult" time="1.041"/>
  <testcase classname="com.ananda.web.admin.tests.TestimonialsTest" name="verifyNoMarkControlWhenNoSearchResult" time="1.048"/>
  <testcase classname="com.ananda.web.admin.tests.TestimonialsTest" name="verifySpecialCharacterSearchHandled" time="0.053"/>
  <testcase classname="com.ananda.web.admin.tests.TestimonialsTest" name="verifyVeryLongSearchHandled" time="0.079"/>
  <testcase classname="com.ananda.web.admin.tests.TestimonialsTest" name="verifyInvalidDateRangeHandled" time="0.058"/>
</testsuite> <!-- Testimonials Tests -->
