<?xml version="1.0" encoding="UTF-8"?>
<!-- Generated by org.testng.reporters.JUnitXMLReporter -->
<testsuite ignored="0" hostname="LAPTOP-M8JD7HBK" failures="0" tests="20" name="Testimonials Tests" time="15.957" errors="0" timestamp="2026-03-27T00:02:15 IST">
  <testcase classname="com.ananda.web.admin.tests.TestimonialsTest" name="verifyTestimonialsTabLoads" time="0.15"/>
  <testcase classname="com.ananda.web.admin.tests.TestimonialsTest" name="verifySearchControlVisible" time="0.124"/>
  <testcase classname="com.ananda.web.admin.tests.TestimonialsTest" name="verifyDateFilterControlsVisible" time="0.186"/>
  <testcase classname="com.ananda.web.admin.tests.TestimonialsTest" name="verifyTestimonialsTableHeaders" time="0.2"/>
  <testcase classname="com.ananda.web.admin.tests.TestimonialsTest" name="verifyCheckInCheckOutDateRangeFormat" time="0.011"/>
  <testcase classname="com.ananda.web.admin.tests.TestimonialsTest" name="verifySubmittedOnDateFormat" time="0.011"/>
  <testcase classname="com.ananda.web.admin.tests.TestimonialsTest" name="verifyStatusVisibleInRows" time="0.013"/>
  <testcase classname="com.ananda.web.admin.tests.TestimonialsTest" name="verifyMarkControlVisibleInRows" time="0.007"/>
  <testcase classname="com.ananda.web.admin.tests.TestimonialsTest" name="verifySearchByProgramTitle" time="0.002"/>
  <testcase classname="com.ananda.web.admin.tests.TestimonialsTest" name="verifySearchByGuestName" time="0.0"/>
  <testcase classname="com.ananda.web.admin.tests.TestimonialsTest" name="verifySearchByPartialKeyword" time="0.001"/>
  <testcase classname="com.ananda.web.admin.tests.TestimonialsTest" name="verifySearchCaseInsensitive" time="0.0"/>
  <testcase classname="com.ananda.web.admin.tests.TestimonialsTest" name="verifyClearSearchRestoresList" time="0.237"/>
  <testcase classname="com.ananda.web.admin.tests.TestimonialsTest" name="verifyDetailsTextVisible" time="0.013"/>
  <testcase classname="com.ananda.web.admin.tests.TestimonialsTest" name="verifyMarkToggleInteractionHandled" time="0.0"/>
  <testcase classname="com.ananda.web.admin.tests.TestimonialsTest" name="verifyInvalidSearchShowsNoResult" time="1.127"/>
  <testcase classname="com.ananda.web.admin.tests.TestimonialsTest" name="verifyNoMarkControlWhenNoSearchResult" time="1.012"/>
  <testcase classname="com.ananda.web.admin.tests.TestimonialsTest" name="verifySpecialCharacterSearchHandled" time="0.769"/>
  <testcase classname="com.ananda.web.admin.tests.TestimonialsTest" name="verifyVeryLongSearchHandled" time="3.654"/>
  <testcase classname="com.ananda.web.admin.tests.TestimonialsTest" name="verifyInvalidDateRangeHandled" time="0.017"/>
</testsuite> <!-- Testimonials Tests -->
