<?xml version="1.0" encoding="UTF-8"?>
<!-- Generated by org.testng.reporters.JUnitXMLReporter -->
<testsuite ignored="0" hostname="LAPTOP-M8JD7HBK" failures="0" tests="16" name="Therapist Sessions Tests" time="3.188" errors="0" timestamp="2026-03-21T00:20:10 IST">
  <testcase classname="com.ananda.web.admin.tests.TherapistSessionsTest" name="verifyTherapistSessionsTabLoads" time="0.043"/>
  <testcase classname="com.ananda.web.admin.tests.TherapistSessionsTest" name="verifySearchControlVisible" time="0.062"/>
  <testcase classname="com.ananda.web.admin.tests.TherapistSessionsTest" name="verifyTherapistDropdownVisible" time="0.123"/>
  <testcase classname="com.ananda.web.admin.tests.TherapistSessionsTest" name="verifyDateFilterVisible" time="0.063"/>
  <testcase classname="com.ananda.web.admin.tests.TherapistSessionsTest" name="verifyDownloadExcelVisible" time="0.064"/>
  <testcase classname="com.ananda.web.admin.tests.TherapistSessionsTest" name="verifyTherapistSessionsTableHeaders" time="0.053"/>
  <testcase classname="com.ananda.web.admin.tests.TherapistSessionsTest" name="verifySessionTimeFormat" time="0.005"/>
  <testcase classname="com.ananda.web.admin.tests.TherapistSessionsTest" name="verifySearchByGuestName" time="0.0"/>
  <testcase classname="com.ananda.web.admin.tests.TherapistSessionsTest" name="verifySearchByPartialGuestName" time="0.002"/>
  <testcase classname="com.ananda.web.admin.tests.TherapistSessionsTest" name="verifySearchCaseInsensitive" time="0.0"/>
  <testcase classname="com.ananda.web.admin.tests.TherapistSessionsTest" name="verifyTherapistFilterHandled" time="0.012"/>
  <testcase classname="com.ananda.web.admin.tests.TherapistSessionsTest" name="verifyDownloadClickHandledSafely" time="0.01"/>
  <testcase classname="com.ananda.web.admin.tests.TherapistSessionsTest" name="verifyInvalidSearchShowsNoResult" time="0.059"/>
  <testcase classname="com.ananda.web.admin.tests.TherapistSessionsTest" name="verifySpecialCharacterSearchHandled" time="0.246"/>
  <testcase classname="com.ananda.web.admin.tests.TherapistSessionsTest" name="verifyVeryLongSearchHandled" time="0.131"/>
  <testcase classname="com.ananda.web.admin.tests.TherapistSessionsTest" name="verifyInvalidTherapistSelectionHandledSafely" time="0.011"/>
</testsuite> <!-- Therapist Sessions Tests -->
