<?xml version="1.0" encoding="UTF-8"?>
<!-- Generated by org.testng.reporters.JUnitXMLReporter -->
<testsuite ignored="0" hostname="LAPTOP-M8JD7HBK" failures="0" tests="18" name="User Role Tests" time="19.876" errors="0" timestamp="2026-03-26T23:59:27 IST">
  <testcase classname="com.ananda.web.admin.tests.UserRoleTest" name="verifyUserRolePageLoads" time="0.02"/>
  <testcase classname="com.ananda.web.admin.tests.UserRoleTest" name="verifySearchControlVisible" time="0.068"/>
  <testcase classname="com.ananda.web.admin.tests.UserRoleTest" name="verifyNewRoleButtonVisible" time="0.023"/>
  <testcase classname="com.ananda.web.admin.tests.UserRoleTest" name="verifyUserRoleTableHeaders" time="0.783"/>
  <testcase classname="com.ananda.web.admin.tests.UserRoleTest" name="verifySearchByRoleTitle" time="0.0"/>
  <testcase classname="com.ananda.web.admin.tests.UserRoleTest" name="verifySearchByPartialRoleTitle" time="0.002"/>
  <testcase classname="com.ananda.web.admin.tests.UserRoleTest" name="verifySearchIsCaseInsensitive" time="0.0"/>
  <testcase classname="com.ananda.web.admin.tests.UserRoleTest" name="verifyEditRoleModalOpenAndFields" time="0.895"/>
  <testcase classname="com.ananda.web.admin.tests.UserRoleTest" name="verifyEditRolePrefilledData" time="0.875"/>
  <testcase classname="com.ananda.web.admin.tests.UserRoleTest" name="verifyEditModalCancel" time="1.086"/>
  <testcase classname="com.ananda.web.admin.tests.UserRoleTest" name="verifyAddRoleModalOpenAndFields" time="0.057"/>
  <testcase classname="com.ananda.web.admin.tests.UserRoleTest" name="verifyStatusControlVisible" time="0.562"/>
  <testcase classname="com.ananda.web.admin.tests.UserRoleTest" name="verifyStatusToggleOptional" time="0.0"/>
  <testcase classname="com.ananda.web.admin.tests.UserRoleTest" name="verifyDeleteActionVisible" time="0.017"/>
  <testcase classname="com.ananda.web.admin.tests.UserRoleTest" name="verifyDeletePopupOpenAndCancel" time="0.692"/>
  <testcase classname="com.ananda.web.admin.tests.UserRoleTest" name="verifyInvalidSearchShowsNoResult" time="2.057"/>
  <testcase classname="com.ananda.web.admin.tests.UserRoleTest" name="verifySpecialCharacterSearchHandled" time="1.651"/>
  <testcase classname="com.ananda.web.admin.tests.UserRoleTest" name="verifyVeryLongSearchHandled" time="2.818"/>
</testsuite> <!-- User Role Tests -->
